<?xml version="1.0" encoding="UTF-8" ?>
<testsuite tests="25" failures="0" name="runners.CalculatorRunner" time="78.626" errors="3" skipped="3">
  <properties>
[...]
</properties>
  <testcase classname="| 7 | 8 | op_add |" name="Given I start the calculator" time="0"/>
  <testcase classname="| 7 | 8 | op_add |" name="When I click the first 7" time="0.002">
    <error type="java.lang.NullPointerException">java.lang.NullPointerException
	at api.apps.myCalculator.steps.CalculatorSteps.i_click_the_first(CalculatorSteps.java:105)
	at ✽.When I click the first 7(calculator.feature:26)
</error>
  </testcase>
  <testcase classname="| 7 | 8 | op_add |" name="| 7 | 8 | op_add |" time="0.002">
    <error type="java.lang.NullPointerException">java.lang.NullPointerException
	at api.apps.myCalculator.steps.CalculatorSteps.i_click_the_first(CalculatorSteps.java:105)
	at ✽.When I click the first 7(calculator.feature:26)
</error>
  </testcase>
  <testcase classname="| 7 | 8 | op_add |" name="Then I click an operator op_add" time="0.002">
    <skipped/>
  </testcase>
  <testcase classname="| 7 | 8 | op_add |" name="And I click the second 8" time="0.002">
    <skipped/>
  </testcase>
  <testcase classname="| 7 | 8 | op_add |" name="And I click equal" time="0.002">
    <skipped/>
  </testcase>
  <testcase classname="| 7 | 8 | op_add |" name="| 7 | 8 | op_add |" time="0.003">
    <error type="java.lang.NullPointerException">java.lang.NullPointerException
	at api.apps.myCalculator.steps.CalculatorSteps.finishTest(CalculatorSteps.java:161)
	at sun.reflect.NativeMethodAccessorImpl.invoke0(Native Method)
	at sun.reflect.NativeMethodAccessorImpl.invoke(NativeMethodAccessorImpl.java:62)
	at sun.reflect.DelegatingMethodAccessorImpl.invoke(DelegatingMethodAccessorImpl.java:43)
	at java.lang.reflect.Method.invoke(Method.java:498)
	at cucumber.runtime.Utils$1.call(Utils.java:40)
	at cucumber.runtime.Timeout.timeout(Timeout.java:16)
	at cucumber.runtime.Utils.invoke(Utils.java:34)
	at cucumber.runtime.java.JavaHookDefinition.execute(JavaHookDefinition.java:60)
	at cucumber.runtime.Runtime.runHookIfTagsMatch(Runtime.java:224)
	at cucumber.runtime.Runtime.runHooks(Runtime.java:212)
	at cucumber.runtime.Runtime.runAfterHooks(Runtime.java:206)
	at cucumber.runtime.model.CucumberScenario.run(CucumberScenario.java:46)
	at cucumber.runtime.junit.ExecutionUnitRunner.run(ExecutionUnitRunner.java:102)
	at org.junit.runners.Suite.runChild(Suite.java:128)
	at org.junit.runners.Suite.runChild(Suite.java:27)
	at org.junit.runners.ParentRunner$3.run(ParentRunner.java:290)
	at org.junit.runners.ParentRunner$1.schedule(ParentRunner.java:71)
	at org.junit.runners.ParentRunner.runChildren(ParentRunner.java:288)
	at org.junit.runners.ParentRunner.access$000(ParentRunner.java:58)
	at org.junit.runners.ParentRunner$2.evaluate(ParentRunner.java:268)
	at org.junit.runners.ParentRunner.run(ParentRunner.java:363)
	at cucumber.runtime.junit.ExamplesRunner.run(ExamplesRunner.java:59)
	at org.junit.runners.Suite.runChild(Suite.java:128)
	at org.junit.runners.Suite.runChild(Suite.java:27)
	at org.junit.runners.ParentRunner$3.run(ParentRunner.java:290)
	at org.junit.runners.ParentRunner$1.schedule(ParentRunner.java:71)
	at org.junit.runners.ParentRunner.runChildren(ParentRunner.java:288)
	at org.junit.runners.ParentRunner.access$000(ParentRunner.java:58)
	at org.junit.runners.ParentRunner$2.evaluate(ParentRunner.java:268)
	at org.junit.runners.ParentRunner.run(ParentRunner.java:363)
	at cucumber.runtime.junit.ScenarioOutlineRunner.run(ScenarioOutlineRunner.java:53)
	at cucumber.runtime.junit.FeatureRunner.runChild(FeatureRunner.java:63)
	at cucumber.runtime.junit.FeatureRunner.runChild(FeatureRunner.java:18)
	at org.junit.runners.ParentRunner$3.run(ParentRunner.java:290)
	at org.junit.runners.ParentRunner$1.schedule(ParentRunner.java:71)
	at org.junit.runners.ParentRunner.runChildren(ParentRunner.java:288)
	at org.junit.runners.ParentRunner.access$000(ParentRunner.java:58)
	at org.junit.runners.ParentRunner$2.evaluate(ParentRunner.java:268)
	at org.junit.runners.ParentRunner.run(ParentRunner.java:363)
	at cucumber.runtime.junit.FeatureRunner.run(FeatureRunner.java:70)
	at cucumber.api.junit.Cucumber.runChild(Cucumber.java:95)
	at cucumber.api.junit.Cucumber.runChild(Cucumber.java:38)
	at org.junit.runners.ParentRunner$3.run(ParentRunner.java:290)
	at org.junit.runners.ParentRunner$1.schedule(ParentRunner.java:71)
	at org.junit.runners.ParentRunner.runChildren(ParentRunner.java:288)
	at org.junit.runners.ParentRunner.access$000(ParentRunner.java:58)
	at org.junit.runners.ParentRunner$2.evaluate(ParentRunner.java:268)
	at org.junit.runners.ParentRunner.run(ParentRunner.java:363)
	at cucumber.api.junit.Cucumber.run(Cucumber.java:100)
	at org.apache.maven.surefire.junit4.JUnit4TestSet.execute(JUnit4TestSet.java:53)
	at org.apache.maven.surefire.junit4.JUnit4Provider.executeTestSet(JUnit4Provider.java:123)
	at org.apache.maven.surefire.junit4.JUnit4Provider.invoke(JUnit4Provider.java:104)
	at sun.reflect.NativeMethodAccessorImpl.invoke0(Native Method)
	at sun.reflect.NativeMethodAccessorImpl.invoke(NativeMethodAccessorImpl.java:62)
	at sun.reflect.DelegatingMethodAccessorImpl.invoke(DelegatingMethodAccessorImpl.java:43)
	at java.lang.reflect.Method.invoke(Method.java:498)
	at org.apache.maven.surefire.util.ReflectionUtils.invokeMethodWithArray(ReflectionUtils.java:164)
	at org.apache.maven.surefire.booter.ProviderFactory$ProviderProxy.invoke(ProviderFactory.java:110)
	at org.apache.maven.surefire.booter.SurefireStarter.invokeProvider(SurefireStarter.java:175)
	at org.apache.maven.surefire.booter.SurefireStarter.runSuitesInProcessWhenForked(SurefireStarter.java:107)
	at org.apache.maven.surefire.booter.ForkedBooter.main(ForkedBooter.java:68)
</error>
  </testcase>
  <testcase classname="| 3 | 7 | op_mul |" name="Given I start the calculator" time="0"/>
  <testcase classname="| 3 | 7 | op_mul |" name="When I click the first 3" time="0"/>
  <testcase classname="| 3 | 7 | op_mul |" name="Then I click an operator op_mul" time="0"/>
  <testcase classname="| 3 | 7 | op_mul |" name="And I click the second 7" time="0"/>
  <testcase classname="| 3 | 7 | op_mul |" name="And I click equal" time="0"/>
  <testcase classname="| 3 | 7 | op_mul |" name="| 3 | 7 | op_mul |" time="2.925"/>
  <testcase classname="| 3 | 3 | op_sub |" name="Given I start the calculator" time="0"/>
  <testcase classname="| 3 | 3 | op_sub |" name="When I click the first 3" time="0"/>
  <testcase classname="| 3 | 3 | op_sub |" name="Then I click an operator op_sub" time="0"/>
  <testcase classname="| 3 | 3 | op_sub |" name="And I click the second 3" time="0"/>
  <testcase classname="| 3 | 3 | op_sub |" name="And I click equal" time="0"/>
  <testcase classname="| 3 | 3 | op_sub |" name="| 3 | 3 | op_sub |" time="3.17"/>
  <testcase classname="| 3 | 3 | op_div |" name="Given I start the calculator" time="0"/>
  <testcase classname="| 3 | 3 | op_div |" name="When I click the first 3" time="0"/>
  <testcase classname="| 3 | 3 | op_div |" name="Then I click an operator op_div" time="0"/>
  <testcase classname="| 3 | 3 | op_div |" name="And I click the second 3" time="0"/>
  <testcase classname="| 3 | 3 | op_div |" name="And I click equal" time="0.001"/>
  <testcase classname="| 3 | 3 | op_div |" name="| 3 | 3 | op_div |" time="2.426"/>
</testsuite>