<?xml version="1.0" encoding="UTF-8" ?>
<testsuite tests="32" failures="0" name="runners.TripPlanerRunner" time="122.698" errors="0" skipped="0">
  <properties>
[...]
</properties>
  <testcase classname="| Mainz Hbf | Leipzig Hbf |" name="Given navigator is started" time="0"/>
  <testcase classname="| Mainz Hbf | Leipzig Hbf |" name="Then I enter the start station Mainz Hbf" time="0"/>
  <testcase classname="| Mainz Hbf | Leipzig Hbf |" name="Then I enter the destination station Leipzig Hbf" time="0"/>
  <testcase classname="| Mainz Hbf | Leipzig Hbf |" name="Then I click the day picker" time="0"/>
  <testcase classname="| Mainz Hbf | Leipzig Hbf |" name="Then I select the travel date" time="0"/>
  <testcase classname="| Mainz Hbf | Leipzig Hbf |" name="Then I click the done button" time="0"/>
  <testcase classname="| Mainz Hbf | Leipzig Hbf |" name="And I click the search button" time="0"/>
  <testcase classname="| Mainz Hbf | Leipzig Hbf |" name="And I scroll down to later button" time="0"/>
  <testcase classname="| Mainz Hbf | Leipzig Hbf |" name="Then I scroll up to earlier button" time="0"/>
  <testcase classname="| Mainz Hbf | Leipzig Hbf |" name="Then I scroll back to later button" time="0"/>
  <testcase classname="| Mainz Hbf | Leipzig Hbf |" name="And I click later button" time="0.001"/>
  <testcase classname="| Mainz Hbf | Leipzig Hbf |" name="Then I select a trip" time="0"/>
  <testcase classname="| Mainz Hbf | Leipzig Hbf |" name="Then I click mfe button" time="0"/>
  <testcase classname="| Mainz Hbf | Leipzig Hbf |" name="Then I click operation days" time="0"/>
  <testcase classname="| Mainz Hbf | Leipzig Hbf |" name="Then I click back button" time="0"/>
  <testcase classname="| Mainz Hbf | Leipzig Hbf |" name="| Mainz Hbf | Leipzig Hbf |" time="3.129"/>
  <testcase classname="Given navigator is started(| Frankfurt(Main)Hbf | Frankfurt(Main)Flugh |)" name="Given navigator is started" time="0"/>
  <testcase classname="Then I enter the start station Frankfurt(Main)Hbf(| Frankfurt(Main)Hbf | Frankfurt(Main)Flugh |)" name="Then I enter the start station Frankfurt" time="0.001"/>
  <testcase classname="Then I enter the destination station Frankfurt(Main)Flugh(| Frankfurt(Main)Hbf | Frankfurt(Main)Flugh |)" name="Then I enter the destination station Frankfurt" time="0"/>
  <testcase classname="Then I click the day picker(| Frankfurt(Main)Hbf | Frankfurt(Main)Flugh |)" name="Then I click the day picker" time="0.001"/>
  <testcase classname="Then I select the travel date(| Frankfurt(Main)Hbf | Frankfurt(Main)Flugh |)" name="Then I select the travel date" time="0"/>
  <testcase classname="Then I click the done button(| Frankfurt(Main)Hbf | Frankfurt(Main)Flugh |)" name="Then I click the done button" time="0"/>
  <testcase classname="And I click the search button(| Frankfurt(Main)Hbf | Frankfurt(Main)Flugh |)" name="And I click the search button" time="0"/>
  <testcase classname="And I scroll down to later button(| Frankfurt(Main)Hbf | Frankfurt(Main)Flugh |)" name="And I scroll down to later button" time="0"/>
  <testcase classname="Then I scroll up to earlier button(| Frankfurt(Main)Hbf | Frankfurt(Main)Flugh |)" name="Then I scroll up to earlier button" time="0"/>
  <testcase classname="Then I scroll back to later button(| Frankfurt(Main)Hbf | Frankfurt(Main)Flugh |)" name="Then I scroll back to later button" time="0"/>
  <testcase classname="And I click later button(| Frankfurt(Main)Hbf | Frankfurt(Main)Flugh |)" name="And I click later button" time="0"/>
  <testcase classname="Then I select a trip(| Frankfurt(Main)Hbf | Frankfurt(Main)Flugh |)" name="Then I select a trip" time="0"/>
  <testcase classname="Then I click mfe button(| Frankfurt(Main)Hbf | Frankfurt(Main)Flugh |)" name="Then I click mfe button" time="0"/>
  <testcase classname="Then I click operation days(| Frankfurt(Main)Hbf | Frankfurt(Main)Flugh |)" name="Then I click operation days" time="0"/>
  <testcase classname="Then I click back button(| Frankfurt(Main)Hbf | Frankfurt(Main)Flugh |)" name="Then I click back button" time="0.001"/>
  <testcase classname="| Frankfurt(Main)Hbf | Frankfurt(Main)Flugh |" name="| Frankfurt" time="2.265"/>
</testsuite>