<?xml version="1.0" encoding="UTF-8" ?>
<testsuite tests="34" failures="2" name="runners.TripPlanerRunner" time="188.344" errors="4" skipped="27">
  <properties>
[...]
</properties>
  <testcase classname="| Mainz Hbf | Leipzig Hbf |" name="Given navigator is started" time="0.001"/>
  <testcase classname="| Mainz Hbf | Leipzig Hbf |" name="Then I enter the start station Mainz Hbf" time="0.174">
    <error message="A session is either terminated or not started (WARNING: The server did not provide any stacktrace information)
Command duration or timeout: 122.06 seconds
Build info: version: &apos;3.4.0&apos;, revision: &apos;unknown&apos;, time: &apos;unknown&apos;
System info: host: &apos;BK7N00066974&apos;, ip: &apos;192.168.56.1&apos;, os.name: &apos;Windows 7&apos;, os.arch: &apos;amd64&apos;, os.version: &apos;6.1&apos;, java.version: &apos;1.8.0_144&apos;
Driver info: io.appium.java_client.android.AndroidDriver
Capabilities [{appPackage=de.hafas.android.db, deviceScreenSize=1080x1920, networkConnectionEnabled=true, warnings={}, databaseEnabled=false, deviceName=emulator-5556, platform=LINUX, deviceUDID=emulator-5556, appActivity=de.hafas.main.HafasApp, desired={appPackage=de.hafas.android.db, appActivity=de.hafas.main.HafasApp, newCommandTimeout=60.0, platformVersion=7.0, browserName=Android, platformName=Android, udid=emulator-5556, deviceName=emulator-5556}, newCommandTimeout=60.0, platformVersion=7.0, webStorageEnabled=false, locationContextEnabled=false, takesScreenshot=true, browserName=Android, javascriptEnabled=true, deviceModel=Android SDK built for x86, platformName=Android, udid=emulator-5556, deviceManufacturer=Google}]
Session ID: be48fa63-1a12-49d8-a87e-f6f7fc3277f7
*** Element info: {Using=xpath, value=//android.widget.LinearLayout[@content-desc=&apos;Mainz Hbf&apos;]}" type="org.openqa.selenium.NoSuchSessionException">org.openqa.selenium.NoSuchSessionException: A session is either terminated or not started (WARNING: The server did not provide any stacktrace information)
Command duration or timeout: 122.06 seconds
Build info: version: &apos;3.4.0&apos;, revision: &apos;unknown&apos;, time: &apos;unknown&apos;
System info: host: &apos;BK7N00066974&apos;, ip: &apos;192.168.56.1&apos;, os.name: &apos;Windows 7&apos;, os.arch: &apos;amd64&apos;, os.version: &apos;6.1&apos;, java.version: &apos;1.8.0_144&apos;
Driver info: io.appium.java_client.android.AndroidDriver
Capabilities [{appPackage=de.hafas.android.db, deviceScreenSize=1080x1920, networkConnectionEnabled=true, warnings={}, databaseEnabled=false, deviceName=emulator-5556, platform=LINUX, deviceUDID=emulator-5556, appActivity=de.hafas.main.HafasApp, desired={appPackage=de.hafas.android.db, appActivity=de.hafas.main.HafasApp, newCommandTimeout=60.0, platformVersion=7.0, browserName=Android, platformName=Android, udid=emulator-5556, deviceName=emulator-5556}, newCommandTimeout=60.0, platformVersion=7.0, webStorageEnabled=false, locationContextEnabled=false, takesScreenshot=true, browserName=Android, javascriptEnabled=true, deviceModel=Android SDK built for x86, platformName=Android, udid=emulator-5556, deviceManufacturer=Google}]
Session ID: be48fa63-1a12-49d8-a87e-f6f7fc3277f7
*** Element info: {Using=xpath, value=//android.widget.LinearLayout[@content-desc=&apos;Mainz Hbf&apos;]}
	at sun.reflect.NativeConstructorAccessorImpl.newInstance0(Native Method)
	at sun.reflect.NativeConstructorAccessorImpl.newInstance(NativeConstructorAccessorImpl.java:62)
	at sun.reflect.DelegatingConstructorAccessorImpl.newInstance(DelegatingConstructorAccessorImpl.java:45)
	at java.lang.reflect.Constructor.newInstance(Constructor.java:423)
	at org.openqa.selenium.remote.ErrorHandler.createThrowable(ErrorHandler.java:215)
	at org.openqa.selenium.remote.ErrorHandler.throwIfResponseFailed(ErrorHandler.java:167)
	at org.openqa.selenium.remote.RemoteWebDriver.execute(RemoteWebDriver.java:671)
	at io.appium.java_client.DefaultGenericMobileDriver.execute(DefaultGenericMobileDriver.java:40)
	at io.appium.java_client.AppiumDriver.execute(AppiumDriver.java:1)
	at io.appium.java_client.android.AndroidDriver.execute(AndroidDriver.java:1)
	at org.openqa.selenium.remote.RemoteWebDriver.findElement(RemoteWebDriver.java:410)
	at io.appium.java_client.DefaultGenericMobileDriver.findElement(DefaultGenericMobileDriver.java:56)
	at io.appium.java_client.AppiumDriver.findElement(AppiumDriver.java:1)
	at io.appium.java_client.android.AndroidDriver.findElement(AndroidDriver.java:1)
	at org.openqa.selenium.remote.RemoteWebDriver.findElementByXPath(RemoteWebDriver.java:509)
	at io.appium.java_client.DefaultGenericMobileDriver.findElementByXPath(DefaultGenericMobileDriver.java:134)
	at io.appium.java_client.AppiumDriver.findElementByXPath(AppiumDriver.java:1)
	at io.appium.java_client.android.AndroidDriver.findElementByXPath(AndroidDriver.java:1)
	at core.UIObjectWrapper.tap(UIObjectWrapper.java:187)
	at api.apps.navigator.tripPlaner.TripInformation.clickStationNameInList(TripInformation.java:55)
	at api.apps.navigator.testSteps.TravelInformationSteps.i_enter_the_start_station(TravelInformationSteps.java:145)
	at ✽.Then I enter the start station Mainz Hbf(travelinformation.feature:26)
</error>
    <system-out>[HTTP] --&gt; POST /wd/hub/session/be48fa63-1a12-49d8-a87e-f6f7fc3277f7/element {&quot;using&quot;:&quot;-android uiautomator&quot;,&quot;value&quot;:&quot; new UiSelector().resourceId(\&quot;de.hafas.android.db:id/input_start\&quot;)&quot;}
[debug] [MJSONWP] Calling AppiumDriver.findElement() with args: [&quot;-android uiautomator&quot;,&quot; new UiSelector().resourceId(\&quot;de.hafas.android.db:id/input_start\&quot;)&quot;,&quot;be48fa63-1a12-49d8-a87e-f6f7fc3277f7&quot;]
[debug] [BaseDriver] Valid locator strategies for this request: xpath, id, class name, accessibility id, -android uiautomator
[debug] [BaseDriver] Valid locator strategies for this request: xpath, id, class name, accessibility id, -android uiautomator
[debug] [BaseDriver] Waiting up to 30000 ms for condition
[debug] [AndroidBootstrap] Sending command to android: {&quot;cmd&quot;:&quot;action&quot;,&quot;action&quot;:&quot;find&quot;,&quot;params&quot;:{&quot;strategy&quot;:&quot;-android uiautomator&quot;,&quot;selector&quot;:&quot; new UiSelector().resourceId(\&quot;de.hafas.android.db:id/input_start\&quot;)&quot;,&quot;context&quot;:&quot;&quot;,&quot;multiple&quot;:false}}
[debug] [AndroidBootstrap] [BOOTSTRAP LOG] [debug] Got data from client: {&quot;cmd&quot;:&quot;action&quot;,&quot;action&quot;:&quot;find&quot;,&quot;params&quot;:{&quot;strategy&quot;:&quot;-android uiautomator&quot;,&quot;selector&quot;:&quot; new UiSelector().resourceId(\&quot;de.hafas.android.db:id/input_start\&quot;)&quot;,&quot;context&quot;:&quot;&quot;,&quot;multiple&quot;:false}}
[debug] [AndroidBootstrap] [BOOTSTRAP LOG] [debug] Got command of type ACTION
[debug] [AndroidBootstrap] [BOOTSTRAP LOG] [debug] Got command action: find
[debug] [AndroidBootstrap] [BOOTSTRAP LOG] [debug] Finding &apos; new UiSelector().resourceId(&quot;de.hafas.android.db:id/input_start&quot;)&apos; using &apos;ANDROID_UIAUTOMATOR&apos; with the contextId: &apos;&apos; multiple: false
[debug] [AndroidBootstrap] [BOOTSTRAP LOG] [debug] Parsing selector: new UiSelector().resourceId(&quot;de.hafas.android.db:id/input_start&quot;)
[debug] [AndroidBootstrap] [BOOTSTRAP LOG] [debug] UiSelector coerce type: class java.lang.String arg: &quot;de.hafas.android.db:id/input_start&quot;
[debug] [AndroidBootstrap] [BOOTSTRAP LOG] [debug] Using: UiSelector[RESOURCE_ID=de.hafas.android.db:id/input_start]
[debug] [AndroidBootstrap] [BOOTSTRAP LOG] [debug] Returning result: {&quot;status&quot;:0,&quot;value&quot;:{&quot;ELEMENT&quot;:&quot;1&quot;}}
[debug] [AndroidBootstrap] Received command result from bootstrap
[debug] [MJSONWP] Responding to client with driver.findElement() result: {&quot;ELEMENT&quot;:&quot;1&quot;}
[HTTP] &lt;-- POST /wd/hub/session/be48fa63-1a12-49d8-a87e-f6f7fc3277f7/element 200 160 ms - 87 
[HTTP] --&gt; POST /wd/hub/session/be48fa63-1a12-49d8-a87e-f6f7fc3277f7/element/1/click {&quot;id&quot;:&quot;1&quot;}
[debug] [MJSONWP] Calling AppiumDriver.click() with args: [&quot;1&quot;,&quot;be48fa63-1a12-49d8-a87e-f6f7fc3277f7&quot;]
[debug] [AndroidBootstrap] Sending command to android: {&quot;cmd&quot;:&quot;action&quot;,&quot;action&quot;:&quot;element:click&quot;,&quot;params&quot;:{&quot;elementId&quot;:&quot;1&quot;}}
[debug] [AndroidBootstrap] [BOOTSTRAP LOG] [debug] Got data from client: {&quot;cmd&quot;:&quot;action&quot;,&quot;action&quot;:&quot;element:click&quot;,&quot;params&quot;:{&quot;elementId&quot;:&quot;1&quot;}}
[debug] [AndroidBootstrap] [BOOTSTRAP LOG] [debug] Got command of type ACTION
[debug] [AndroidBootstrap] [BOOTSTRAP LOG] [debug] Got command action: click
[debug] [AndroidBootstrap] [BOOTSTRAP LOG] [debug] Returning result: {&quot;status&quot;:0,&quot;value&quot;:true}
[debug] [AndroidBootstrap] Received command result from bootstrap
[debug] [MJSONWP] Responding to client with driver.click() result: true
[HTTP] &lt;-- POST /wd/hub/session/be48fa63-1a12-49d8-a87e-f6f7fc3277f7/element/1/click 200 165 ms - 76 
[HTTP] --&gt; POST /wd/hub/session/be48fa63-1a12-49d8-a87e-f6f7fc3277f7/element {&quot;using&quot;:&quot;-android uiautomator&quot;,&quot;value&quot;:&quot; new UiSelector().resourceId(\&quot;de.hafas.android.db:id/input_location_name\&quot;)&quot;}
[debug] [MJSONWP] Calling AppiumDriver.findElement() with args: [&quot;-android uiautomator&quot;,&quot; new UiSelector().resourceId(\&quot;de.hafas.android.db:id/input_location_name\&quot;)&quot;,&quot;be48fa63-1a12-49d8-a87e-f6f7fc3277f7&quot;]
[debug] [BaseDriver] Valid locator strategies for this request: xpath, id, class name, accessibility id, -android uiautomator
[debug] [BaseDriver] Valid locator strategies for this request: xpath, id, class name, accessibility id, -android uiautomator
[debug] [BaseDriver] Waiting up to 30000 ms for condition
[debug] [AndroidBootstrap] Sending command to android: {&quot;cmd&quot;:&quot;action&quot;,&quot;action&quot;:&quot;find&quot;,&quot;params&quot;:{&quot;strategy&quot;:&quot;-android uiautomator&quot;,&quot;selector&quot;:&quot; new UiSelector().resourceId(\&quot;de.hafas.android.db:id/input_location_name\&quot;)&quot;,&quot;context&quot;:&quot;&quot;,&quot;multiple&quot;:false}}
[debug] [AndroidBootstrap] [BOOTSTRAP LOG] [debug] Got data from client: {&quot;cmd&quot;:&quot;action&quot;,&quot;action&quot;:&quot;find&quot;,&quot;params&quot;:{&quot;strategy&quot;:&quot;-android uiautomator&quot;,&quot;selector&quot;:&quot; new UiSelector().resourceId(\&quot;de.hafas.android.db:id/input_location_name\&quot;)&quot;,&quot;context&quot;:&quot;&quot;,&quot;multiple&quot;:false}}
[debug] [AndroidBootstrap] [BOOTSTRAP LOG] [debug] Got command of type ACTION
[debug] [AndroidBootstrap] [BOOTSTRAP LOG] [debug] Got command action: find
[debug] [AndroidBootstrap] [BOOTSTRAP LOG] [debug] Finding &apos; new UiSelector().resourceId(&quot;de.hafas.android.db:id/input_location_name&quot;)&apos; using &apos;ANDROID_UIAUTOMATOR&apos; with the contextId: &apos;&apos; multiple: false
[debug] [AndroidBootstrap] [BOOTSTRAP LOG] [debug] Parsing selector: new UiSelector().resourceId(&quot;de.hafas.android.db:id/input_location_name&quot;)
[debug] [AndroidBootstrap] [BOOTSTRAP LOG] [debug] UiSelector coerce type: class java.lang.String arg: &quot;de.hafas.android.db:id/input_location_name&quot;
[debug] [AndroidBootstrap] [BOOTSTRAP LOG] [debug] Using: UiSelector[RESOURCE_ID=de.hafas.android.db:id/input_location_name]
[debug] [AndroidBootstrap] [BOOTSTRAP LOG] [debug] Returning result: {&quot;status&quot;:0,&quot;value&quot;:{&quot;ELEMENT&quot;:&quot;2&quot;}}
[debug] [AndroidBootstrap] Received command result from bootstrap
[debug] [MJSONWP] Responding to client with driver.findElement() result: {&quot;ELEMENT&quot;:&quot;2&quot;}
[HTTP] &lt;-- POST /wd/hub/session/be48fa63-1a12-49d8-a87e-f6f7fc3277f7/element 200 758 ms - 87 
[HTTP] --&gt; POST /wd/hub/session/be48fa63-1a12-49d8-a87e-f6f7fc3277f7/element/2/value {&quot;id&quot;:&quot;2&quot;,&quot;value&quot;:[&quot;Mainz Hbf&quot;]}
[debug] [MJSONWP] Calling AppiumDriver.setValue() with args: [[&quot;Mainz Hbf&quot;],&quot;2&quot;,&quot;be48fa63-1a12-49d8-a87e-f6f7fc3277f7&quot;]
[debug] [AndroidBootstrap] Sending command to android: {&quot;cmd&quot;:&quot;action&quot;,&quot;action&quot;:&quot;element:setText&quot;,&quot;params&quot;:{&quot;elementId&quot;:&quot;2&quot;,&quot;text&quot;:&quot;Mainz Hbf&quot;,&quot;replace&quot;:false}}
[debug] [AndroidBootstrap] [BOOTSTRAP LOG] [debug] Got data from client: {&quot;cmd&quot;:&quot;action&quot;,&quot;action&quot;:&quot;element:setText&quot;,&quot;params&quot;:{&quot;elementId&quot;:&quot;2&quot;,&quot;text&quot;:&quot;Mainz Hbf&quot;,&quot;replace&quot;:false}}
[debug] [AndroidBootstrap] [BOOTSTRAP LOG] [debug] Got command of type ACTION
[debug] [AndroidBootstrap] [BOOTSTRAP LOG] [debug] Got command action: setText
[debug] [AndroidBootstrap] [BOOTSTRAP LOG] [debug] Using element passed in: 2
[debug] [AndroidBootstrap] [BOOTSTRAP LOG] [debug] Attempting to clear using UiObject.clearText().
[debug] [AndroidBootstrap] [BOOTSTRAP LOG] [debug] Text remains after clearing, but it appears to be hint text.
[debug] [AndroidBootstrap] [BOOTSTRAP LOG] [debug] Text not cleared. Assuming remainder is hint text.
[debug] [AndroidBootstrap] [BOOTSTRAP LOG] [debug] Sending plain text to element: Mainz Hbf
[debug] [AndroidBootstrap] Received command result from bootstrap
[debug] [MJSONWP] Responding to client with driver.setValue() result: true
[HTTP] &lt;-- POST /wd/hub/session/be48fa63-1a12-49d8-a87e-f6f7fc3277f7/element/2/value 200 4820 ms - 76 
[debug] [AndroidBootstrap] [BOOTSTRAP LOG] [debug] Returning result: {&quot;status&quot;:0,&quot;value&quot;:true}
2018-04-06 08:49:17 INFO  MyLogger:66 - this is the xpath I received: //android.widget.LinearLayout[@content-desc=&apos;Mainz Hbf&apos;]
[HTTP] --&gt; POST /wd/hub/session/be48fa63-1a12-49d8-a87e-f6f7fc3277f7/element {&quot;using&quot;:&quot;xpath&quot;,&quot;value&quot;:&quot;//android.widget.LinearLayout[@content-desc=&apos;Mainz Hbf&apos;]&quot;}
[debug] [MJSONWP] Calling AppiumDriver.findElement() with args: [&quot;xpath&quot;,&quot;//android.widget.LinearLayout[@content-desc=&apos;Mainz Hbf&apos;]&quot;,&quot;be48fa63-1a12-49d8-a87e-f6f7fc3277f7&quot;]
[debug] [BaseDriver] Valid locator strategies for this request: xpath, id, class name, accessibility id, -android uiautomator
[debug] [BaseDriver] Valid locator strategies for this request: xpath, id, class name, accessibility id, -android uiautomator
[debug] [BaseDriver] Waiting up to 30000 ms for condition
[debug] [AndroidBootstrap] Sending command to android: {&quot;cmd&quot;:&quot;action&quot;,&quot;action&quot;:&quot;find&quot;,&quot;params&quot;:{&quot;strategy&quot;:&quot;xpath&quot;,&quot;selector&quot;:&quot;//android.widget.LinearLayout[@content-desc=&apos;Mainz Hbf&apos;]&quot;,&quot;context&quot;:&quot;&quot;,&quot;multiple&quot;:false}}
[debug] [AndroidBootstrap] [BOOTSTRAP LOG] [debug] Got data from client: {&quot;cmd&quot;:&quot;action&quot;,&quot;action&quot;:&quot;find&quot;,&quot;params&quot;:{&quot;strategy&quot;:&quot;xpath&quot;,&quot;selector&quot;:&quot;//android.widget.LinearLayout[@content-desc=&apos;Mainz Hbf&apos;]&quot;,&quot;context&quot;:&quot;&quot;,&quot;multiple&quot;:false}}
[debug] [AndroidBootstrap] [BOOTSTRAP LOG] [debug] Got command of type ACTION
[debug] [AndroidBootstrap] [BOOTSTRAP LOG] [debug] Got command action: find
[debug] [AndroidBootstrap] [BOOTSTRAP LOG] [debug] Finding &apos;//android.widget.LinearLayout[@content-desc=&apos;Mainz Hbf&apos;]&apos; using &apos;XPATH&apos; with the contextId: &apos;&apos; multiple: false
[debug] [AndroidBootstrap] [BOOTSTRAP LOG] [debug] Failed to locate element. Clearing Accessibility cache and retrying.
[debug] [AndroidBootstrap] [BOOTSTRAP LOG] [debug] Finding &apos;//android.widget.LinearLayout[@content-desc=&apos;Mainz Hbf&apos;]&apos; using &apos;XPATH&apos; with the contextId: &apos;&apos; multiple: false
[debug] [AndroidBootstrap] [BOOTSTRAP LOG] [debug] Returning result: {&quot;status&quot;:7,&quot;value&quot;:&quot;No element found&quot;}
[debug] [AndroidBootstrap] Received command result from bootstrap
[debug] [BaseDriver] Waited for 100 ms so far
[debug] [AndroidBootstrap] Sending command to android: {&quot;cmd&quot;:&quot;action&quot;,&quot;action&quot;:&quot;find&quot;,&quot;params&quot;:{&quot;strategy&quot;:&quot;xpath&quot;,&quot;selector&quot;:&quot;//android.widget.LinearLayout[@content-desc=&apos;Mainz Hbf&apos;]&quot;,&quot;context&quot;:&quot;&quot;,&quot;multiple&quot;:false}}
[debug] [AndroidBootstrap] [BOOTSTRAP LOG] [debug] Got data from client: {&quot;cmd&quot;:&quot;action&quot;,&quot;action&quot;:&quot;find&quot;,&quot;params&quot;:{&quot;strategy&quot;:&quot;xpath&quot;,&quot;selector&quot;:&quot;//android.widget.LinearLayout[@content-desc=&apos;Mainz Hbf&apos;]&quot;,&quot;context&quot;:&quot;&quot;,&quot;multiple&quot;:false}}
[debug] [AndroidBootstrap] [BOOTSTRAP LOG] [debug] Got command of type ACTION
[debug] [AndroidBootstrap] [BOOTSTRAP LOG] [debug] Got command action: find
[debug] [AndroidBootstrap] [BOOTSTRAP LOG] [debug] Finding &apos;//android.widget.LinearLayout[@content-desc=&apos;Mainz Hbf&apos;]&apos; using &apos;XPATH&apos; with the contextId: &apos;&apos; multiple: false
[debug] [AndroidBootstrap] [BOOTSTRAP LOG] [debug] Failed to locate element. Clearing Accessibility cache and retrying.
[debug] [AndroidBootstrap] [BOOTSTRAP LOG] [debug] Finding &apos;//android.widget.LinearLayout[@content-desc=&apos;Mainz Hbf&apos;]&apos; using &apos;XPATH&apos; with the contextId: &apos;&apos; multiple: false
[debug] [AndroidBootstrap] [BOOTSTRAP LOG] [debug] Returning result: {&quot;status&quot;:7,&quot;value&quot;:&quot;No element found&quot;}
[debug] [AndroidBootstrap] Received command result from bootstrap
[debug] [BaseDriver] Waited for 659 ms so far
[debug] [AndroidBootstrap] Sending command to android: {&quot;cmd&quot;:&quot;action&quot;,&quot;action&quot;:&quot;find&quot;,&quot;params&quot;:{&quot;strategy&quot;:&quot;xpath&quot;,&quot;selector&quot;:&quot;//android.widget.LinearLayout[@content-desc=&apos;Mainz Hbf&apos;]&quot;,&quot;context&quot;:&quot;&quot;,&quot;multiple&quot;:false}}
[debug] [AndroidBootstrap] [BOOTSTRAP LOG] [debug] Got data from client: {&quot;cmd&quot;:&quot;action&quot;,&quot;action&quot;:&quot;find&quot;,&quot;params&quot;:{&quot;strategy&quot;:&quot;xpath&quot;,&quot;selector&quot;:&quot;//android.widget.LinearLayout[@content-desc=&apos;Mainz Hbf&apos;]&quot;,&quot;context&quot;:&quot;&quot;,&quot;multiple&quot;:false}}
[debug] [AndroidBootstrap] [BOOTSTRAP LOG] [debug] Got command of type ACTION
[debug] [AndroidBootstrap] [BOOTSTRAP LOG] [debug] Got command action: find
[debug] [AndroidBootstrap] [BOOTSTRAP LOG] [debug] Finding &apos;//android.widget.LinearLayout[@content-desc=&apos;Mainz Hbf&apos;]&apos; using &apos;XPATH&apos; with the contextId: &apos;&apos; multiple: false
[debug] [AndroidBootstrap] [BOOTSTRAP LOG] [debug] Failed to locate element. Clearing Accessibility cache and retrying.
[debug] [AndroidBootstrap] [BOOTSTRAP LOG] [debug] Finding &apos;//android.widget.LinearLayout[@content-desc=&apos;Mainz Hbf&apos;]&apos; using &apos;XPATH&apos; with the contextId: &apos;&apos; multiple: false
[debug] [AndroidBootstrap] [BOOTSTRAP LOG] [debug] Returning result: {&quot;status&quot;:7,&quot;value&quot;:&quot;No element found&quot;}
[debug] [AndroidBootstrap] Received command result from bootstrap
[debug] [BaseDriver] Waited for 1228 ms so far
[debug] [AndroidBootstrap] Sending command to android: {&quot;cmd&quot;:&quot;action&quot;,&quot;action&quot;:&quot;find&quot;,&quot;params&quot;:{&quot;strategy&quot;:&quot;xpath&quot;,&quot;selector&quot;:&quot;//android.widget.LinearLayout[@content-desc=&apos;Mainz Hbf&apos;]&quot;,&quot;context&quot;:&quot;&quot;,&quot;multiple&quot;:false}}
[debug] [AndroidBootstrap] [BOOTSTRAP LOG] [debug] Got data from client: {&quot;cmd&quot;:&quot;action&quot;,&quot;action&quot;:&quot;find&quot;,&quot;params&quot;:{&quot;strategy&quot;:&quot;xpath&quot;,&quot;selector&quot;:&quot;//android.widget.LinearLayout[@content-desc=&apos;Mainz Hbf&apos;]&quot;,&quot;context&quot;:&quot;&quot;,&quot;multiple&quot;:false}}
[debug] [AndroidBootstrap] [BOOTSTRAP LOG] [debug] Got command of type ACTION
[debug] [AndroidBootstrap] [BOOTSTRAP LOG] [debug] Got command action: find
[debug] [AndroidBootstrap] [BOOTSTRAP LOG] [debug] Finding &apos;//android.widget.LinearLayout[@content-desc=&apos;Mainz Hbf&apos;]&apos; using &apos;XPATH&apos; with the contextId: &apos;&apos; multiple: false
[debug] [AndroidBootstrap] [BOOTSTRAP LOG] [debug] Failed to locate element. Clearing Accessibility cache and retrying.
[debug] [AndroidBootstrap] [BOOTSTRAP LOG] [debug] Finding &apos;//android.widget.LinearLayout[@content-desc=&apos;Mainz Hbf&apos;]&apos; using &apos;XPATH&apos; with the contextId: &apos;&apos; multiple: false
[debug] [AndroidBootstrap] Received command result from bootstrap
[debug] [BaseDriver] Waited for 1791 ms so far
[debug] [AndroidBootstrap] [BOOTSTRAP LOG] [debug] Returning result: {&quot;status&quot;:7,&quot;value&quot;:&quot;No element found&quot;}
[debug] [AndroidBootstrap] Sending command to android: {&quot;cmd&quot;:&quot;action&quot;,&quot;action&quot;:&quot;find&quot;,&quot;params&quot;:{&quot;strategy&quot;:&quot;xpath&quot;,&quot;selector&quot;:&quot;//android.widget.LinearLayout[@content-desc=&apos;Mainz Hbf&apos;]&quot;,&quot;context&quot;:&quot;&quot;,&quot;multiple&quot;:false}}
[debug] [AndroidBootstrap] [BOOTSTRAP LOG] [debug] Got data from client: {&quot;cmd&quot;:&quot;action&quot;,&quot;action&quot;:&quot;find&quot;,&quot;params&quot;:{&quot;strategy&quot;:&quot;xpath&quot;,&quot;selector&quot;:&quot;//android.widget.LinearLayout[@content-desc=&apos;Mainz Hbf&apos;]&quot;,&quot;context&quot;:&quot;&quot;,&quot;multiple&quot;:false}}
[debug] [AndroidBootstrap] [BOOTSTRAP LOG] [debug] Got command of type ACTION
[debug] [AndroidBootstrap] [BOOTSTRAP LOG] [debug] Got command action: find
[debug] [AndroidBootstrap] [BOOTSTRAP LOG] [debug] Finding &apos;//android.widget.LinearLayout[@content-desc=&apos;Mainz Hbf&apos;]&apos; using &apos;XPATH&apos; with the contextId: &apos;&apos; multiple: false
[debug] [AndroidBootstrap] [BOOTSTRAP LOG] [debug] Failed to locate element. Clearing Accessibility cache and retrying.
[debug] [AndroidBootstrap] [BOOTSTRAP LOG] [debug] Finding &apos;//android.widget.LinearLayout[@content-desc=&apos;Mainz Hbf&apos;]&apos; using &apos;XPATH&apos; with the contextId: &apos;&apos; multiple: false
[debug] [AndroidBootstrap] [BOOTSTRAP LOG] [debug] Returning result: {&quot;status&quot;:7,&quot;value&quot;:&quot;No element found&quot;}
[debug] [AndroidBootstrap] Received command result from bootstrap
[debug] [BaseDriver] Waited for 2364 ms so far
[debug] [AndroidBootstrap] Sending command to android: {&quot;cmd&quot;:&quot;action&quot;,&quot;action&quot;:&quot;find&quot;,&quot;params&quot;:{&quot;strategy&quot;:&quot;xpath&quot;,&quot;selector&quot;:&quot;//android.widget.LinearLayout[@content-desc=&apos;Mainz Hbf&apos;]&quot;,&quot;context&quot;:&quot;&quot;,&quot;multiple&quot;:false}}
[debug] [AndroidBootstrap] [BOOTSTRAP LOG] [debug] Got data from client: {&quot;cmd&quot;:&quot;action&quot;,&quot;action&quot;:&quot;find&quot;,&quot;params&quot;:{&quot;strategy&quot;:&quot;xpath&quot;,&quot;selector&quot;:&quot;//android.widget.LinearLayout[@content-desc=&apos;Mainz Hbf&apos;]&quot;,&quot;context&quot;:&quot;&quot;,&quot;multiple&quot;:false}}
[debug] [AndroidBootstrap] [BOOTSTRAP LOG] [debug] Got command of type ACTION
[debug] [AndroidBootstrap] [BOOTSTRAP LOG] [debug] Got command action: find
[debug] [AndroidBootstrap] [BOOTSTRAP LOG] [debug] Finding &apos;//android.widget.LinearLayout[@content-desc=&apos;Mainz Hbf&apos;]&apos; using &apos;XPATH&apos; with the contextId: &apos;&apos; multiple: false
[debug] [AndroidBootstrap] [BOOTSTRAP LOG] [debug] Failed to locate element. Clearing Accessibility cache and retrying.
[debug] [AndroidBootstrap] [BOOTSTRAP LOG] [debug] Finding &apos;//android.widget.LinearLayout[@content-desc=&apos;Mainz Hbf&apos;]&apos; using &apos;XPATH&apos; with the contextId: &apos;&apos; multiple: false
[debug] [AndroidBootstrap] [BOOTSTRAP LOG] [debug] Returning result: {&quot;status&quot;:7,&quot;value&quot;:&quot;No element found&quot;}
[debug] [AndroidBootstrap] Received command result from bootstrap
[debug] [BaseDriver] Waited for 2930 ms so far
[debug] [AndroidBootstrap] Sending command to android: {&quot;cmd&quot;:&quot;action&quot;,&quot;action&quot;:&quot;find&quot;,&quot;params&quot;:{&quot;strategy&quot;:&quot;xpath&quot;,&quot;selector&quot;:&quot;//android.widget.LinearLayout[@content-desc=&apos;Mainz Hbf&apos;]&quot;,&quot;context&quot;:&quot;&quot;,&quot;multiple&quot;:false}}
[debug] [AndroidBootstrap] [BOOTSTRAP LOG] [debug] Got data from client: {&quot;cmd&quot;:&quot;action&quot;,&quot;action&quot;:&quot;find&quot;,&quot;params&quot;:{&quot;strategy&quot;:&quot;xpath&quot;,&quot;selector&quot;:&quot;//android.widget.LinearLayout[@content-desc=&apos;Mainz Hbf&apos;]&quot;,&quot;context&quot;:&quot;&quot;,&quot;multiple&quot;:false}}
[debug] [AndroidBootstrap] [BOOTSTRAP LOG] [debug] Got command of type ACTION
[debug] [AndroidBootstrap] [BOOTSTRAP LOG] [debug] Got command action: find
[debug] [AndroidBootstrap] [BOOTSTRAP LOG] [debug] Finding &apos;//android.widget.LinearLayout[@content-desc=&apos;Mainz Hbf&apos;]&apos; using &apos;XPATH&apos; with the contextId: &apos;&apos; multiple: false
[debug] [AndroidBootstrap] [BOOTSTRAP LOG] [debug] Failed to locate element. Clearing Accessibility cache and retrying.
[debug] [AndroidBootstrap] [BOOTSTRAP LOG] [debug] Finding &apos;//android.widget.LinearLayout[@content-desc=&apos;Mainz Hbf&apos;]&apos; using &apos;XPATH&apos; with the contextId: &apos;&apos; multiple: false
[debug] [AndroidBootstrap] [BOOTSTRAP LOG] [debug] Returning result: {&quot;status&quot;:7,&quot;value&quot;:&quot;No element found&quot;}
[debug] [AndroidBootstrap] Received command result from bootstrap
[debug] [BaseDriver] Waited for 3509 ms so far
[debug] [AndroidBootstrap] Sending command to android: {&quot;cmd&quot;:&quot;action&quot;,&quot;action&quot;:&quot;find&quot;,&quot;params&quot;:{&quot;strategy&quot;:&quot;xpath&quot;,&quot;selector&quot;:&quot;//android.widget.LinearLayout[@content-desc=&apos;Mainz Hbf&apos;]&quot;,&quot;context&quot;:&quot;&quot;,&quot;multiple&quot;:false}}
[debug] [AndroidBootstrap] [BOOTSTRAP LOG] [debug] Got data from client: {&quot;cmd&quot;:&quot;action&quot;,&quot;action&quot;:&quot;find&quot;,&quot;params&quot;:{&quot;strategy&quot;:&quot;xpath&quot;,&quot;selector&quot;:&quot;//android.widget.LinearLayout[@content-desc=&apos;Mainz Hbf&apos;]&quot;,&quot;context&quot;:&quot;&quot;,&quot;multiple&quot;:false}}
[debug] [AndroidBootstrap] [BOOTSTRAP LOG] [debug] Got command of type ACTION
[debug] [AndroidBootstrap] [BOOTSTRAP LOG] [debug] Got command action: find
[debug] [AndroidBootstrap] [BOOTSTRAP LOG] [debug] Finding &apos;//android.widget.LinearLayout[@content-desc=&apos;Mainz Hbf&apos;]&apos; using &apos;XPATH&apos; with the contextId: &apos;&apos; multiple: false
[debug] [AndroidBootstrap] [BOOTSTRAP LOG] [debug] Failed to locate element. Clearing Accessibility cache and retrying.
[debug] [AndroidBootstrap] [BOOTSTRAP LOG] [debug] Finding &apos;//android.widget.LinearLayout[@content-desc=&apos;Mainz Hbf&apos;]&apos; using &apos;XPATH&apos; with the contextId: &apos;&apos; multiple: false
[debug] [AndroidBootstrap] Received command result from bootstrap
[debug] [BaseDriver] Waited for 4077 ms so far
[debug] [AndroidBootstrap] [BOOTSTRAP LOG] [debug] Returning result: {&quot;status&quot;:7,&quot;value&quot;:&quot;No element found&quot;}
[debug] [AndroidBootstrap] Sending command to android: {&quot;cmd&quot;:&quot;action&quot;,&quot;action&quot;:&quot;find&quot;,&quot;params&quot;:{&quot;strategy&quot;:&quot;xpath&quot;,&quot;selector&quot;:&quot;//android.widget.LinearLayout[@content-desc=&apos;Mainz Hbf&apos;]&quot;,&quot;context&quot;:&quot;&quot;,&quot;multiple&quot;:false}}
[debug] [AndroidBootstrap] [BOOTSTRAP LOG] [debug] Got data from client: {&quot;cmd&quot;:&quot;action&quot;,&quot;action&quot;:&quot;find&quot;,&quot;params&quot;:{&quot;strategy&quot;:&quot;xpath&quot;,&quot;selector&quot;:&quot;//android.widget.LinearLayout[@content-desc=&apos;Mainz Hbf&apos;]&quot;,&quot;context&quot;:&quot;&quot;,&quot;multiple&quot;:false}}
[debug] [AndroidBootstrap] [BOOTSTRAP LOG] [debug] Got command of type ACTION
[debug] [AndroidBootstrap] [BOOTSTRAP LOG] [debug] Got command action: find
[debug] [AndroidBootstrap] [BOOTSTRAP LOG] [debug] Finding &apos;//android.widget.LinearLayout[@content-desc=&apos;Mainz Hbf&apos;]&apos; using &apos;XPATH&apos; with the contextId: &apos;&apos; multiple: false
[debug] [AndroidBootstrap] [BOOTSTRAP LOG] [debug] Failed to locate element. Clearing Accessibility cache and retrying.
[debug] [AndroidBootstrap] [BOOTSTRAP LOG] [debug] Finding &apos;//android.widget.LinearLayout[@content-desc=&apos;Mainz Hbf&apos;]&apos; using &apos;XPATH&apos; with the contextId: &apos;&apos; multiple: false
[debug] [AndroidBootstrap] [BOOTSTRAP LOG] [debug] Returning result: {&quot;status&quot;:7,&quot;value&quot;:&quot;No element found&quot;}
[debug] [AndroidBootstrap] Received command result from bootstrap
[debug] [BaseDriver] Waited for 4642 ms so far
[debug] [AndroidBootstrap] Sending command to android: {&quot;cmd&quot;:&quot;action&quot;,&quot;action&quot;:&quot;find&quot;,&quot;params&quot;:{&quot;strategy&quot;:&quot;xpath&quot;,&quot;selector&quot;:&quot;//android.widget.LinearLayout[@content-desc=&apos;Mainz Hbf&apos;]&quot;,&quot;context&quot;:&quot;&quot;,&quot;multiple&quot;:false}}
[debug] [AndroidBootstrap] [BOOTSTRAP LOG] [debug] Got data from client: {&quot;cmd&quot;:&quot;action&quot;,&quot;action&quot;:&quot;find&quot;,&quot;params&quot;:{&quot;strategy&quot;:&quot;xpath&quot;,&quot;selector&quot;:&quot;//android.widget.LinearLayout[@content-desc=&apos;Mainz Hbf&apos;]&quot;,&quot;context&quot;:&quot;&quot;,&quot;multiple&quot;:false}}
[debug] [AndroidBootstrap] [BOOTSTRAP LOG] [debug] Got command of type ACTION
[debug] [AndroidBootstrap] [BOOTSTRAP LOG] [debug] Got command action: find
[debug] [AndroidBootstrap] [BOOTSTRAP LOG] [debug] Finding &apos;//android.widget.LinearLayout[@content-desc=&apos;Mainz Hbf&apos;]&apos; using &apos;XPATH&apos; with the contextId: &apos;&apos; multiple: false
[debug] [AndroidBootstrap] [BOOTSTRAP LOG] [debug] Failed to locate element. Clearing Accessibility cache and retrying.
[debug] [AndroidBootstrap] [BOOTSTRAP LOG] [debug] Finding &apos;//android.widget.LinearLayout[@content-desc=&apos;Mainz Hbf&apos;]&apos; using &apos;XPATH&apos; with the contextId: &apos;&apos; multiple: false
[debug] [AndroidBootstrap] [BOOTSTRAP LOG] [debug] Returning result: {&quot;status&quot;:7,&quot;value&quot;:&quot;No element found&quot;}
[debug] [AndroidBootstrap] Received command result from bootstrap
[debug] [BaseDriver] Waited for 5209 ms so far
[debug] [AndroidBootstrap] Sending command to android: {&quot;cmd&quot;:&quot;action&quot;,&quot;action&quot;:&quot;find&quot;,&quot;params&quot;:{&quot;strategy&quot;:&quot;xpath&quot;,&quot;selector&quot;:&quot;//android.widget.LinearLayout[@content-desc=&apos;Mainz Hbf&apos;]&quot;,&quot;context&quot;:&quot;&quot;,&quot;multiple&quot;:false}}
[debug] [AndroidBootstrap] [BOOTSTRAP LOG] [debug] Got data from client: {&quot;cmd&quot;:&quot;action&quot;,&quot;action&quot;:&quot;find&quot;,&quot;params&quot;:{&quot;strategy&quot;:&quot;xpath&quot;,&quot;selector&quot;:&quot;//android.widget.LinearLayout[@content-desc=&apos;Mainz Hbf&apos;]&quot;,&quot;context&quot;:&quot;&quot;,&quot;multiple&quot;:false}}
[debug] [AndroidBootstrap] [BOOTSTRAP LOG] [debug] Got command of type ACTION
[debug] [AndroidBootstrap] [BOOTSTRAP LOG] [debug] Got command action: find
[debug] [AndroidBootstrap] [BOOTSTRAP LOG] [debug] Finding &apos;//android.widget.LinearLayout[@content-desc=&apos;Mainz Hbf&apos;]&apos; using &apos;XPATH&apos; with the contextId: &apos;&apos; multiple: false
[debug] [AndroidBootstrap] [BOOTSTRAP LOG] [debug] Failed to locate element. Clearing Accessibility cache and retrying.
[debug] [AndroidBootstrap] [BOOTSTRAP LOG] [debug] Finding &apos;//android.widget.LinearLayout[@content-desc=&apos;Mainz Hbf&apos;]&apos; using &apos;XPATH&apos; with the contextId: &apos;&apos; multiple: false
[debug] [AndroidBootstrap] Received command result from bootstrap
[debug] [BaseDriver] Waited for 5761 ms so far
[debug] [AndroidBootstrap] [BOOTSTRAP LOG] [debug] Returning result: {&quot;status&quot;:7,&quot;value&quot;:&quot;No element found&quot;}
[debug] [AndroidBootstrap] Sending command to android: {&quot;cmd&quot;:&quot;action&quot;,&quot;action&quot;:&quot;find&quot;,&quot;params&quot;:{&quot;strategy&quot;:&quot;xpath&quot;,&quot;selector&quot;:&quot;//android.widget.LinearLayout[@content-desc=&apos;Mainz Hbf&apos;]&quot;,&quot;context&quot;:&quot;&quot;,&quot;multiple&quot;:false}}
[debug] [AndroidBootstrap] [BOOTSTRAP LOG] [debug] Got data from client: {&quot;cmd&quot;:&quot;action&quot;,&quot;action&quot;:&quot;find&quot;,&quot;params&quot;:{&quot;strategy&quot;:&quot;xpath&quot;,&quot;selector&quot;:&quot;//android.widget.LinearLayout[@content-desc=&apos;Mainz Hbf&apos;]&quot;,&quot;context&quot;:&quot;&quot;,&quot;multiple&quot;:false}}
[debug] [AndroidBootstrap] [BOOTSTRAP LOG] [debug] Got command of type ACTION
[debug] [AndroidBootstrap] [BOOTSTRAP LOG] [debug] Got command action: find
[debug] [AndroidBootstrap] [BOOTSTRAP LOG] [debug] Finding &apos;//android.widget.LinearLayout[@content-desc=&apos;Mainz Hbf&apos;]&apos; using &apos;XPATH&apos; with the contextId: &apos;&apos; multiple: false
[debug] [AndroidBootstrap] [BOOTSTRAP LOG] [debug] Failed to locate element. Clearing Accessibility cache and retrying.
[debug] [AndroidBootstrap] [BOOTSTRAP LOG] [debug] Finding &apos;//android.widget.LinearLayout[@content-desc=&apos;Mainz Hbf&apos;]&apos; using &apos;XPATH&apos; with the contextId: &apos;&apos; multiple: false
[debug] [AndroidBootstrap] [BOOTSTRAP LOG] [debug] Returning result: {&quot;status&quot;:7,&quot;value&quot;:&quot;No element found&quot;}
[debug] [AndroidBootstrap] Received command result from bootstrap
[debug] [BaseDriver] Waited for 6312 ms so far
[debug] [AndroidBootstrap] Sending command to android: {&quot;cmd&quot;:&quot;action&quot;,&quot;action&quot;:&quot;find&quot;,&quot;params&quot;:{&quot;strategy&quot;:&quot;xpath&quot;,&quot;selector&quot;:&quot;//android.widget.LinearLayout[@content-desc=&apos;Mainz Hbf&apos;]&quot;,&quot;context&quot;:&quot;&quot;,&quot;multiple&quot;:false}}
[debug] [AndroidBootstrap] [BOOTSTRAP LOG] [debug] Got data from client: {&quot;cmd&quot;:&quot;action&quot;,&quot;action&quot;:&quot;find&quot;,&quot;params&quot;:{&quot;strategy&quot;:&quot;xpath&quot;,&quot;selector&quot;:&quot;//android.widget.LinearLayout[@content-desc=&apos;Mainz Hbf&apos;]&quot;,&quot;context&quot;:&quot;&quot;,&quot;multiple&quot;:false}}
[debug] [AndroidBootstrap] [BOOTSTRAP LOG] [debug] Got command of type ACTION
[debug] [AndroidBootstrap] [BOOTSTRAP LOG] [debug] Got command action: find
[debug] [AndroidBootstrap] [BOOTSTRAP LOG] [debug] Finding &apos;//android.widget.LinearLayout[@content-desc=&apos;Mainz Hbf&apos;]&apos; using &apos;XPATH&apos; with the contextId: &apos;&apos; multiple: false
[debug] [AndroidBootstrap] [BOOTSTRAP LOG] [debug] Failed to locate element. Clearing Accessibility cache and retrying.
[debug] [AndroidBootstrap] [BOOTSTRAP LOG] [debug] Finding &apos;//android.widget.LinearLayout[@content-desc=&apos;Mainz Hbf&apos;]&apos; using &apos;XPATH&apos; with the contextId: &apos;&apos; multiple: false
[debug] [AndroidBootstrap] [BOOTSTRAP LOG] [debug] Returning result: {&quot;status&quot;:7,&quot;value&quot;:&quot;No element found&quot;}
[debug] [AndroidBootstrap] Received command result from bootstrap
[debug] [BaseDriver] Waited for 6876 ms so far
[debug] [AndroidBootstrap] Sending command to android: {&quot;cmd&quot;:&quot;action&quot;,&quot;action&quot;:&quot;find&quot;,&quot;params&quot;:{&quot;strategy&quot;:&quot;xpath&quot;,&quot;selector&quot;:&quot;//android.widget.LinearLayout[@content-desc=&apos;Mainz Hbf&apos;]&quot;,&quot;context&quot;:&quot;&quot;,&quot;multiple&quot;:false}}
[debug] [AndroidBootstrap] [BOOTSTRAP LOG] [debug] Got data from client: {&quot;cmd&quot;:&quot;action&quot;,&quot;action&quot;:&quot;find&quot;,&quot;params&quot;:{&quot;strategy&quot;:&quot;xpath&quot;,&quot;selector&quot;:&quot;//android.widget.LinearLayout[@content-desc=&apos;Mainz Hbf&apos;]&quot;,&quot;context&quot;:&quot;&quot;,&quot;multiple&quot;:false}}
[debug] [AndroidBootstrap] [BOOTSTRAP LOG] [debug] Got command of type ACTION
[debug] [AndroidBootstrap] [BOOTSTRAP LOG] [debug] Got command action: find
[debug] [AndroidBootstrap] [BOOTSTRAP LOG] [debug] Finding &apos;//android.widget.LinearLayout[@content-desc=&apos;Mainz Hbf&apos;]&apos; using &apos;XPATH&apos; with the contextId: &apos;&apos; multiple: false
[debug] [AndroidBootstrap] [BOOTSTRAP LOG] [debug] Failed to locate element. Clearing Accessibility cache and retrying.
[debug] [AndroidBootstrap] [BOOTSTRAP LOG] [debug] Finding &apos;//android.widget.LinearLayout[@content-desc=&apos;Mainz Hbf&apos;]&apos; using &apos;XPATH&apos; with the contextId: &apos;&apos; multiple: false
[debug] [AndroidBootstrap] [BOOTSTRAP LOG] [debug] Returning result: {&quot;status&quot;:7,&quot;value&quot;:&quot;No element found&quot;}
[debug] [AndroidBootstrap] Received command result from bootstrap
[debug] [BaseDriver] Waited for 7440 ms so far
[debug] [AndroidBootstrap] Sending command to android: {&quot;cmd&quot;:&quot;action&quot;,&quot;action&quot;:&quot;find&quot;,&quot;params&quot;:{&quot;strategy&quot;:&quot;xpath&quot;,&quot;selector&quot;:&quot;//android.widget.LinearLayout[@content-desc=&apos;Mainz Hbf&apos;]&quot;,&quot;context&quot;:&quot;&quot;,&quot;multiple&quot;:false}}
[debug] [AndroidBootstrap] [BOOTSTRAP LOG] [debug] Got data from client: {&quot;cmd&quot;:&quot;action&quot;,&quot;action&quot;:&quot;find&quot;,&quot;params&quot;:{&quot;strategy&quot;:&quot;xpath&quot;,&quot;selector&quot;:&quot;//android.widget.LinearLayout[@content-desc=&apos;Mainz Hbf&apos;]&quot;,&quot;context&quot;:&quot;&quot;,&quot;multiple&quot;:false}}
[debug] [AndroidBootstrap] [BOOTSTRAP LOG] [debug] Got command of type ACTION
[debug] [AndroidBootstrap] [BOOTSTRAP LOG] [debug] Got command action: find
[debug] [AndroidBootstrap] [BOOTSTRAP LOG] [debug] Finding &apos;//android.widget.LinearLayout[@content-desc=&apos;Mainz Hbf&apos;]&apos; using &apos;XPATH&apos; with the contextId: &apos;&apos; multiple: false
[debug] [AndroidBootstrap] [BOOTSTRAP LOG] [debug] Failed to locate element. Clearing Accessibility cache and retrying.
[debug] [AndroidBootstrap] [BOOTSTRAP LOG] [debug] Finding &apos;//android.widget.LinearLayout[@content-desc=&apos;Mainz Hbf&apos;]&apos; using &apos;XPATH&apos; with the contextId: &apos;&apos; multiple: false
[debug] [AndroidBootstrap] [BOOTSTRAP LOG] [debug] Returning result: {&quot;status&quot;:7,&quot;value&quot;:&quot;No element found&quot;}
[debug] [AndroidBootstrap] Received command result from bootstrap
[debug] [BaseDriver] Waited for 8027 ms so far
[debug] [AndroidBootstrap] Sending command to android: {&quot;cmd&quot;:&quot;action&quot;,&quot;action&quot;:&quot;find&quot;,&quot;params&quot;:{&quot;strategy&quot;:&quot;xpath&quot;,&quot;selector&quot;:&quot;//android.widget.LinearLayout[@content-desc=&apos;Mainz Hbf&apos;]&quot;,&quot;context&quot;:&quot;&quot;,&quot;multiple&quot;:false}}
[debug] [AndroidBootstrap] [BOOTSTRAP LOG] [debug] Got data from client: {&quot;cmd&quot;:&quot;action&quot;,&quot;action&quot;:&quot;find&quot;,&quot;params&quot;:{&quot;strategy&quot;:&quot;xpath&quot;,&quot;selector&quot;:&quot;//android.widget.LinearLayout[@content-desc=&apos;Mainz Hbf&apos;]&quot;,&quot;context&quot;:&quot;&quot;,&quot;multiple&quot;:false}}
[debug] [AndroidBootstrap] [BOOTSTRAP LOG] [debug] Got command of type ACTION
[debug] [AndroidBootstrap] [BOOTSTRAP LOG] [debug] Got command action: find
[debug] [AndroidBootstrap] [BOOTSTRAP LOG] [debug] Finding &apos;//android.widget.LinearLayout[@content-desc=&apos;Mainz Hbf&apos;]&apos; using &apos;XPATH&apos; with the contextId: &apos;&apos; multiple: false
[debug] [AndroidBootstrap] [BOOTSTRAP LOG] [debug] Failed to locate element. Clearing Accessibility cache and retrying.
[debug] [AndroidBootstrap] [BOOTSTRAP LOG] [debug] Finding &apos;//android.widget.LinearLayout[@content-desc=&apos;Mainz Hbf&apos;]&apos; using &apos;XPATH&apos; with the contextId: &apos;&apos; multiple: false
[debug] [AndroidBootstrap] [BOOTSTRAP LOG] [debug] Returning result: {&quot;status&quot;:7,&quot;value&quot;:&quot;No element found&quot;}
[debug] [AndroidBootstrap] Received command result from bootstrap
[debug] [BaseDriver] Waited for 8591 ms so far
[debug] [AndroidBootstrap] Sending command to android: {&quot;cmd&quot;:&quot;action&quot;,&quot;action&quot;:&quot;find&quot;,&quot;params&quot;:{&quot;strategy&quot;:&quot;xpath&quot;,&quot;selector&quot;:&quot;//android.widget.LinearLayout[@content-desc=&apos;Mainz Hbf&apos;]&quot;,&quot;context&quot;:&quot;&quot;,&quot;multiple&quot;:false}}
[debug] [AndroidBootstrap] [BOOTSTRAP LOG] [debug] Got data from client: {&quot;cmd&quot;:&quot;action&quot;,&quot;action&quot;:&quot;find&quot;,&quot;params&quot;:{&quot;strategy&quot;:&quot;xpath&quot;,&quot;selector&quot;:&quot;//android.widget.LinearLayout[@content-desc=&apos;Mainz Hbf&apos;]&quot;,&quot;context&quot;:&quot;&quot;,&quot;multiple&quot;:false}}
[debug] [AndroidBootstrap] [BOOTSTRAP LOG] [debug] Got command of type ACTION
[debug] [AndroidBootstrap] [BOOTSTRAP LOG] [debug] Got command action: find
[debug] [AndroidBootstrap] [BOOTSTRAP LOG] [debug] Finding &apos;//android.widget.LinearLayout[@content-desc=&apos;Mainz Hbf&apos;]&apos; using &apos;XPATH&apos; with the contextId: &apos;&apos; multiple: false
[debug] [AndroidBootstrap] [BOOTSTRAP LOG] [debug] Failed to locate element. Clearing Accessibility cache and retrying.
[debug] [AndroidBootstrap] [BOOTSTRAP LOG] [debug] Finding &apos;//android.widget.LinearLayout[@content-desc=&apos;Mainz Hbf&apos;]&apos; using &apos;XPATH&apos; with the contextId: &apos;&apos; multiple: false
[debug] [AndroidBootstrap] [BOOTSTRAP LOG] [debug] Returning result: {&quot;status&quot;:7,&quot;value&quot;:&quot;No element found&quot;}
[debug] [AndroidBootstrap] Received command result from bootstrap
[debug] [BaseDriver] Waited for 9161 ms so far
[debug] [AndroidBootstrap] Sending command to android: {&quot;cmd&quot;:&quot;action&quot;,&quot;action&quot;:&quot;find&quot;,&quot;params&quot;:{&quot;strategy&quot;:&quot;xpath&quot;,&quot;selector&quot;:&quot;//android.widget.LinearLayout[@content-desc=&apos;Mainz Hbf&apos;]&quot;,&quot;context&quot;:&quot;&quot;,&quot;multiple&quot;:false}}
[debug] [AndroidBootstrap] [BOOTSTRAP LOG] [debug] Got data from client: {&quot;cmd&quot;:&quot;action&quot;,&quot;action&quot;:&quot;find&quot;,&quot;params&quot;:{&quot;strategy&quot;:&quot;xpath&quot;,&quot;selector&quot;:&quot;//android.widget.LinearLayout[@content-desc=&apos;Mainz Hbf&apos;]&quot;,&quot;context&quot;:&quot;&quot;,&quot;multiple&quot;:false}}
[debug] [AndroidBootstrap] [BOOTSTRAP LOG] [debug] Got command of type ACTION
[debug] [AndroidBootstrap] [BOOTSTRAP LOG] [debug] Got command action: find
[debug] [AndroidBootstrap] [BOOTSTRAP LOG] [debug] Finding &apos;//android.widget.LinearLayout[@content-desc=&apos;Mainz Hbf&apos;]&apos; using &apos;XPATH&apos; with the contextId: &apos;&apos; multiple: false
[debug] [AndroidBootstrap] [BOOTSTRAP LOG] [debug] Failed to locate element. Clearing Accessibility cache and retrying.
[debug] [AndroidBootstrap] [BOOTSTRAP LOG] [debug] Finding &apos;//android.widget.LinearLayout[@content-desc=&apos;Mainz Hbf&apos;]&apos; using &apos;XPATH&apos; with the contextId: &apos;&apos; multiple: false
[debug] [AndroidBootstrap] [BOOTSTRAP LOG] [debug] Returning result: {&quot;status&quot;:7,&quot;value&quot;:&quot;No element found&quot;}
[debug] [AndroidBootstrap] Received command result from bootstrap
[debug] [BaseDriver] Waited for 9728 ms so far
[debug] [AndroidBootstrap] Sending command to android: {&quot;cmd&quot;:&quot;action&quot;,&quot;action&quot;:&quot;find&quot;,&quot;params&quot;:{&quot;strategy&quot;:&quot;xpath&quot;,&quot;selector&quot;:&quot;//android.widget.LinearLayout[@content-desc=&apos;Mainz Hbf&apos;]&quot;,&quot;context&quot;:&quot;&quot;,&quot;multiple&quot;:false}}
[debug] [AndroidBootstrap] [BOOTSTRAP LOG] [debug] Got data from client: {&quot;cmd&quot;:&quot;action&quot;,&quot;action&quot;:&quot;find&quot;,&quot;params&quot;:{&quot;strategy&quot;:&quot;xpath&quot;,&quot;selector&quot;:&quot;//android.widget.LinearLayout[@content-desc=&apos;Mainz Hbf&apos;]&quot;,&quot;context&quot;:&quot;&quot;,&quot;multiple&quot;:false}}
[debug] [AndroidBootstrap] [BOOTSTRAP LOG] [debug] Got command of type ACTION
[debug] [AndroidBootstrap] [BOOTSTRAP LOG] [debug] Got command action: find
[debug] [AndroidBootstrap] [BOOTSTRAP LOG] [debug] Finding &apos;//android.widget.LinearLayout[@content-desc=&apos;Mainz Hbf&apos;]&apos; using &apos;XPATH&apos; with the contextId: &apos;&apos; multiple: false
[debug] [AndroidBootstrap] [BOOTSTRAP LOG] [debug] Failed to locate element. Clearing Accessibility cache and retrying.
[debug] [AndroidBootstrap] [BOOTSTRAP LOG] [debug] Finding &apos;//android.widget.LinearLayout[@content-desc=&apos;Mainz Hbf&apos;]&apos; using &apos;XPATH&apos; with the contextId: &apos;&apos; multiple: false
[debug] [AndroidBootstrap] [BOOTSTRAP LOG] [debug] Returning result: {&quot;status&quot;:7,&quot;value&quot;:&quot;No element found&quot;}
[debug] [AndroidBootstrap] Received command result from bootstrap
[debug] [BaseDriver] Waited for 10337 ms so far
[debug] [AndroidBootstrap] Sending command to android: {&quot;cmd&quot;:&quot;action&quot;,&quot;action&quot;:&quot;find&quot;,&quot;params&quot;:{&quot;strategy&quot;:&quot;xpath&quot;,&quot;selector&quot;:&quot;//android.widget.LinearLayout[@content-desc=&apos;Mainz Hbf&apos;]&quot;,&quot;context&quot;:&quot;&quot;,&quot;multiple&quot;:false}}
[debug] [AndroidBootstrap] [BOOTSTRAP LOG] [debug] Got data from client: {&quot;cmd&quot;:&quot;action&quot;,&quot;action&quot;:&quot;find&quot;,&quot;params&quot;:{&quot;strategy&quot;:&quot;xpath&quot;,&quot;selector&quot;:&quot;//android.widget.LinearLayout[@content-desc=&apos;Mainz Hbf&apos;]&quot;,&quot;context&quot;:&quot;&quot;,&quot;multiple&quot;:false}}
[debug] [AndroidBootstrap] [BOOTSTRAP LOG] [debug] Got command of type ACTION
[debug] [AndroidBootstrap] [BOOTSTRAP LOG] [debug] Got command action: find
[debug] [AndroidBootstrap] [BOOTSTRAP LOG] [debug] Finding &apos;//android.widget.LinearLayout[@content-desc=&apos;Mainz Hbf&apos;]&apos; using &apos;XPATH&apos; with the contextId: &apos;&apos; multiple: false
[debug] [AndroidBootstrap] [BOOTSTRAP LOG] [debug] Failed to locate element. Clearing Accessibility cache and retrying.
[debug] [AndroidBootstrap] [BOOTSTRAP LOG] [debug] Finding &apos;//android.widget.LinearLayout[@content-desc=&apos;Mainz Hbf&apos;]&apos; using &apos;XPATH&apos; with the contextId: &apos;&apos; multiple: false
[debug] [AndroidBootstrap] Received command result from bootstrap
[debug] [BaseDriver] Waited for 10934 ms so far
[debug] [AndroidBootstrap] [BOOTSTRAP LOG] [debug] Returning result: {&quot;status&quot;:7,&quot;value&quot;:&quot;No element found&quot;}
[debug] [AndroidBootstrap] Sending command to android: {&quot;cmd&quot;:&quot;action&quot;,&quot;action&quot;:&quot;find&quot;,&quot;params&quot;:{&quot;strategy&quot;:&quot;xpath&quot;,&quot;selector&quot;:&quot;//android.widget.LinearLayout[@content-desc=&apos;Mainz Hbf&apos;]&quot;,&quot;context&quot;:&quot;&quot;,&quot;multiple&quot;:false}}
[debug] [AndroidBootstrap] [BOOTSTRAP LOG] [debug] Got data from client: {&quot;cmd&quot;:&quot;action&quot;,&quot;action&quot;:&quot;find&quot;,&quot;params&quot;:{&quot;strategy&quot;:&quot;xpath&quot;,&quot;selector&quot;:&quot;//android.widget.LinearLayout[@content-desc=&apos;Mainz Hbf&apos;]&quot;,&quot;context&quot;:&quot;&quot;,&quot;multiple&quot;:false}}
[debug] [AndroidBootstrap] [BOOTSTRAP LOG] [debug] Got command of type ACTION
[debug] [AndroidBootstrap] [BOOTSTRAP LOG] [debug] Got command action: find
[debug] [AndroidBootstrap] [BOOTSTRAP LOG] [debug] Finding &apos;//android.widget.LinearLayout[@content-desc=&apos;Mainz Hbf&apos;]&apos; using &apos;XPATH&apos; with the contextId: &apos;&apos; multiple: false
[debug] [AndroidBootstrap] [BOOTSTRAP LOG] [debug] Failed to locate element. Clearing Accessibility cache and retrying.
[debug] [AndroidBootstrap] [BOOTSTRAP LOG] [debug] Finding &apos;//android.widget.LinearLayout[@content-desc=&apos;Mainz Hbf&apos;]&apos; using &apos;XPATH&apos; with the contextId: &apos;&apos; multiple: false
[debug] [AndroidBootstrap] [BOOTSTRAP LOG] [debug] Returning result: {&quot;status&quot;:7,&quot;value&quot;:&quot;No element found&quot;}
[debug] [AndroidBootstrap] Received command result from bootstrap
[debug] [BaseDriver] Waited for 11521 ms so far
[debug] [AndroidBootstrap] Sending command to android: {&quot;cmd&quot;:&quot;action&quot;,&quot;action&quot;:&quot;find&quot;,&quot;params&quot;:{&quot;strategy&quot;:&quot;xpath&quot;,&quot;selector&quot;:&quot;//android.widget.LinearLayout[@content-desc=&apos;Mainz Hbf&apos;]&quot;,&quot;context&quot;:&quot;&quot;,&quot;multiple&quot;:false}}
[debug] [AndroidBootstrap] [BOOTSTRAP LOG] [debug] Got data from client: {&quot;cmd&quot;:&quot;action&quot;,&quot;action&quot;:&quot;find&quot;,&quot;params&quot;:{&quot;strategy&quot;:&quot;xpath&quot;,&quot;selector&quot;:&quot;//android.widget.LinearLayout[@content-desc=&apos;Mainz Hbf&apos;]&quot;,&quot;context&quot;:&quot;&quot;,&quot;multiple&quot;:false}}
[debug] [AndroidBootstrap] [BOOTSTRAP LOG] [debug] Got command of type ACTION
[debug] [AndroidBootstrap] [BOOTSTRAP LOG] [debug] Got command action: find
[debug] [AndroidBootstrap] [BOOTSTRAP LOG] [debug] Finding &apos;//android.widget.LinearLayout[@content-desc=&apos;Mainz Hbf&apos;]&apos; using &apos;XPATH&apos; with the contextId: &apos;&apos; multiple: false
[debug] [AndroidBootstrap] [BOOTSTRAP LOG] [debug] Failed to locate element. Clearing Accessibility cache and retrying.
[debug] [AndroidBootstrap] [BOOTSTRAP LOG] [debug] Finding &apos;//android.widget.LinearLayout[@content-desc=&apos;Mainz Hbf&apos;]&apos; using &apos;XPATH&apos; with the contextId: &apos;&apos; multiple: false
[debug] [AndroidBootstrap] [BOOTSTRAP LOG] [debug] Returning result: {&quot;status&quot;:7,&quot;value&quot;:&quot;No element found&quot;}
[debug] [AndroidBootstrap] Received command result from bootstrap
[debug] [BaseDriver] Waited for 12126 ms so far
[debug] [AndroidBootstrap] Sending command to android: {&quot;cmd&quot;:&quot;action&quot;,&quot;action&quot;:&quot;find&quot;,&quot;params&quot;:{&quot;strategy&quot;:&quot;xpath&quot;,&quot;selector&quot;:&quot;//android.widget.LinearLayout[@content-desc=&apos;Mainz Hbf&apos;]&quot;,&quot;context&quot;:&quot;&quot;,&quot;multiple&quot;:false}}
[debug] [AndroidBootstrap] [BOOTSTRAP LOG] [debug] Got data from client: {&quot;cmd&quot;:&quot;action&quot;,&quot;action&quot;:&quot;find&quot;,&quot;params&quot;:{&quot;strategy&quot;:&quot;xpath&quot;,&quot;selector&quot;:&quot;//android.widget.LinearLayout[@content-desc=&apos;Mainz Hbf&apos;]&quot;,&quot;context&quot;:&quot;&quot;,&quot;multiple&quot;:false}}
[debug] [AndroidBootstrap] [BOOTSTRAP LOG] [debug] Got command of type ACTION
[debug] [AndroidBootstrap] [BOOTSTRAP LOG] [debug] Got command action: find
[debug] [AndroidBootstrap] [BOOTSTRAP LOG] [debug] Finding &apos;//android.widget.LinearLayout[@content-desc=&apos;Mainz Hbf&apos;]&apos; using &apos;XPATH&apos; with the contextId: &apos;&apos; multiple: false
[debug] [AndroidBootstrap] [BOOTSTRAP LOG] [debug] Failed to locate element. Clearing Accessibility cache and retrying.
[debug] [AndroidBootstrap] [BOOTSTRAP LOG] [debug] Finding &apos;//android.widget.LinearLayout[@content-desc=&apos;Mainz Hbf&apos;]&apos; using &apos;XPATH&apos; with the contextId: &apos;&apos; multiple: false
[debug] [AndroidBootstrap] [BOOTSTRAP LOG] [debug] Returning result: {&quot;status&quot;:7,&quot;value&quot;:&quot;No element found&quot;}
[debug] [AndroidBootstrap] Received command result from bootstrap
[debug] [BaseDriver] Waited for 12848 ms so far
[debug] [AndroidBootstrap] Sending command to android: {&quot;cmd&quot;:&quot;action&quot;,&quot;action&quot;:&quot;find&quot;,&quot;params&quot;:{&quot;strategy&quot;:&quot;xpath&quot;,&quot;selector&quot;:&quot;//android.widget.LinearLayout[@content-desc=&apos;Mainz Hbf&apos;]&quot;,&quot;context&quot;:&quot;&quot;,&quot;multiple&quot;:false}}
[debug] [AndroidBootstrap] [BOOTSTRAP LOG] [debug] Got data from client: {&quot;cmd&quot;:&quot;action&quot;,&quot;action&quot;:&quot;find&quot;,&quot;params&quot;:{&quot;strategy&quot;:&quot;xpath&quot;,&quot;selector&quot;:&quot;//android.widget.LinearLayout[@content-desc=&apos;Mainz Hbf&apos;]&quot;,&quot;context&quot;:&quot;&quot;,&quot;multiple&quot;:false}}
[debug] [AndroidBootstrap] [BOOTSTRAP LOG] [debug] Got command of type ACTION
[debug] [AndroidBootstrap] [BOOTSTRAP LOG] [debug] Got command action: find
[debug] [AndroidBootstrap] [BOOTSTRAP LOG] [debug] Finding &apos;//android.widget.LinearLayout[@content-desc=&apos;Mainz Hbf&apos;]&apos; using &apos;XPATH&apos; with the contextId: &apos;&apos; multiple: false
[debug] [AndroidBootstrap] [BOOTSTRAP LOG] [debug] Failed to locate element. Clearing Accessibility cache and retrying.
[debug] [AndroidBootstrap] [BOOTSTRAP LOG] [debug] Finding &apos;//android.widget.LinearLayout[@content-desc=&apos;Mainz Hbf&apos;]&apos; using &apos;XPATH&apos; with the contextId: &apos;&apos; multiple: false
[debug] [AndroidBootstrap] [BOOTSTRAP LOG] [debug] Returning result: {&quot;status&quot;:7,&quot;value&quot;:&quot;No element found&quot;}
[debug] [AndroidBootstrap] Received command result from bootstrap
[debug] [BaseDriver] Waited for 13432 ms so far
[debug] [AndroidBootstrap] Sending command to android: {&quot;cmd&quot;:&quot;action&quot;,&quot;action&quot;:&quot;find&quot;,&quot;params&quot;:{&quot;strategy&quot;:&quot;xpath&quot;,&quot;selector&quot;:&quot;//android.widget.LinearLayout[@content-desc=&apos;Mainz Hbf&apos;]&quot;,&quot;context&quot;:&quot;&quot;,&quot;multiple&quot;:false}}
[Logcat] Logcat terminated with code 0, signal null
[UiAutomator] UiAutomator exited unexpectedly with code 0, signal null
[debug] [UiAutomator] Moving to state &apos;stopped&apos;
[debug] [AndroidDriver] Shutting down Android driver
[Appium] Closing session, cause was &apos;UiAUtomator shut down unexpectedly&apos;
[Appium] Removing session be48fa63-1a12-49d8-a87e-f6f7fc3277f7 from our master session list
[debug] [ADB] Getting connected devices...
[debug] [ADB] 2 device(s) connected
[debug] [ADB] Running &apos;D:\NonBKU\Android-sdk-windows\platform-tools\adb.exe&apos; with args: [&quot;-P&quot;,5037,&quot;-s&quot;,&quot;emulator-5556&quot;,&quot;shell&quot;,&quot;am&quot;,&quot;force-stop&quot;,&quot;de.hafas.android.db&quot;]
[debug] [ADB] Running &apos;D:\NonBKU\Android-sdk-windows\platform-tools\adb.exe&apos; with args: [&quot;-P&quot;,5037,&quot;-s&quot;,&quot;emulator-5556&quot;,&quot;shell&quot;,&quot;am&quot;,&quot;force-stop&quot;,&quot;de.hafas.android.db&quot;]
Unhandled rejection Error: Error executing adbExec. Original error: &apos;Command &apos;D\:\\NonBKU\\Android-sdk-windows\\platform-tools\\adb.exe -P 5037 -s emulator-5556 shell am force-stop de.hafas.android.db&apos; exited with code 1&apos;; Stderr: &apos;error: device &apos;emulator-5556&apos; not found&apos;; Code: &apos;1&apos;
    at ADB.execFunc$ (D:\Users\GouadaDopavogui2\AppData\Local\Programs\appium-desktop\resources\app\node_modules\appium\node_modules\appium-adb\lib\tools\system-calls.js:321:13)
    at tryCatch (D:\Users\GouadaDopavogui2\AppData\Local\Programs\appium-desktop\resources\app\node_modules\appium\node_modules\babel-runtime\regenerator\runtime.js:67:40)
    at GeneratorFunctionPrototype.invoke [as _invoke] (D:\Users\GouadaDopavogui2\AppData\Local\Programs\appium-desktop\resources\app\node_modules\appium\node_modules\babel-runtime\regenerator\runtime.js:315:22)
    at GeneratorFunctionPrototype.prototype.(anonymous function) [as throw] (D:\Users\GouadaDopavogui2\AppData\Local\Programs\appium-desktop\resources\app\node_modules\appium\node_modules\babel-runtime\regenerator\runtime.js:100:21)
    at GeneratorFunctionPrototype.invoke (D:\Users\GouadaDopavogui2\AppData\Local\Programs\appium-desktop\resources\app\node_modules\appium\node_modules\babel-runtime\regenerator\runtime.js:136:37)
    at &lt;anonymous&gt;
[HTTP] &lt;-- POST /wd/hub/session/be48fa63-1a12-49d8-a87e-f6f7fc3277f7/element - - ms - - 
[HTTP] --&gt; POST /wd/hub/session/be48fa63-1a12-49d8-a87e-f6f7fc3277f7/element {&quot;using&quot;:&quot;xpath&quot;,&quot;value&quot;:&quot;//android.widget.LinearLayout[@content-desc=&apos;Mainz Hbf&apos;]&quot;}
[HTTP] &lt;-- POST /wd/hub/session/be48fa63-1a12-49d8-a87e-f6f7fc3277f7/element 404 4 ms - 131 
</system-out>
  </testcase>
  <testcase classname="| Mainz Hbf | Leipzig Hbf |" name="| Mainz Hbf | Leipzig Hbf |" time="0.175">
    <error message="A session is either terminated or not started (WARNING: The server did not provide any stacktrace information)
Command duration or timeout: 122.06 seconds
Build info: version: &apos;3.4.0&apos;, revision: &apos;unknown&apos;, time: &apos;unknown&apos;
System info: host: &apos;BK7N00066974&apos;, ip: &apos;192.168.56.1&apos;, os.name: &apos;Windows 7&apos;, os.arch: &apos;amd64&apos;, os.version: &apos;6.1&apos;, java.version: &apos;1.8.0_144&apos;
Driver info: io.appium.java_client.android.AndroidDriver
Capabilities [{appPackage=de.hafas.android.db, deviceScreenSize=1080x1920, networkConnectionEnabled=true, warnings={}, databaseEnabled=false, deviceName=emulator-5556, platform=LINUX, deviceUDID=emulator-5556, appActivity=de.hafas.main.HafasApp, desired={appPackage=de.hafas.android.db, appActivity=de.hafas.main.HafasApp, newCommandTimeout=60.0, platformVersion=7.0, browserName=Android, platformName=Android, udid=emulator-5556, deviceName=emulator-5556}, newCommandTimeout=60.0, platformVersion=7.0, webStorageEnabled=false, locationContextEnabled=false, takesScreenshot=true, browserName=Android, javascriptEnabled=true, deviceModel=Android SDK built for x86, platformName=Android, udid=emulator-5556, deviceManufacturer=Google}]
Session ID: be48fa63-1a12-49d8-a87e-f6f7fc3277f7
*** Element info: {Using=xpath, value=//android.widget.LinearLayout[@content-desc=&apos;Mainz Hbf&apos;]}" type="org.openqa.selenium.NoSuchSessionException">org.openqa.selenium.NoSuchSessionException: A session is either terminated or not started (WARNING: The server did not provide any stacktrace information)
Command duration or timeout: 122.06 seconds
Build info: version: &apos;3.4.0&apos;, revision: &apos;unknown&apos;, time: &apos;unknown&apos;
System info: host: &apos;BK7N00066974&apos;, ip: &apos;192.168.56.1&apos;, os.name: &apos;Windows 7&apos;, os.arch: &apos;amd64&apos;, os.version: &apos;6.1&apos;, java.version: &apos;1.8.0_144&apos;
Driver info: io.appium.java_client.android.AndroidDriver
Capabilities [{appPackage=de.hafas.android.db, deviceScreenSize=1080x1920, networkConnectionEnabled=true, warnings={}, databaseEnabled=false, deviceName=emulator-5556, platform=LINUX, deviceUDID=emulator-5556, appActivity=de.hafas.main.HafasApp, desired={appPackage=de.hafas.android.db, appActivity=de.hafas.main.HafasApp, newCommandTimeout=60.0, platformVersion=7.0, browserName=Android, platformName=Android, udid=emulator-5556, deviceName=emulator-5556}, newCommandTimeout=60.0, platformVersion=7.0, webStorageEnabled=false, locationContextEnabled=false, takesScreenshot=true, browserName=Android, javascriptEnabled=true, deviceModel=Android SDK built for x86, platformName=Android, udid=emulator-5556, deviceManufacturer=Google}]
Session ID: be48fa63-1a12-49d8-a87e-f6f7fc3277f7
*** Element info: {Using=xpath, value=//android.widget.LinearLayout[@content-desc=&apos;Mainz Hbf&apos;]}
	at sun.reflect.NativeConstructorAccessorImpl.newInstance0(Native Method)
	at sun.reflect.NativeConstructorAccessorImpl.newInstance(NativeConstructorAccessorImpl.java:62)
	at sun.reflect.DelegatingConstructorAccessorImpl.newInstance(DelegatingConstructorAccessorImpl.java:45)
	at java.lang.reflect.Constructor.newInstance(Constructor.java:423)
	at org.openqa.selenium.remote.ErrorHandler.createThrowable(ErrorHandler.java:215)
	at org.openqa.selenium.remote.ErrorHandler.throwIfResponseFailed(ErrorHandler.java:167)
	at org.openqa.selenium.remote.RemoteWebDriver.execute(RemoteWebDriver.java:671)
	at io.appium.java_client.DefaultGenericMobileDriver.execute(DefaultGenericMobileDriver.java:40)
	at io.appium.java_client.AppiumDriver.execute(AppiumDriver.java:1)
	at io.appium.java_client.android.AndroidDriver.execute(AndroidDriver.java:1)
	at org.openqa.selenium.remote.RemoteWebDriver.findElement(RemoteWebDriver.java:410)
	at io.appium.java_client.DefaultGenericMobileDriver.findElement(DefaultGenericMobileDriver.java:56)
	at io.appium.java_client.AppiumDriver.findElement(AppiumDriver.java:1)
	at io.appium.java_client.android.AndroidDriver.findElement(AndroidDriver.java:1)
	at org.openqa.selenium.remote.RemoteWebDriver.findElementByXPath(RemoteWebDriver.java:509)
	at io.appium.java_client.DefaultGenericMobileDriver.findElementByXPath(DefaultGenericMobileDriver.java:134)
	at io.appium.java_client.AppiumDriver.findElementByXPath(AppiumDriver.java:1)
	at io.appium.java_client.android.AndroidDriver.findElementByXPath(AndroidDriver.java:1)
	at core.UIObjectWrapper.tap(UIObjectWrapper.java:187)
	at api.apps.navigator.tripPlaner.TripInformation.clickStationNameInList(TripInformation.java:55)
	at api.apps.navigator.testSteps.TravelInformationSteps.i_enter_the_start_station(TravelInformationSteps.java:145)
	at ✽.Then I enter the start station Mainz Hbf(travelinformation.feature:26)
</error>
  </testcase>
  <testcase classname="| Mainz Hbf | Leipzig Hbf |" name="Then I enter the destination station Leipzig Hbf" time="0.175">
    <skipped/>
  </testcase>
  <testcase classname="| Mainz Hbf | Leipzig Hbf |" name="Then I click the day picker" time="0.175">
    <skipped/>
  </testcase>
  <testcase classname="| Mainz Hbf | Leipzig Hbf |" name="Then I select the travel date" time="0.175">
    <skipped/>
  </testcase>
  <testcase classname="| Mainz Hbf | Leipzig Hbf |" name="Then I click the done button" time="0.175">
    <skipped/>
  </testcase>
  <testcase classname="| Mainz Hbf | Leipzig Hbf |" name="And I click the search button" time="0.175">
    <skipped/>
  </testcase>
  <testcase classname="| Mainz Hbf | Leipzig Hbf |" name="And I scroll down to later button" time="0.175">
    <skipped/>
  </testcase>
  <testcase classname="| Mainz Hbf | Leipzig Hbf |" name="Then I scroll up to earlier button" time="0.175">
    <skipped/>
  </testcase>
  <testcase classname="| Mainz Hbf | Leipzig Hbf |" name="Then I scroll back to later button" time="0.175">
    <skipped/>
  </testcase>
  <testcase classname="| Mainz Hbf | Leipzig Hbf |" name="And I click later button" time="0.176">
    <skipped/>
  </testcase>
  <testcase classname="| Mainz Hbf | Leipzig Hbf |" name="Then I select a trip" time="0.176">
    <skipped/>
  </testcase>
  <testcase classname="| Mainz Hbf | Leipzig Hbf |" name="Then I click mfe button" time="0.176">
    <skipped/>
  </testcase>
  <testcase classname="| Mainz Hbf | Leipzig Hbf |" name="Then I click operation days" time="0.176">
    <skipped/>
  </testcase>
  <testcase classname="| Mainz Hbf | Leipzig Hbf |" name="Then I click back button" time="0.176">
    <skipped/>
  </testcase>
  <testcase classname="| Mainz Hbf | Leipzig Hbf |" name="| Mainz Hbf | Leipzig Hbf |" time="0.186">
    <error message="A session is either terminated or not started (WARNING: The server did not provide any stacktrace information)
Command duration or timeout: 24 milliseconds
Build info: version: &apos;3.4.0&apos;, revision: &apos;unknown&apos;, time: &apos;unknown&apos;
System info: host: &apos;BK7N00066974&apos;, ip: &apos;192.168.56.1&apos;, os.name: &apos;Windows 7&apos;, os.arch: &apos;amd64&apos;, os.version: &apos;6.1&apos;, java.version: &apos;1.8.0_144&apos;
Driver info: io.appium.java_client.android.AndroidDriver
Capabilities [{appPackage=de.hafas.android.db, deviceScreenSize=1080x1920, networkConnectionEnabled=true, warnings={}, databaseEnabled=false, deviceName=emulator-5556, platform=LINUX, deviceUDID=emulator-5556, appActivity=de.hafas.main.HafasApp, desired={appPackage=de.hafas.android.db, appActivity=de.hafas.main.HafasApp, newCommandTimeout=60.0, platformVersion=7.0, browserName=Android, platformName=Android, udid=emulator-5556, deviceName=emulator-5556}, newCommandTimeout=60.0, platformVersion=7.0, webStorageEnabled=false, locationContextEnabled=false, takesScreenshot=true, browserName=Android, javascriptEnabled=true, deviceModel=Android SDK built for x86, platformName=Android, udid=emulator-5556, deviceManufacturer=Google}]
Session ID: be48fa63-1a12-49d8-a87e-f6f7fc3277f7" type="org.openqa.selenium.NoSuchSessionException">org.openqa.selenium.NoSuchSessionException: A session is either terminated or not started (WARNING: The server did not provide any stacktrace information)
Command duration or timeout: 24 milliseconds
Build info: version: &apos;3.4.0&apos;, revision: &apos;unknown&apos;, time: &apos;unknown&apos;
System info: host: &apos;BK7N00066974&apos;, ip: &apos;192.168.56.1&apos;, os.name: &apos;Windows 7&apos;, os.arch: &apos;amd64&apos;, os.version: &apos;6.1&apos;, java.version: &apos;1.8.0_144&apos;
Driver info: io.appium.java_client.android.AndroidDriver
Capabilities [{appPackage=de.hafas.android.db, deviceScreenSize=1080x1920, networkConnectionEnabled=true, warnings={}, databaseEnabled=false, deviceName=emulator-5556, platform=LINUX, deviceUDID=emulator-5556, appActivity=de.hafas.main.HafasApp, desired={appPackage=de.hafas.android.db, appActivity=de.hafas.main.HafasApp, newCommandTimeout=60.0, platformVersion=7.0, browserName=Android, platformName=Android, udid=emulator-5556, deviceName=emulator-5556}, newCommandTimeout=60.0, platformVersion=7.0, webStorageEnabled=false, locationContextEnabled=false, takesScreenshot=true, browserName=Android, javascriptEnabled=true, deviceModel=Android SDK built for x86, platformName=Android, udid=emulator-5556, deviceManufacturer=Google}]
Session ID: be48fa63-1a12-49d8-a87e-f6f7fc3277f7
	at sun.reflect.NativeConstructorAccessorImpl.newInstance0(Native Method)
	at sun.reflect.NativeConstructorAccessorImpl.newInstance(NativeConstructorAccessorImpl.java:62)
	at sun.reflect.DelegatingConstructorAccessorImpl.newInstance(DelegatingConstructorAccessorImpl.java:45)
	at java.lang.reflect.Constructor.newInstance(Constructor.java:423)
	at org.openqa.selenium.remote.ErrorHandler.createThrowable(ErrorHandler.java:215)
	at org.openqa.selenium.remote.ErrorHandler.throwIfResponseFailed(ErrorHandler.java:167)
	at org.openqa.selenium.remote.RemoteWebDriver.execute(RemoteWebDriver.java:671)
	at io.appium.java_client.DefaultGenericMobileDriver.execute(DefaultGenericMobileDriver.java:40)
	at io.appium.java_client.AppiumDriver.execute(AppiumDriver.java:235)
	at io.appium.java_client.AppiumDriver.closeApp(AppiumDriver.java:283)
	at core.manager.DriverManager.killDriver(DriverManager.java:262)
	at api.apps.navigator.testSteps.TravelInformationSteps.finishTest(TravelInformationSteps.java:261)
	at sun.reflect.NativeMethodAccessorImpl.invoke0(Native Method)
	at sun.reflect.NativeMethodAccessorImpl.invoke(NativeMethodAccessorImpl.java:62)
	at sun.reflect.DelegatingMethodAccessorImpl.invoke(DelegatingMethodAccessorImpl.java:43)
	at java.lang.reflect.Method.invoke(Method.java:498)
	at cucumber.runtime.Utils$1.call(Utils.java:40)
	at cucumber.runtime.Timeout.timeout(Timeout.java:16)
	at cucumber.runtime.Utils.invoke(Utils.java:34)
	at cucumber.runtime.java.JavaHookDefinition.execute(JavaHookDefinition.java:60)
	at cucumber.runtime.Runtime.runHookIfTagsMatch(Runtime.java:224)
	at cucumber.runtime.Runtime.runHooks(Runtime.java:212)
	at cucumber.runtime.Runtime.runAfterHooks(Runtime.java:206)
	at cucumber.runtime.model.CucumberScenario.run(CucumberScenario.java:46)
	at cucumber.runtime.junit.ExecutionUnitRunner.run(ExecutionUnitRunner.java:102)
	at org.junit.runners.Suite.runChild(Suite.java:128)
	at org.junit.runners.Suite.runChild(Suite.java:27)
	at org.junit.runners.ParentRunner$3.run(ParentRunner.java:290)
	at org.junit.runners.ParentRunner$1.schedule(ParentRunner.java:71)
	at org.junit.runners.ParentRunner.runChildren(ParentRunner.java:288)
	at org.junit.runners.ParentRunner.access$000(ParentRunner.java:58)
	at org.junit.runners.ParentRunner$2.evaluate(ParentRunner.java:268)
	at org.junit.runners.ParentRunner.run(ParentRunner.java:363)
	at cucumber.runtime.junit.ExamplesRunner.run(ExamplesRunner.java:59)
	at org.junit.runners.Suite.runChild(Suite.java:128)
	at org.junit.runners.Suite.runChild(Suite.java:27)
	at org.junit.runners.ParentRunner$3.run(ParentRunner.java:290)
	at org.junit.runners.ParentRunner$1.schedule(ParentRunner.java:71)
	at org.junit.runners.ParentRunner.runChildren(ParentRunner.java:288)
	at org.junit.runners.ParentRunner.access$000(ParentRunner.java:58)
	at org.junit.runners.ParentRunner$2.evaluate(ParentRunner.java:268)
	at org.junit.runners.ParentRunner.run(ParentRunner.java:363)
	at cucumber.runtime.junit.ScenarioOutlineRunner.run(ScenarioOutlineRunner.java:53)
	at cucumber.runtime.junit.FeatureRunner.runChild(FeatureRunner.java:63)
	at cucumber.runtime.junit.FeatureRunner.runChild(FeatureRunner.java:18)
	at org.junit.runners.ParentRunner$3.run(ParentRunner.java:290)
	at org.junit.runners.ParentRunner$1.schedule(ParentRunner.java:71)
	at org.junit.runners.ParentRunner.runChildren(ParentRunner.java:288)
	at org.junit.runners.ParentRunner.access$000(ParentRunner.java:58)
	at org.junit.runners.ParentRunner$2.evaluate(ParentRunner.java:268)
	at org.junit.runners.ParentRunner.run(ParentRunner.java:363)
	at cucumber.runtime.junit.FeatureRunner.run(FeatureRunner.java:70)
	at cucumber.api.junit.Cucumber.runChild(Cucumber.java:95)
	at cucumber.api.junit.Cucumber.runChild(Cucumber.java:38)
	at org.junit.runners.ParentRunner$3.run(ParentRunner.java:290)
	at org.junit.runners.ParentRunner$1.schedule(ParentRunner.java:71)
	at org.junit.runners.ParentRunner.runChildren(ParentRunner.java:288)
	at org.junit.runners.ParentRunner.access$000(ParentRunner.java:58)
	at org.junit.runners.ParentRunner$2.evaluate(ParentRunner.java:268)
	at org.junit.runners.ParentRunner.run(ParentRunner.java:363)
	at cucumber.api.junit.Cucumber.run(Cucumber.java:100)
	at org.apache.maven.surefire.junit4.JUnit4TestSet.execute(JUnit4TestSet.java:53)
	at org.apache.maven.surefire.junit4.JUnit4Provider.executeTestSet(JUnit4Provider.java:123)
	at org.apache.maven.surefire.junit4.JUnit4Provider.invoke(JUnit4Provider.java:104)
	at sun.reflect.NativeMethodAccessorImpl.invoke0(Native Method)
	at sun.reflect.NativeMethodAccessorImpl.invoke(NativeMethodAccessorImpl.java:62)
	at sun.reflect.DelegatingMethodAccessorImpl.invoke(DelegatingMethodAccessorImpl.java:43)
	at java.lang.reflect.Method.invoke(Method.java:498)
	at org.apache.maven.surefire.util.ReflectionUtils.invokeMethodWithArray(ReflectionUtils.java:164)
	at org.apache.maven.surefire.booter.ProviderFactory$ProviderProxy.invoke(ProviderFactory.java:110)
	at org.apache.maven.surefire.booter.SurefireStarter.invokeProvider(SurefireStarter.java:175)
	at org.apache.maven.surefire.booter.SurefireStarter.runSuitesInProcessWhenForked(SurefireStarter.java:107)
	at org.apache.maven.surefire.booter.ForkedBooter.main(ForkedBooter.java:68)
</error>
    <system-out>2018-04-06 08:51:19 INFO  MyLogger:131 - updating device prop/capas...emulator-5556
[HTTP] --&gt; POST /wd/hub/session/be48fa63-1a12-49d8-a87e-f6f7fc3277f7/appium/app/close {}
[HTTP] &lt;-- POST /wd/hub/session/be48fa63-1a12-49d8-a87e-f6f7fc3277f7/appium/app/close 404 8 ms - 131 
</system-out>
  </testcase>
  <testcase classname="Given navigator is started(| Frankfurt(Main)Hbf | Frankfurt(Main)Flugh |)" name="Given navigator is started" time="0.014">
    <failure message="the app could not be started" type="java.lang.AssertionError">java.lang.AssertionError: the app could not be started
	at org.junit.Assert.fail(Assert.java:88)
	at org.junit.Assert.assertTrue(Assert.java:41)
	at api.apps.navigator.testSteps.TravelInformationSteps.navigator_app_is_startted(TravelInformationSteps.java:128)
	at ✽.Given navigator is started(travelinformation.feature:25)
</failure>
    <system-out>&amp;#27;[31mFailure in after hook:&amp;#27;[0m&amp;#27;[31mTravelInformationSteps.finishTest()&amp;#27;[0m
&amp;#27;[31mMessage: &amp;#27;[0m&amp;#27;[31morg.openqa.selenium.NoSuchSessionException: A session is either terminated or not started (WARNING: The server did not provide any stacktrace information)
Command duration or timeout: 24 milliseconds
Build info: version: &apos;3.4.0&apos;, revision: &apos;unknown&apos;, time: &apos;unknown&apos;
System info: host: &apos;BK7N00066974&apos;, ip: &apos;192.168.56.1&apos;, os.name: &apos;Windows 7&apos;, os.arch: &apos;amd64&apos;, os.version: &apos;6.1&apos;, java.version: &apos;1.8.0_144&apos;
Driver info: io.appium.java_client.android.AndroidDriver
Capabilities [{appPackage=de.hafas.android.db, deviceScreenSize=1080x1920, networkConnectionEnabled=true, warnings={}, databaseEnabled=false, deviceName=emulator-5556, platform=LINUX, deviceUDID=emulator-5556, appActivity=de.hafas.main.HafasApp, desired={appPackage=de.hafas.android.db, appActivity=de.hafas.main.HafasApp, newCommandTimeout=60.0, platformVersion=7.0, browserName=Android, platformName=Android, udid=emulator-5556, deviceName=emulator-5556}, newCommandTimeout=60.0, platformVersion=7.0, webStorageEnabled=false, locationContextEnabled=false, takesScreenshot=true, browserName=Android, javascriptEnabled=true, deviceModel=Android SDK built for x86, platformName=Android, udid=emulator-5556, deviceManufacturer=Google}]
Session ID: be48fa63-1a12-49d8-a87e-f6f7fc3277f7
	at sun.reflect.NativeConstructorAccessorImpl.newInstance0(Native Method)
	at sun.reflect.NativeConstructorAccessorImpl.newInstance(NativeConstructorAccessorImpl.java:62)
	at sun.reflect.DelegatingConstructorAccessorImpl.newInstance(DelegatingConstructorAccessorImpl.java:45)
	at java.lang.reflect.Constructor.newInstance(Constructor.java:423)
	at org.openqa.selenium.remote.ErrorHandler.createThrowable(ErrorHandler.java:215)
	at org.openqa.selenium.remote.ErrorHandler.throwIfResponseFailed(ErrorHandler.java:167)
	at org.openqa.selenium.remote.RemoteWebDriver.execute(RemoteWebDriver.java:671)
	at io.appium.java_client.DefaultGenericMobileDriver.execute(DefaultGenericMobileDriver.java:40)
	at io.appium.java_client.AppiumDriver.execute(AppiumDriver.java:235)
	at io.appium.java_client.AppiumDriver.closeApp(AppiumDriver.java:283)
	at core.manager.DriverManager.killDriver(DriverManager.java:262)
	at api.apps.navigator.testSteps.TravelInformationSteps.finishTest(TravelInformationSteps.java:261)
	at sun.reflect.NativeMethodAccessorImpl.invoke0(Native Method)
	at sun.reflect.NativeMethodAccessorImpl.invoke(NativeMethodAccessorImpl.java:62)
	at sun.reflect.DelegatingMethodAccessorImpl.invoke(DelegatingMethodAccessorImpl.java:43)
	at java.lang.reflect.Method.invoke(Method.java:498)
	at cucumber.runtime.Utils$1.call(Utils.java:40)
	at cucumber.runtime.Timeout.timeout(Timeout.java:16)
	at cucumber.runtime.Utils.invoke(Utils.java:34)
	at cucumber.runtime.java.JavaHookDefinition.execute(JavaHookDefinition.java:60)
	at cucumber.runtime.Runtime.runHookIfTagsMatch(Runtime.java:224)
	at cucumber.runtime.Runtime.runHooks(Runtime.java:212)
	at cucumber.runtime.Runtime.runAfterHooks(Runtime.java:206)
	at cucumber.runtime.model.CucumberScenario.run(CucumberScenario.java:46)
	at cucumber.runtime.junit.ExecutionUnitRunner.run(ExecutionUnitRunner.java:102)
	at org.junit.runners.Suite.runChild(Suite.java:128)
	at org.junit.runners.Suite.runChild(Suite.java:27)
	at org.junit.runners.ParentRunner$3.run(ParentRunner.java:290)
	at org.junit.runners.ParentRunner$1.schedule(ParentRunner.java:71)
	at org.junit.runners.ParentRunner.runChildren(ParentRunner.java:288)
	at org.junit.runners.ParentRunner.access$000(ParentRunner.java:58)
	at org.junit.runners.ParentRunner$2.evaluate(ParentRunner.java:268)
	at org.junit.runners.ParentRunner.run(ParentRunner.java:363)
	at cucumber.runtime.junit.ExamplesRunner.run(ExamplesRunner.java:59)
	at org.junit.runners.Suite.runChild(Suite.java:128)
	at org.junit.runners.Suite.runChild(Suite.java:27)
	at org.junit.runners.ParentRunner$3.run(ParentRunner.java:290)
	at org.junit.runners.ParentRunner$1.schedule(ParentRunner.java:71)
	at org.junit.runners.ParentRunner.runChildren(ParentRunner.java:288)
	at org.junit.runners.ParentRunner.access$000(ParentRunner.java:58)
	at org.junit.runners.ParentRunner$2.evaluate(ParentRunner.java:268)
	at org.junit.runners.ParentRunner.run(ParentRunner.java:363)
	at cucumber.runtime.junit.ScenarioOutlineRunner.run(ScenarioOutlineRunner.java:53)
	at cucumber.runtime.junit.FeatureRunner.runChild(FeatureRunner.java:63)
	at cucumber.runtime.junit.FeatureRunner.runChild(FeatureRunner.java:18)
	at org.junit.runners.ParentRunner$3.run(ParentRunner.java:290)
	at org.junit.runners.ParentRunner$1.schedule(ParentRunner.java:71)
	at org.junit.runners.ParentRunner.runChildren(ParentRunner.java:288)
	at org.junit.runners.ParentRunner.access$000(ParentRunner.java:58)
	at org.junit.runners.ParentRunner$2.evaluate(ParentRunner.java:268)
	at org.junit.runners.ParentRunner.run(ParentRunner.java:363)
	at cucumber.runtime.junit.FeatureRunner.run(FeatureRunner.java:70)
	at cucumber.api.junit.Cucumber.runChild(Cucumber.java:95)
	at cucumber.api.junit.Cucumber.runChild(Cucumber.java:38)
	at org.junit.runners.ParentRunner$3.run(ParentRunner.java:290)
	at org.junit.runners.ParentRunner$1.schedule(ParentRunner.java:71)
	at org.junit.runners.ParentRunner.runChildren(ParentRunner.java:288)
	at org.junit.runners.ParentRunner.access$000(ParentRunner.java:58)
	at org.junit.runners.ParentRunner$2.evaluate(ParentRunner.java:268)
	at org.junit.runners.ParentRunner.run(ParentRunner.java:363)
	at cucumber.api.junit.Cucumber.run(Cucumber.java:100)
	at org.apache.maven.surefire.junit4.JUnit4TestSet.execute(JUnit4TestSet.java:53)
	at org.apache.maven.surefire.junit4.JUnit4Provider.executeTestSet(JUnit4Provider.java:123)
	at org.apache.maven.surefire.junit4.JUnit4Provider.invoke(JUnit4Provider.java:104)
	at sun.reflect.NativeMethodAccessorImpl.invoke0(Native Method)
	at sun.reflect.NativeMethodAccessorImpl.invoke(NativeMethodAccessorImpl.java:62)
[...]
2018-04-06 08:51:58 INFO  MyLogger:88 - executing command...  D:\NonBKU\Android-sdk-windows\platform-tools\adb -s emulator-5556 shell dumpsys window windows | grep mCurrentFocus
2018-04-06 08:51:59 INFO  MyLogger:103 - server output 
</system-out>
    <system-err>org.openqa.selenium.WebDriverException: An unknown server-side error occurred while processing the command. Original error: Could not find a connected Android device. (WARNING: The server did not provide any stacktrace information)
Command duration or timeout: 32.59 seconds
Build info: version: &apos;3.4.0&apos;, revision: &apos;unknown&apos;, time: &apos;unknown&apos;
System info: host: &apos;BK7N00066974&apos;, ip: &apos;192.168.56.1&apos;, os.name: &apos;Windows 7&apos;, os.arch: &apos;amd64&apos;, os.version: &apos;6.1&apos;, java.version: &apos;1.8.0_144&apos;
Driver info: driver.version: AndroidDriver
	at sun.reflect.NativeConstructorAccessorImpl.newInstance0(Native Method)
	at sun.reflect.NativeConstructorAccessorImpl.newInstance(NativeConstructorAccessorImpl.java:62)
	at sun.reflect.DelegatingConstructorAccessorImpl.newInstance(DelegatingConstructorAccessorImpl.java:45)
	at java.lang.reflect.Constructor.newInstance(Constructor.java:423)
	at org.openqa.selenium.remote.ErrorHandler.createThrowable(ErrorHandler.java:215)
	at org.openqa.selenium.remote.ErrorHandler.throwIfResponseFailed(ErrorHandler.java:167)
	at org.openqa.selenium.remote.JsonWireProtocolResponse.lambda$new$0(JsonWireProtocolResponse.java:53)
	at org.openqa.selenium.remote.JsonWireProtocolResponse.lambda$getResponseFunction$2(JsonWireProtocolResponse.java:91)
	at org.openqa.selenium.remote.ProtocolHandshake.lambda$createSession$22(ProtocolHandshake.java:365)
	at java.util.stream.ReferencePipeline$3$1.accept(ReferencePipeline.java:193)
	at java.util.Spliterators$ArraySpliterator.tryAdvance(Spliterators.java:958)
	at java.util.stream.ReferencePipeline.forEachWithCancel(ReferencePipeline.java:126)
	at java.util.stream.AbstractPipeline.copyIntoWithCancel(AbstractPipeline.java:498)
	at java.util.stream.AbstractPipeline.copyInto(AbstractPipeline.java:485)
	at java.util.stream.AbstractPipeline.wrapAndCopyInto(AbstractPipeline.java:471)
	at java.util.stream.FindOps$FindOp.evaluateSequential(FindOps.java:152)
	at java.util.stream.AbstractPipeline.evaluate(AbstractPipeline.java:234)
	at java.util.stream.ReferencePipeline.findFirst(ReferencePipeline.java:464)
	at org.openqa.selenium.remote.ProtocolHandshake.createSession(ProtocolHandshake.java:368)
	at org.openqa.selenium.remote.ProtocolHandshake.createSession(ProtocolHandshake.java:159)
	at org.openqa.selenium.remote.HttpCommandExecutor.execute(HttpCommandExecutor.java:142)
	at io.appium.java_client.remote.AppiumCommandExecutor.execute(AppiumCommandExecutor.java:69)
	at org.openqa.selenium.remote.RemoteWebDriver.execute(RemoteWebDriver.java:637)
	at io.appium.java_client.DefaultGenericMobileDriver.execute(DefaultGenericMobileDriver.java:40)
	at io.appium.java_client.AppiumDriver.execute(AppiumDriver.java:1)
	at io.appium.java_client.android.AndroidDriver.execute(AndroidDriver.java:1)
	at org.openqa.selenium.remote.RemoteWebDriver.startSession(RemoteWebDriver.java:250)
	at org.openqa.selenium.remote.RemoteWebDriver.startSession(RemoteWebDriver.java:236)
	at org.openqa.selenium.remote.RemoteWebDriver.&lt;init&gt;(RemoteWebDriver.java:137)
	at io.appium.java_client.DefaultGenericMobileDriver.&lt;init&gt;(DefaultGenericMobileDriver.java:36)
	at io.appium.java_client.AppiumDriver.&lt;init&gt;(AppiumDriver.java:114)
	at io.appium.java_client.AppiumDriver.&lt;init&gt;(AppiumDriver.java:132)
	at io.appium.java_client.android.AndroidDriver.&lt;init&gt;(AndroidDriver.java:92)
	at core.manager.DriverManager.createAndroidDriver(DriverManager.java:214)
	at api.apps.navigator.testSteps.TravelInformationSteps.navigator_app_is_startted(TravelInformationSteps.java:117)
	at sun.reflect.NativeMethodAccessorImpl.invoke0(Native Method)
	at sun.reflect.NativeMethodAccessorImpl.invoke(NativeMethodAccessorImpl.java:62)
	at sun.reflect.DelegatingMethodAccessorImpl.invoke(DelegatingMethodAccessorImpl.java:43)
	at java.lang.reflect.Method.invoke(Method.java:498)
	at cucumber.runtime.Utils$1.call(Utils.java:40)
	at cucumber.runtime.Timeout.timeout(Timeout.java:16)
	at cucumber.runtime.Utils.invoke(Utils.java:34)
	at cucumber.runtime.java.JavaStepDefinition.execute(JavaStepDefinition.java:38)
	at cucumber.runtime.StepDefinitionMatch.runStep(StepDefinitionMatch.java:37)
	at cucumber.runtime.Runtime.runStep(Runtime.java:300)
	at cucumber.runtime.model.StepContainer.runStep(StepContainer.java:44)
	at cucumber.runtime.model.StepContainer.runSteps(StepContainer.java:39)
	at cucumber.runtime.model.CucumberScenario.run(CucumberScenario.java:44)
	at cucumber.runtime.junit.ExecutionUnitRunner.run(ExecutionUnitRunner.java:102)
	at org.junit.runners.Suite.runChild(Suite.java:128)
	at org.junit.runners.Suite.runChild(Suite.java:27)
	at org.junit.runners.ParentRunner$3.run(ParentRunner.java:290)
	at org.junit.runners.ParentRunner$1.schedule(ParentRunner.java:71)
	at org.junit.runners.ParentRunner.runChildren(ParentRunner.java:288)
	at org.junit.runners.ParentRunner.access$000(ParentRunner.java:58)
	at org.junit.runners.ParentRunner$2.evaluate(ParentRunner.java:268)
	at org.junit.runners.ParentRunner.run(ParentRunner.java:363)
	at cucumber.runtime.junit.ExamplesRunner.run(ExamplesRunner.java:59)
	at org.junit.runners.Suite.runChild(Suite.java:128)
	at org.junit.runners.Suite.runChild(Suite.java:27)
	at org.junit.runners.ParentRunner$3.run(ParentRunner.java:290)
	at org.junit.runners.ParentRunner$1.schedule(ParentRunner.java:71)
	at org.junit.runners.ParentRunner.runChildren(ParentRunner.java:288)
	at org.junit.runners.ParentRunner.access$000(ParentRunner.java:58)
	at org.junit.runners.ParentRunner$2.evaluate(ParentRunner.java:268)
	at org.junit.runners.ParentRunner.run(ParentRunner.java:363)
	at cucumber.runtime.junit.ScenarioOutlineRunner.run(ScenarioOutlineRunner.java:53)
	at cucumber.runtime.junit.FeatureRunner.runChild(FeatureRunner.java:63)
	at cucumber.runtime.junit.FeatureRunner.runChild(FeatureRunner.java:18)
	at org.junit.runners.ParentRunner$3.run(ParentRunner.java:290)
	at org.junit.runners.ParentRunner$1.schedule(ParentRunner.java:71)
	at org.junit.runners.ParentRunner.runChildren(ParentRunner.java:288)
	at org.junit.runners.ParentRunner.access$000(ParentRunner.java:58)
	at org.junit.runners.ParentRunner$2.evaluate(ParentRunner.java:268)
	at org.junit.runners.ParentRunner.run(ParentRunner.java:363)
	at cucumber.runtime.junit.FeatureRunner.run(FeatureRunner.java:70)
	at cucumber.api.junit.Cucumber.runChild(Cucumber.java:95)
	at cucumber.api.junit.Cucumber.runChild(Cucumber.java:38)
	at org.junit.runners.ParentRunner$3.run(ParentRunner.java:290)
	at org.junit.runners.ParentRunner$1.schedule(ParentRunner.java:71)
	at org.junit.runners.ParentRunner.runChildren(ParentRunner.java:288)
	at org.junit.runners.ParentRunner.access$000(ParentRunner.java:58)
	at org.junit.runners.ParentRunner$2.evaluate(ParentRunner.java:268)
	at org.junit.runners.ParentRunner.run(ParentRunner.java:363)
	at cucumber.api.junit.Cucumber.run(Cucumber.java:100)
	at org.apache.maven.surefire.junit4.JUnit4TestSet.execute(JUnit4TestSet.java:53)
	at org.apache.maven.surefire.junit4.JUnit4Provider.executeTestSet(JUnit4Provider.java:123)
	at org.apache.maven.surefire.junit4.JUnit4Provider.invoke(JUnit4Provider.java:104)
	at sun.reflect.NativeMethodAccessorImpl.invoke0(Native Method)
	at sun.reflect.NativeMethodAccessorImpl.invoke(NativeMethodAccessorImpl.java:62)
	at sun.reflect.DelegatingMethodAccessorImpl.invoke(DelegatingMethodAccessorImpl.java:43)
	at java.lang.reflect.Method.invoke(Method.java:498)
	at org.apache.maven.surefire.util.ReflectionUtils.invokeMethodWithArray(ReflectionUtils.java:164)
	at org.apache.maven.surefire.booter.ProviderFactory$ProviderProxy.invoke(ProviderFactory.java:110)
	at org.apache.maven.surefire.booter.SurefireStarter.invokeProvider(SurefireStarter.java:175)
	at org.apache.maven.surefire.booter.SurefireStarter.runSuitesInProcessWhenForked(SurefireStarter.java:107)
	at org.apache.maven.surefire.booter.ForkedBooter.main(ForkedBooter.java:68)
</system-err>
  </testcase>
  <testcase classname="| Frankfurt(Main)Hbf | Frankfurt(Main)Flugh |" name="| Frankfurt" time="0.015">
    <failure message="the app could not be started" type="java.lang.AssertionError">java.lang.AssertionError: the app could not be started
	at org.junit.Assert.fail(Assert.java:88)
	at org.junit.Assert.assertTrue(Assert.java:41)
	at api.apps.navigator.testSteps.TravelInformationSteps.navigator_app_is_startted(TravelInformationSteps.java:128)
	at ✽.Given navigator is started(travelinformation.feature:25)
</failure>
  </testcase>
  <testcase classname="Then I enter the start station Frankfurt(Main)Hbf(| Frankfurt(Main)Hbf | Frankfurt(Main)Flugh |)" name="Then I enter the start station Frankfurt" time="0.015">
    <skipped/>
  </testcase>
  <testcase classname="Then I enter the destination station Frankfurt(Main)Flugh(| Frankfurt(Main)Hbf | Frankfurt(Main)Flugh |)" name="Then I enter the destination station Frankfurt" time="0.015">
    <skipped/>
  </testcase>
  <testcase classname="Then I click the day picker(| Frankfurt(Main)Hbf | Frankfurt(Main)Flugh |)" name="Then I click the day picker" time="0.015">
    <skipped/>
  </testcase>
  <testcase classname="Then I select the travel date(| Frankfurt(Main)Hbf | Frankfurt(Main)Flugh |)" name="Then I select the travel date" time="0.015">
    <skipped/>
  </testcase>
  <testcase classname="Then I click the done button(| Frankfurt(Main)Hbf | Frankfurt(Main)Flugh |)" name="Then I click the done button" time="0.015">
    <skipped/>
  </testcase>
  <testcase classname="And I click the search button(| Frankfurt(Main)Hbf | Frankfurt(Main)Flugh |)" name="And I click the search button" time="0.015">
    <skipped/>
  </testcase>
  <testcase classname="And I scroll down to later button(| Frankfurt(Main)Hbf | Frankfurt(Main)Flugh |)" name="And I scroll down to later button" time="0.016">
    <skipped/>
  </testcase>
  <testcase classname="Then I scroll up to earlier button(| Frankfurt(Main)Hbf | Frankfurt(Main)Flugh |)" name="Then I scroll up to earlier button" time="0.017">
    <skipped/>
  </testcase>
  <testcase classname="Then I scroll back to later button(| Frankfurt(Main)Hbf | Frankfurt(Main)Flugh |)" name="Then I scroll back to later button" time="0.019">
    <skipped/>
  </testcase>
  <testcase classname="And I click later button(| Frankfurt(Main)Hbf | Frankfurt(Main)Flugh |)" name="And I click later button" time="0.021">
    <skipped/>
  </testcase>
  <testcase classname="Then I select a trip(| Frankfurt(Main)Hbf | Frankfurt(Main)Flugh |)" name="Then I select a trip" time="0.022">
    <skipped/>
  </testcase>
  <testcase classname="Then I click mfe button(| Frankfurt(Main)Hbf | Frankfurt(Main)Flugh |)" name="Then I click mfe button" time="0.024">
    <skipped/>
  </testcase>
  <testcase classname="Then I click operation days(| Frankfurt(Main)Hbf | Frankfurt(Main)Flugh |)" name="Then I click operation days" time="0.026">
    <skipped/>
  </testcase>
  <testcase classname="Then I click back button(| Frankfurt(Main)Hbf | Frankfurt(Main)Flugh |)" name="Then I click back button" time="0.028">
    <skipped/>
  </testcase>
  <testcase classname="| Frankfurt(Main)Hbf | Frankfurt(Main)Flugh |" name="| Frankfurt" time="0.059">
    <error message="A session is either terminated or not started (WARNING: The server did not provide any stacktrace information)
Command duration or timeout: 13 milliseconds
Build info: version: &apos;3.4.0&apos;, revision: &apos;unknown&apos;, time: &apos;unknown&apos;
System info: host: &apos;BK7N00066974&apos;, ip: &apos;192.168.56.1&apos;, os.name: &apos;Windows 7&apos;, os.arch: &apos;amd64&apos;, os.version: &apos;6.1&apos;, java.version: &apos;1.8.0_144&apos;
Driver info: io.appium.java_client.android.AndroidDriver
Capabilities [{appPackage=de.hafas.android.db, deviceScreenSize=1080x1920, networkConnectionEnabled=true, warnings={}, databaseEnabled=false, deviceName=emulator-5556, platform=LINUX, deviceUDID=emulator-5556, appActivity=de.hafas.main.HafasApp, desired={appPackage=de.hafas.android.db, appActivity=de.hafas.main.HafasApp, newCommandTimeout=60.0, platformVersion=7.0, browserName=Android, platformName=Android, udid=emulator-5556, deviceName=emulator-5556}, newCommandTimeout=60.0, platformVersion=7.0, webStorageEnabled=false, locationContextEnabled=false, takesScreenshot=true, browserName=Android, javascriptEnabled=true, deviceModel=Android SDK built for x86, platformName=Android, udid=emulator-5556, deviceManufacturer=Google}]
Session ID: be48fa63-1a12-49d8-a87e-f6f7fc3277f7" type="org.openqa.selenium.NoSuchSessionException">org.openqa.selenium.NoSuchSessionException: A session is either terminated or not started (WARNING: The server did not provide any stacktrace information)
Command duration or timeout: 13 milliseconds
Build info: version: &apos;3.4.0&apos;, revision: &apos;unknown&apos;, time: &apos;unknown&apos;
System info: host: &apos;BK7N00066974&apos;, ip: &apos;192.168.56.1&apos;, os.name: &apos;Windows 7&apos;, os.arch: &apos;amd64&apos;, os.version: &apos;6.1&apos;, java.version: &apos;1.8.0_144&apos;
Driver info: io.appium.java_client.android.AndroidDriver
Capabilities [{appPackage=de.hafas.android.db, deviceScreenSize=1080x1920, networkConnectionEnabled=true, warnings={}, databaseEnabled=false, deviceName=emulator-5556, platform=LINUX, deviceUDID=emulator-5556, appActivity=de.hafas.main.HafasApp, desired={appPackage=de.hafas.android.db, appActivity=de.hafas.main.HafasApp, newCommandTimeout=60.0, platformVersion=7.0, browserName=Android, platformName=Android, udid=emulator-5556, deviceName=emulator-5556}, newCommandTimeout=60.0, platformVersion=7.0, webStorageEnabled=false, locationContextEnabled=false, takesScreenshot=true, browserName=Android, javascriptEnabled=true, deviceModel=Android SDK built for x86, platformName=Android, udid=emulator-5556, deviceManufacturer=Google}]
Session ID: be48fa63-1a12-49d8-a87e-f6f7fc3277f7
	at sun.reflect.NativeConstructorAccessorImpl.newInstance0(Native Method)
	at sun.reflect.NativeConstructorAccessorImpl.newInstance(NativeConstructorAccessorImpl.java:62)
	at sun.reflect.DelegatingConstructorAccessorImpl.newInstance(DelegatingConstructorAccessorImpl.java:45)
	at java.lang.reflect.Constructor.newInstance(Constructor.java:423)
	at org.openqa.selenium.remote.ErrorHandler.createThrowable(ErrorHandler.java:215)
	at org.openqa.selenium.remote.ErrorHandler.throwIfResponseFailed(ErrorHandler.java:167)
	at org.openqa.selenium.remote.RemoteWebDriver.execute(RemoteWebDriver.java:671)
	at io.appium.java_client.DefaultGenericMobileDriver.execute(DefaultGenericMobileDriver.java:40)
	at io.appium.java_client.AppiumDriver.execute(AppiumDriver.java:235)
	at io.appium.java_client.AppiumDriver.closeApp(AppiumDriver.java:283)
	at core.manager.DriverManager.killDriver(DriverManager.java:262)
	at api.apps.navigator.testSteps.TravelInformationSteps.finishTest(TravelInformationSteps.java:261)
	at sun.reflect.NativeMethodAccessorImpl.invoke0(Native Method)
	at sun.reflect.NativeMethodAccessorImpl.invoke(NativeMethodAccessorImpl.java:62)
	at sun.reflect.DelegatingMethodAccessorImpl.invoke(DelegatingMethodAccessorImpl.java:43)
	at java.lang.reflect.Method.invoke(Method.java:498)
	at cucumber.runtime.Utils$1.call(Utils.java:40)
	at cucumber.runtime.Timeout.timeout(Timeout.java:16)
	at cucumber.runtime.Utils.invoke(Utils.java:34)
	at cucumber.runtime.java.JavaHookDefinition.execute(JavaHookDefinition.java:60)
	at cucumber.runtime.Runtime.runHookIfTagsMatch(Runtime.java:224)
	at cucumber.runtime.Runtime.runHooks(Runtime.java:212)
	at cucumber.runtime.Runtime.runAfterHooks(Runtime.java:206)
	at cucumber.runtime.model.CucumberScenario.run(CucumberScenario.java:46)
	at cucumber.runtime.junit.ExecutionUnitRunner.run(ExecutionUnitRunner.java:102)
	at org.junit.runners.Suite.runChild(Suite.java:128)
	at org.junit.runners.Suite.runChild(Suite.java:27)
	at org.junit.runners.ParentRunner$3.run(ParentRunner.java:290)
	at org.junit.runners.ParentRunner$1.schedule(ParentRunner.java:71)
	at org.junit.runners.ParentRunner.runChildren(ParentRunner.java:288)
	at org.junit.runners.ParentRunner.access$000(ParentRunner.java:58)
	at org.junit.runners.ParentRunner$2.evaluate(ParentRunner.java:268)
	at org.junit.runners.ParentRunner.run(ParentRunner.java:363)
	at cucumber.runtime.junit.ExamplesRunner.run(ExamplesRunner.java:59)
	at org.junit.runners.Suite.runChild(Suite.java:128)
	at org.junit.runners.Suite.runChild(Suite.java:27)
	at org.junit.runners.ParentRunner$3.run(ParentRunner.java:290)
	at org.junit.runners.ParentRunner$1.schedule(ParentRunner.java:71)
	at org.junit.runners.ParentRunner.runChildren(ParentRunner.java:288)
	at org.junit.runners.ParentRunner.access$000(ParentRunner.java:58)
	at org.junit.runners.ParentRunner$2.evaluate(ParentRunner.java:268)
	at org.junit.runners.ParentRunner.run(ParentRunner.java:363)
	at cucumber.runtime.junit.ScenarioOutlineRunner.run(ScenarioOutlineRunner.java:53)
	at cucumber.runtime.junit.FeatureRunner.runChild(FeatureRunner.java:63)
	at cucumber.runtime.junit.FeatureRunner.runChild(FeatureRunner.java:18)
	at org.junit.runners.ParentRunner$3.run(ParentRunner.java:290)
	at org.junit.runners.ParentRunner$1.schedule(ParentRunner.java:71)
	at org.junit.runners.ParentRunner.runChildren(ParentRunner.java:288)
	at org.junit.runners.ParentRunner.access$000(ParentRunner.java:58)
	at org.junit.runners.ParentRunner$2.evaluate(ParentRunner.java:268)
	at org.junit.runners.ParentRunner.run(ParentRunner.java:363)
	at cucumber.runtime.junit.FeatureRunner.run(FeatureRunner.java:70)
	at cucumber.api.junit.Cucumber.runChild(Cucumber.java:95)
	at cucumber.api.junit.Cucumber.runChild(Cucumber.java:38)
	at org.junit.runners.ParentRunner$3.run(ParentRunner.java:290)
	at org.junit.runners.ParentRunner$1.schedule(ParentRunner.java:71)
	at org.junit.runners.ParentRunner.runChildren(ParentRunner.java:288)
	at org.junit.runners.ParentRunner.access$000(ParentRunner.java:58)
	at org.junit.runners.ParentRunner$2.evaluate(ParentRunner.java:268)
	at org.junit.runners.ParentRunner.run(ParentRunner.java:363)
	at cucumber.api.junit.Cucumber.run(Cucumber.java:100)
	at org.apache.maven.surefire.junit4.JUnit4TestSet.execute(JUnit4TestSet.java:53)
	at org.apache.maven.surefire.junit4.JUnit4Provider.executeTestSet(JUnit4Provider.java:123)
	at org.apache.maven.surefire.junit4.JUnit4Provider.invoke(JUnit4Provider.java:104)
	at sun.reflect.NativeMethodAccessorImpl.invoke0(Native Method)
	at sun.reflect.NativeMethodAccessorImpl.invoke(NativeMethodAccessorImpl.java:62)
	at sun.reflect.DelegatingMethodAccessorImpl.invoke(DelegatingMethodAccessorImpl.java:43)
	at java.lang.reflect.Method.invoke(Method.java:498)
	at org.apache.maven.surefire.util.ReflectionUtils.invokeMethodWithArray(ReflectionUtils.java:164)
	at org.apache.maven.surefire.booter.ProviderFactory$ProviderProxy.invoke(ProviderFactory.java:110)
	at org.apache.maven.surefire.booter.SurefireStarter.invokeProvider(SurefireStarter.java:175)
	at org.apache.maven.surefire.booter.SurefireStarter.runSuitesInProcessWhenForked(SurefireStarter.java:107)
	at org.apache.maven.surefire.booter.ForkedBooter.main(ForkedBooter.java:68)
</error>
    <system-out>2018-04-06 08:51:59 INFO  MyLogger:131 - updating device prop/capas...emulator-5556
[HTTP] --&gt; POST /wd/hub/session/be48fa63-1a12-49d8-a87e-f6f7fc3277f7/appium/app/close {}
[HTTP] &lt;-- POST /wd/hub/session/be48fa63-1a12-49d8-a87e-f6f7fc3277f7/appium/app/close 404 2 ms - 131 
</system-out>
  </testcase>
</testsuite>