<?xml version="1.0" encoding="UTF-8" ?>
<testsuite tests="34" failures="0" name="runners.TripPlanerRunner" time="0.249" errors="6" skipped="26">
  <properties>
[...]
</properties>
  <testcase classname="| Mainz Hbf | Leipzig Hbf |" name="Given navigator is started" time="0.003"/>
  <testcase classname="| Mainz Hbf | Leipzig Hbf |" name="Then I enter the start station Mainz Hbf" time="0.002">
    <error message="An element could not be located on the page using the given search parameters. (WARNING: The server did not provide any stacktrace information)
Command duration or timeout: 36.63 seconds
For documentation on this error, please visit: http://seleniumhq.org/exceptions/no_such_element.html
Build info: version: &apos;3.4.0&apos;, revision: &apos;unknown&apos;, time: &apos;unknown&apos;
System info: host: &apos;LAPTOP-RN5VIIS5&apos;, ip: &apos;192.168.142.1&apos;, os.name: &apos;Windows 10&apos;, os.arch: &apos;amd64&apos;, os.version: &apos;10.0&apos;, java.version: &apos;1.8.0_172&apos;
Driver info: io.appium.java_client.android.AndroidDriver
Capabilities [{appPackage=de.hafas.android.db, appActivity=de.hafas.main.HafasApp, newCommandTimeout=60.0, platformVersion=7.1.1, automationName=UiAutomator2, javascriptEnabled=true, platformName=Android, udid=emulator-5554, deviceName=emulator-5554, platform=ANY}]
Session ID: e31266fa-fa2e-46bb-9893-091c4c49a381
*** Element info: {Using=-android uiautomator, value= new UiSelector().resourceId(&quot;de.hafas.android.db:id/input_start&quot;)}" type="org.openqa.selenium.NoSuchElementException">org.openqa.selenium.NoSuchElementException: An element could not be located on the page using the given search parameters. (WARNING: The server did not provide any stacktrace information)
Command duration or timeout: 36.63 seconds
For documentation on this error, please visit: http://seleniumhq.org/exceptions/no_such_element.html
Build info: version: &apos;3.4.0&apos;, revision: &apos;unknown&apos;, time: &apos;unknown&apos;
System info: host: &apos;LAPTOP-RN5VIIS5&apos;, ip: &apos;192.168.142.1&apos;, os.name: &apos;Windows 10&apos;, os.arch: &apos;amd64&apos;, os.version: &apos;10.0&apos;, java.version: &apos;1.8.0_172&apos;
Driver info: io.appium.java_client.android.AndroidDriver
Capabilities [{appPackage=de.hafas.android.db, appActivity=de.hafas.main.HafasApp, newCommandTimeout=60.0, platformVersion=7.1.1, automationName=UiAutomator2, javascriptEnabled=true, platformName=Android, udid=emulator-5554, deviceName=emulator-5554, platform=ANY}]
Session ID: e31266fa-fa2e-46bb-9893-091c4c49a381
*** Element info: {Using=-android uiautomator, value= new UiSelector().resourceId(&quot;de.hafas.android.db:id/input_start&quot;)}
	at sun.reflect.NativeConstructorAccessorImpl.newInstance0(Native Method)
	at sun.reflect.NativeConstructorAccessorImpl.newInstance(NativeConstructorAccessorImpl.java:62)
	at sun.reflect.DelegatingConstructorAccessorImpl.newInstance(DelegatingConstructorAccessorImpl.java:45)
	at java.lang.reflect.Constructor.newInstance(Constructor.java:423)
	at org.openqa.selenium.remote.ErrorHandler.createThrowable(ErrorHandler.java:215)
	at org.openqa.selenium.remote.ErrorHandler.throwIfResponseFailed(ErrorHandler.java:167)
	at org.openqa.selenium.remote.RemoteWebDriver.execute(RemoteWebDriver.java:671)
	at io.appium.java_client.DefaultGenericMobileDriver.execute(DefaultGenericMobileDriver.java:40)
	at io.appium.java_client.AppiumDriver.execute(AppiumDriver.java:1)
	at io.appium.java_client.android.AndroidDriver.execute(AndroidDriver.java:1)
	at org.openqa.selenium.remote.RemoteWebDriver.findElement(RemoteWebDriver.java:410)
	at io.appium.java_client.DefaultGenericMobileDriver.findElement(DefaultGenericMobileDriver.java:56)
	at io.appium.java_client.AppiumDriver.findElement(AppiumDriver.java:1)
	at io.appium.java_client.android.AndroidDriver.findElement(AndroidDriver.java:1)
	at io.appium.java_client.android.AndroidDriver.findElementByAndroidUIAutomator(AndroidDriver.java:365)
	at core.UIObjectWrapper.tap(UIObjectWrapper.java:207)
	at api.apps.navigator.tripPlaner.TripInformation.clickStartStion(TripInformation.java:41)
	at api.apps.navigator.testSteps.TravelInformationSteps.i_enter_the_start_station(TravelInformationSteps.java:99)
	at ✽.Then I enter the start station Mainz Hbf(travelinformation.feature:26)
</error>
    <system-out>[HTTP] --&gt; POST /wd/hub/session/e31266fa-fa2e-46bb-9893-091c4c49a381/element {&quot;using&quot;:&quot;-android uiautomator&quot;,&quot;value&quot;:&quot; new UiSelector().resourceId(\&quot;de.hafas.android.db:id/input_start\&quot;)&quot;}
[debug] [MJSONWP] Calling AppiumDriver.findElement() with args: [&quot;-android uiautomator&quot;,&quot; new UiSelector().resourceId(\&quot;de.hafas.android.db:id/input_start\&quot;)&quot;,&quot;e31266fa-fa2e-46bb-9893-091c4c49a381&quot;]
[debug] [BaseDriver] Valid locator strategies for this request: xpath, id, class name, accessibility id, -android uiautomator
[debug] [BaseDriver] Valid locator strategies for this request: xpath, id, class name, accessibility id, -android uiautomator
[debug] [BaseDriver] Waiting up to 30000 ms for condition
[debug] [JSONWP Proxy] Proxying [POST /element] to [POST http://localhost:8200/wd/hub/session/00804c85-6887-4680-85eb-de653c2ba283/element] with body: {&quot;strategy&quot;:&quot;-android uiautomator&quot;,&quot;selector&quot;:&quot; new UiSelector().resourceId(\&quot;de.hafas.android.db:id/input_start\&quot;)&quot;,&quot;context&quot;:&quot;&quot;,&quot;multiple&quot;:false}
[debug] [BaseDriver] Waited for 7778 ms so far
[debug] [JSONWP Proxy] Proxying [POST /element] to [POST http://localhost:8200/wd/hub/session/00804c85-6887-4680-85eb-de653c2ba283/element] with body: {&quot;strategy&quot;:&quot;-android uiautomator&quot;,&quot;selector&quot;:&quot; new UiSelector().resourceId(\&quot;de.hafas.android.db:id/input_start\&quot;)&quot;,&quot;context&quot;:&quot;&quot;,&quot;multiple&quot;:false}
[debug] [BaseDriver] Waited for 11852 ms so far
[debug] [BaseDriver] Waited for 12055 ms so far
[debug] [JSONWP Proxy] Proxying [POST /element] to [POST http://localhost:8200/wd/hub/session/5693d28b-9422-4da1-968d-6a4fafe5a35c/element] with body: {&quot;strategy&quot;:&quot;xpath&quot;,&quot;selector&quot;:&quot;//android.widget.ImageButton[contains(@content-desc, &apos;Open drawer menu&apos;)]&quot;,&quot;context&quot;:&quot;&quot;,&quot;multiple&quot;:false}
[debug] [BaseDriver] Waited for 12374 ms so far
[debug] [JSONWP Proxy] Proxying [POST /element] to [POST http://localhost:8200/wd/hub/session/00804c85-6887-4680-85eb-de653c2ba283/element] with body: {&quot;strategy&quot;:&quot;-android uiautomator&quot;,&quot;selector&quot;:&quot; new UiSelector().resourceId(\&quot;de.hafas.android.db:id/input_start\&quot;)&quot;,&quot;context&quot;:&quot;&quot;,&quot;multiple&quot;:false}
[debug] [BaseDriver] Waited for 12569 ms so far
[debug] [JSONWP Proxy] Proxying [POST /element] to [POST http://localhost:8200/wd/hub/session/5693d28b-9422-4da1-968d-6a4fafe5a35c/element] with body: {&quot;strategy&quot;:&quot;xpath&quot;,&quot;selector&quot;:&quot;//android.widget.ImageButton[contains(@content-desc, &apos;Open drawer menu&apos;)]&quot;,&quot;context&quot;:&quot;&quot;,&quot;multiple&quot;:false}
[debug] [BaseDriver] Waited for 12897 ms so far
[debug] [JSONWP Proxy] Proxying [POST /element] to [POST http://localhost:8200/wd/hub/session/00804c85-6887-4680-85eb-de653c2ba283/element] with body: {&quot;strategy&quot;:&quot;-android uiautomator&quot;,&quot;selector&quot;:&quot; new UiSelector().resourceId(\&quot;de.hafas.android.db:id/input_start\&quot;)&quot;,&quot;context&quot;:&quot;&quot;,&quot;multiple&quot;:false}
[debug] [BaseDriver] Waited for 13083 ms so far
[debug] [JSONWP Proxy] Proxying [POST /element] to [POST http://localhost:8200/wd/hub/session/5693d28b-9422-4da1-968d-6a4fafe5a35c/element] with body: {&quot;strategy&quot;:&quot;xpath&quot;,&quot;selector&quot;:&quot;//android.widget.ImageButton[contains(@content-desc, &apos;Open drawer menu&apos;)]&quot;,&quot;context&quot;:&quot;&quot;,&quot;multiple&quot;:false}
[debug] [BaseDriver] Waited for 13416 ms so far
[debug] [JSONWP Proxy] Proxying [POST /element] to [POST http://localhost:8200/wd/hub/session/00804c85-6887-4680-85eb-de653c2ba283/element] with body: {&quot;strategy&quot;:&quot;-android uiautomator&quot;,&quot;selector&quot;:&quot; new UiSelector().resourceId(\&quot;de.hafas.android.db:id/input_start\&quot;)&quot;,&quot;context&quot;:&quot;&quot;,&quot;multiple&quot;:false}
[debug] [BaseDriver] Waited for 13594 ms so far
[debug] [JSONWP Proxy] Proxying [POST /element] to [POST http://localhost:8200/wd/hub/session/5693d28b-9422-4da1-968d-6a4fafe5a35c/element] with body: {&quot;strategy&quot;:&quot;xpath&quot;,&quot;selector&quot;:&quot;//android.widget.ImageButton[contains(@content-desc, &apos;Open drawer menu&apos;)]&quot;,&quot;context&quot;:&quot;&quot;,&quot;multiple&quot;:false}
[debug] [BaseDriver] Waited for 13937 ms so far
[debug] [JSONWP Proxy] Proxying [POST /element] to [POST http://localhost:8200/wd/hub/session/00804c85-6887-4680-85eb-de653c2ba283/element] with body: {&quot;strategy&quot;:&quot;-android uiautomator&quot;,&quot;selector&quot;:&quot; new UiSelector().resourceId(\&quot;de.hafas.android.db:id/input_start\&quot;)&quot;,&quot;context&quot;:&quot;&quot;,&quot;multiple&quot;:false}
[debug] [BaseDriver] Waited for 14106 ms so far
[debug] [JSONWP Proxy] Proxying [POST /element] to [POST http://localhost:8200/wd/hub/session/5693d28b-9422-4da1-968d-6a4fafe5a35c/element] with body: {&quot;strategy&quot;:&quot;xpath&quot;,&quot;selector&quot;:&quot;//android.widget.ImageButton[contains(@content-desc, &apos;Open drawer menu&apos;)]&quot;,&quot;context&quot;:&quot;&quot;,&quot;multiple&quot;:false}
[debug] [BaseDriver] Waited for 14452 ms so far
[debug] [JSONWP Proxy] Proxying [POST /element] to [POST http://localhost:8200/wd/hub/session/00804c85-6887-4680-85eb-de653c2ba283/element] with body: {&quot;strategy&quot;:&quot;-android uiautomator&quot;,&quot;selector&quot;:&quot; new UiSelector().resourceId(\&quot;de.hafas.android.db:id/input_start\&quot;)&quot;,&quot;context&quot;:&quot;&quot;,&quot;multiple&quot;:false}
[debug] [BaseDriver] Waited for 14618 ms so far
[debug] [JSONWP Proxy] Proxying [POST /element] to [POST http://localhost:8200/wd/hub/session/5693d28b-9422-4da1-968d-6a4fafe5a35c/element] with body: {&quot;strategy&quot;:&quot;xpath&quot;,&quot;selector&quot;:&quot;//android.widget.ImageButton[contains(@content-desc, &apos;Open drawer menu&apos;)]&quot;,&quot;context&quot;:&quot;&quot;,&quot;multiple&quot;:false}
[debug] [BaseDriver] Waited for 14968 ms so far
[debug] [JSONWP Proxy] Proxying [POST /element] to [POST http://localhost:8200/wd/hub/session/00804c85-6887-4680-85eb-de653c2ba283/element] with body: {&quot;strategy&quot;:&quot;-android uiautomator&quot;,&quot;selector&quot;:&quot; new UiSelector().resourceId(\&quot;de.hafas.android.db:id/input_start\&quot;)&quot;,&quot;context&quot;:&quot;&quot;,&quot;multiple&quot;:false}
[debug] [BaseDriver] Waited for 15132 ms so far
[debug] [JSONWP Proxy] Proxying [POST /element] to [POST http://localhost:8200/wd/hub/session/5693d28b-9422-4da1-968d-6a4fafe5a35c/element] with body: {&quot;strategy&quot;:&quot;xpath&quot;,&quot;selector&quot;:&quot;//android.widget.ImageButton[contains(@content-desc, &apos;Open drawer menu&apos;)]&quot;,&quot;context&quot;:&quot;&quot;,&quot;multiple&quot;:false}
[debug] [BaseDriver] Waited for 15482 ms so far
[debug] [JSONWP Proxy] Proxying [POST /element] to [POST http://localhost:8200/wd/hub/session/00804c85-6887-4680-85eb-de653c2ba283/element] with body: {&quot;strategy&quot;:&quot;-android uiautomator&quot;,&quot;selector&quot;:&quot; new UiSelector().resourceId(\&quot;de.hafas.android.db:id/input_start\&quot;)&quot;,&quot;context&quot;:&quot;&quot;,&quot;multiple&quot;:false}
[debug] [BaseDriver] Waited for 15642 ms so far
[debug] [JSONWP Proxy] Proxying [POST /element] to [POST http://localhost:8200/wd/hub/session/5693d28b-9422-4da1-968d-6a4fafe5a35c/element] with body: {&quot;strategy&quot;:&quot;xpath&quot;,&quot;selector&quot;:&quot;//android.widget.ImageButton[contains(@content-desc, &apos;Open drawer menu&apos;)]&quot;,&quot;context&quot;:&quot;&quot;,&quot;multiple&quot;:false}
[debug] [BaseDriver] Waited for 15998 ms so far
[debug] [JSONWP Proxy] Proxying [POST /element] to [POST http://localhost:8200/wd/hub/session/00804c85-6887-4680-85eb-de653c2ba283/element] with body: {&quot;strategy&quot;:&quot;-android uiautomator&quot;,&quot;selector&quot;:&quot; new UiSelector().resourceId(\&quot;de.hafas.android.db:id/input_start\&quot;)&quot;,&quot;context&quot;:&quot;&quot;,&quot;multiple&quot;:false}
[debug] [BaseDriver] Waited for 16156 ms so far
[debug] [JSONWP Proxy] Proxying [POST /element] to [POST http://localhost:8200/wd/hub/session/5693d28b-9422-4da1-968d-6a4fafe5a35c/element] with body: {&quot;strategy&quot;:&quot;xpath&quot;,&quot;selector&quot;:&quot;//android.widget.ImageButton[contains(@content-desc, &apos;Open drawer menu&apos;)]&quot;,&quot;context&quot;:&quot;&quot;,&quot;multiple&quot;:false}
[debug] [BaseDriver] Waited for 16514 ms so far
[debug] [JSONWP Proxy] Proxying [POST /element] to [POST http://localhost:8200/wd/hub/session/00804c85-6887-4680-85eb-de653c2ba283/element] with body: {&quot;strategy&quot;:&quot;-android uiautomator&quot;,&quot;selector&quot;:&quot; new UiSelector().resourceId(\&quot;de.hafas.android.db:id/input_start\&quot;)&quot;,&quot;context&quot;:&quot;&quot;,&quot;multiple&quot;:false}
[debug] [BaseDriver] Waited for 16667 ms so far
[debug] [JSONWP Proxy] Proxying [POST /element] to [POST http://localhost:8200/wd/hub/session/5693d28b-9422-4da1-968d-6a4fafe5a35c/element] with body: {&quot;strategy&quot;:&quot;xpath&quot;,&quot;selector&quot;:&quot;//android.widget.ImageButton[contains(@content-desc, &apos;Open drawer menu&apos;)]&quot;,&quot;context&quot;:&quot;&quot;,&quot;multiple&quot;:false}
[debug] [BaseDriver] Waited for 17030 ms so far
[debug] [JSONWP Proxy] Proxying [POST /element] to [POST http://localhost:8200/wd/hub/session/00804c85-6887-4680-85eb-de653c2ba283/element] with body: {&quot;strategy&quot;:&quot;-android uiautomator&quot;,&quot;selector&quot;:&quot; new UiSelector().resourceId(\&quot;de.hafas.android.db:id/input_start\&quot;)&quot;,&quot;context&quot;:&quot;&quot;,&quot;multiple&quot;:false}
[debug] [BaseDriver] Waited for 17178 ms so far
[debug] [JSONWP Proxy] Proxying [POST /element] to [POST http://localhost:8200/wd/hub/session/5693d28b-9422-4da1-968d-6a4fafe5a35c/element] with body: {&quot;strategy&quot;:&quot;xpath&quot;,&quot;selector&quot;:&quot;//android.widget.ImageButton[contains(@content-desc, &apos;Open drawer menu&apos;)]&quot;,&quot;context&quot;:&quot;&quot;,&quot;multiple&quot;:false}
[debug] [BaseDriver] Waited for 17546 ms so far
[debug] [JSONWP Proxy] Proxying [POST /element] to [POST http://localhost:8200/wd/hub/session/00804c85-6887-4680-85eb-de653c2ba283/element] with body: {&quot;strategy&quot;:&quot;-android uiautomator&quot;,&quot;selector&quot;:&quot; new UiSelector().resourceId(\&quot;de.hafas.android.db:id/input_start\&quot;)&quot;,&quot;context&quot;:&quot;&quot;,&quot;multiple&quot;:false}
[debug] [BaseDriver] Waited for 17688 ms so far
[debug] [JSONWP Proxy] Proxying [POST /element] to [POST http://localhost:8200/wd/hub/session/5693d28b-9422-4da1-968d-6a4fafe5a35c/element] with body: {&quot;strategy&quot;:&quot;xpath&quot;,&quot;selector&quot;:&quot;//android.widget.ImageButton[contains(@content-desc, &apos;Open drawer menu&apos;)]&quot;,&quot;context&quot;:&quot;&quot;,&quot;multiple&quot;:false}
[debug] [BaseDriver] Waited for 18065 ms so far
[debug] [JSONWP Proxy] Proxying [POST /element] to [POST http://localhost:8200/wd/hub/session/00804c85-6887-4680-85eb-de653c2ba283/element] with body: {&quot;strategy&quot;:&quot;-android uiautomator&quot;,&quot;selector&quot;:&quot; new UiSelector().resourceId(\&quot;de.hafas.android.db:id/input_start\&quot;)&quot;,&quot;context&quot;:&quot;&quot;,&quot;multiple&quot;:false}
[debug] [BaseDriver] Waited for 18199 ms so far
[debug] [JSONWP Proxy] Proxying [POST /element] to [POST http://localhost:8200/wd/hub/session/5693d28b-9422-4da1-968d-6a4fafe5a35c/element] with body: {&quot;strategy&quot;:&quot;xpath&quot;,&quot;selector&quot;:&quot;//android.widget.ImageButton[contains(@content-desc, &apos;Open drawer menu&apos;)]&quot;,&quot;context&quot;:&quot;&quot;,&quot;multiple&quot;:false}
[debug] [BaseDriver] Waited for 18582 ms so far
[debug] [JSONWP Proxy] Proxying [POST /element] to [POST http://localhost:8200/wd/hub/session/00804c85-6887-4680-85eb-de653c2ba283/element] with body: {&quot;strategy&quot;:&quot;-android uiautomator&quot;,&quot;selector&quot;:&quot; new UiSelector().resourceId(\&quot;de.hafas.android.db:id/input_start\&quot;)&quot;,&quot;context&quot;:&quot;&quot;,&quot;multiple&quot;:false}
[debug] [BaseDriver] Waited for 18718 ms so far
[debug] [JSONWP Proxy] Proxying [POST /element] to [POST http://localhost:8200/wd/hub/session/5693d28b-9422-4da1-968d-6a4fafe5a35c/element] with body: {&quot;strategy&quot;:&quot;xpath&quot;,&quot;selector&quot;:&quot;//android.widget.ImageButton[contains(@content-desc, &apos;Open drawer menu&apos;)]&quot;,&quot;context&quot;:&quot;&quot;,&quot;multiple&quot;:false}
[debug] [BaseDriver] Waited for 19100 ms so far
[debug] [JSONWP Proxy] Proxying [POST /element] to [POST http://localhost:8200/wd/hub/session/00804c85-6887-4680-85eb-de653c2ba283/element] with body: {&quot;strategy&quot;:&quot;-android uiautomator&quot;,&quot;selector&quot;:&quot; new UiSelector().resourceId(\&quot;de.hafas.android.db:id/input_start\&quot;)&quot;,&quot;context&quot;:&quot;&quot;,&quot;multiple&quot;:false}
[debug] [BaseDriver] Waited for 19232 ms so far
[debug] [JSONWP Proxy] Proxying [POST /element] to [POST http://localhost:8200/wd/hub/session/5693d28b-9422-4da1-968d-6a4fafe5a35c/element] with body: {&quot;strategy&quot;:&quot;xpath&quot;,&quot;selector&quot;:&quot;//android.widget.ImageButton[contains(@content-desc, &apos;Open drawer menu&apos;)]&quot;,&quot;context&quot;:&quot;&quot;,&quot;multiple&quot;:false}
[debug] [BaseDriver] Waited for 19617 ms so far
[debug] [JSONWP Proxy] Proxying [POST /element] to [POST http://localhost:8200/wd/hub/session/00804c85-6887-4680-85eb-de653c2ba283/element] with body: {&quot;strategy&quot;:&quot;-android uiautomator&quot;,&quot;selector&quot;:&quot; new UiSelector().resourceId(\&quot;de.hafas.android.db:id/input_start\&quot;)&quot;,&quot;context&quot;:&quot;&quot;,&quot;multiple&quot;:false}
[debug] [BaseDriver] Waited for 19744 ms so far
[debug] [JSONWP Proxy] Proxying [POST /element] to [POST http://localhost:8200/wd/hub/session/5693d28b-9422-4da1-968d-6a4fafe5a35c/element] with body: {&quot;strategy&quot;:&quot;xpath&quot;,&quot;selector&quot;:&quot;//android.widget.ImageButton[contains(@content-desc, &apos;Open drawer menu&apos;)]&quot;,&quot;context&quot;:&quot;&quot;,&quot;multiple&quot;:false}
[debug] [BaseDriver] Waited for 20139 ms so far
[debug] [JSONWP Proxy] Proxying [POST /element] to [POST http://localhost:8200/wd/hub/session/00804c85-6887-4680-85eb-de653c2ba283/element] with body: {&quot;strategy&quot;:&quot;-android uiautomator&quot;,&quot;selector&quot;:&quot; new UiSelector().resourceId(\&quot;de.hafas.android.db:id/input_start\&quot;)&quot;,&quot;context&quot;:&quot;&quot;,&quot;multiple&quot;:false}
[debug] [JSONWP Proxy] Proxying [POST /element] to [POST http://localhost:8200/wd/hub/session/5693d28b-9422-4da1-968d-6a4fafe5a35c/element] with body: {&quot;strategy&quot;:&quot;xpath&quot;,&quot;selector&quot;:&quot;//android.widget.ImageButton[contains(@content-desc, &apos;Open drawer menu&apos;)]&quot;,&quot;context&quot;:&quot;&quot;,&quot;multiple&quot;:false}
[debug] [BaseDriver] Waited for 28345 ms so far
[debug] [JSONWP Proxy] Proxying [POST /element] to [POST http://localhost:8200/wd/hub/session/00804c85-6887-4680-85eb-de653c2ba283/element] with body: {&quot;strategy&quot;:&quot;-android uiautomator&quot;,&quot;selector&quot;:&quot; new UiSelector().resourceId(\&quot;de.hafas.android.db:id/input_start\&quot;)&quot;,&quot;context&quot;:&quot;&quot;,&quot;multiple&quot;:false}
[MJSONWP] Encountered internal error running command:  {&quot;w3cStatus&quot;:400,&quot;jsonwp&quot;:{&quot;sessionId&quot;:&quot;5693d28b-9422-4da1-968d-6a4fafe5a35c&quot;,&quot;status&quot;:13,&quot;value&quot;:&quot;io.appium.uiautomator2.common.exceptions.UiAutomator2Exception: Timed out after 10000 milliseconds waiting for root AccessibilityNodeInfo\n\tat io.appium.uiautomator2.model.XPathFinder.getRootAccessibilityNode(XPathFinder.java:246)\n\tat io.appium.uiautomator2.model.XPathFinder.refreshUiElementTree(XPathFinder.java:224)\n\tat io.appium.uiautomator2.model.XPathFinder.getNodesList(XPathFinder.java:116)\n\tat io.appium.uiautomator2.handler.FindElement.getXPathUiObject(FindElement.java:78)\n\tat io.appium.uiautomator2.handler.FindElement.findElement(FindElement.java:153)\n\tat io.appium.uiautomator2.handler.FindElement.safeHandle(FindElement.java:102)\n\tat io.appium.uiautomator2.handler.request.SafeRequestHandler.handle(SafeRequestHandler.java:56)\n\tat io.appium.uiautomator2.server.AppiumServlet.handleRequest(AppiumServlet.java:208)\n\tat io.appium.uiautomator2.server.AppiumServlet.handleHttpRequest(AppiumServlet.java:199)\n\tat io.appium.uiautomator2.http.ServerHandler.channelRead(ServerHandler.java:44)\n\tat io.netty.channel.AbstractChannelHandlerContext.invokeChannelRead(AbstractChannelHandlerContext.java:366)\n\tat io.netty.channel.AbstractChannelHandlerContext.invokeChannelRead(AbstractChannelHandlerContext.java:352)\n\tat io.netty.channel.AbstractChannelHandlerContext.fireChannelRead(AbstractChannelHandlerContext.java:345)\n\tat io.netty.handler.codec.MessageToMessageDecoder.channelRead(MessageToMessageDecoder.java:102)\n\tat io.netty.channel.AbstractChannelHandlerContext.invokeChannelRead(AbstractChannelHandlerContext.java:366)\n\tat io.netty.channel.AbstractChannelHandlerContext.invokeChannelRead(AbstractChannelHandlerContext.java:352)\n\tat io.netty.channel.AbstractChannelHandlerContext.fireChannelRead(AbstractChannelHandlerContext.java:345)\n\tat io.netty.channel.CombinedChannelDuplexHandler$DelegatingChannelHandlerContext.fireChannelRead(CombinedChannelDuplexHandler.java:435)\n\tat io.netty.handler.codec.ByteToMessageDecoder.fireChannelRead(ByteToMessageDecoder.java:293)\n\tat io.netty.handler.codec.ByteToMessageDecoder.channelRead(ByteToMessageDecoder.java:267)\n\tat io.netty.channel.CombinedChannelDuplexHandler.channelRead(CombinedChannelDuplexHandler.java:250)\n\tat io.netty.channel.AbstractChannelHandlerContext.invokeChannelRead(AbstractChannelHandlerContext.java:366)\n\tat io.netty.channel.AbstractChannelHandlerContext.invokeChannelRead(AbstractChannelHandlerContext.java:352)\n\tat io.netty.channel.AbstractChannelHandlerContext.fireChannelRead(AbstractChannelHandlerContext.java:345)\n\tat io.netty.channel.DefaultChannelPipeline$HeadContext.channelRead(DefaultChannelPipeline.java:1294)\n\tat io.netty.channel.AbstractChannelHandlerContext.invokeChannelRead(AbstractChannelHandlerContext.java:366)\n\tat io.netty.channel.AbstractChannelHandlerContext.invokeChannelRead(AbstractChannelHandlerContext.java:352)\n\tat io.netty.channel.DefaultChannelPipeline.fireChannelRead(DefaultChannelPipeline.java:911)\n\tat io.netty.channel.nio.AbstractNioByteChannel$NioByteUnsafe.read(AbstractNioByteChannel.java:131)\n\tat io.netty.channel.nio.NioEventLoop.processSelectedKey(NioEventLoop.java:611)\n\tat io.netty.channel.nio.NioEventLoop.processSelectedKeysOptimized(NioEventLoop.java:552)\n\tat io.netty.channel.nio.NioEventLoop.processSelectedKeys(NioEventLoop.java:466)\n\tat io.netty.channel.nio.NioEventLoop.run(NioEventLoop.java:438)\n\tat io.netty.util.concurrent.SingleThreadEventExecutor$2.run(SingleThreadEventExecutor.java:140)\n\tat io.netty.util.concurrent.DefaultThreadFactory$DefaultRunnableDecorator.run(DefaultThreadFactory.java:144)\n\tat java.lang.Thread.run(Thread.java:761)\n&quot;}} ProxyRequestError: Could not proxy command to remote server. Original error: 500 - {&quot;sessionId&quot;:&quot;5693d28b-9422-4da1-968d-6a4fafe5a35c&quot;,&quot;status&quot;:13,&quot;value&quot;:&quot;io.appium.uiautomator2.common.exceptions.UiAutomator2Exception: Timed out after 10000 milliseconds waiting for root AccessibilityNodeInfo\n\tat io.appium.uiautomator2.model.XPathFinder.getRootAccessibilityNode(XPathFinder.java:246)\n\tat io.appium.uiautomator2.model.XPathFinder.refreshUiElementTree(XPathFinder.java:224)\n\tat io.appium.uiautomator2.model.XPathFinder.getNodesList(XPathFinder.java:116)\n\tat io.appium.uiautomator2.handler.FindElement.getXPathUiObject(FindElement.java:78)\n\tat io.appium.uiautomator2.handler.FindElement.findElement(FindElement.java:153)\n\tat io.appium.uiautomator2.handler.FindElement.safeHandle(FindElement.java:102)\n\tat io.appium.uiautomator2.handler.request.SafeRequestHandler.handle(SafeRequestHandler.java:56)\n\tat io.appium.uiautomator2.server.AppiumServlet.handleRequest(AppiumServlet.java:208)\n\tat [HTTP] &lt;-- POST /wd/hub/session/2fadd928-724d-425c-io.appium.uiautomator2.server.AppiumServlet.handleHttpRequest(AppiumServlet.java:199)\n\tat io.appium.uiautomator2.http.ServerHandler.channelRead(ServerHandler.java:44)\n\tat io.netty.channel.AbstractChannelb234-7c609b7ab463/element 500 36460 ms - 3816 
HandlerContext.invokeChannelRead(AbstractChannelHandlerContext.java:366)\n\tat io.netty.channel.AbstractChannelHandlerContext.invokeChannelRead(AbstractChannelHandlerContext.java:352)\n\tat io.netty.channel.AbstractChannelHandlerContext.fireChannelRead(AbstractChannelHandlerContext.java:345)\n\tat io.netty.handler.codec.MessageToMessageDecoder.channelRead(MessageToMessageDecoder.java:102)\n\tat io.netty.channel.AbstractChannelHandlerContext.invokeChannelRead(AbstractChannelHandlerContext.java:366)\n\tat io.netty.channel.AbstractChannelHandlerContext.invokeChannelRead(AbstractChannelHandlerContext.java:352)\n\tat io.netty.channel.AbstractChannelHandlerContext.fireChannelRead(AbstractChannelHandlerContext.java:345)\n\tat io.netty.channel.CombinedChannelDuplexHandler$DelegatingChannelHandlerContext.fireChannelRead(CombinedChannelDuplexHandler.java:435)\n\tat io.netty.handler.codec.ByteToMessageDecoder.fireChannelRead(ByteToMessageDecoder.java:293)\n\tat io.netty.handler.codec.ByteToMessageDecoder.channelRead(ByteToMessageDecoder.java:267)\n\tat io.netty.channel.CombinedChannelDuplexHandler.channelRead(CombinedChannelDuplexHandler.java:250)\n\tat io.netty.channel.AbstractChannelHandlerContext.invokeChannelRead(AbstractChannelHandlerContext.java:366)\n\tat io.netty.channel.AbstractChannelHandlerContext.invokeChannelRead(AbstractChannelHandlerContext.java:352)\n\tat io.netty.channel.AbstractChannelHandlerContext.fireChannelRead(AbstractChannelHandlerContext.java:345)\n\tat io.netty.channel.DefaultChannelPipeline$HeadContext.channelRead(DefaultChannelPipeline.java:1294)\n\tat io.netty.channel.AbstractChannelHandlerContext.invokeChannelRead(AbstractChannelHandlerContext.java:366)\n\tat io.netty.channel.AbstractChannelHandlerContext.invokeChannelRead(AbstractChannelHandlerContext.java:352)\n\tat io.netty.channel.DefaultChannelPipeline.fireChannelRead(DefaultChannelPipeline.java:911)\n\tat io.netty.channel.nio.AbstractNioByteChannel$NioByteUnsafe.read(AbstractNioByteChannel.java:131)\n\tat io.netty.channel.nio.NioEventLoop.processSelectedKey(NioEventLoop.java:611)\n\tat io.netty.channel.nio.NioEventLoop.processSelectedKeysOptimized(NioEventLoop.java:552)\n\tat io.netty.channel.nio.NioEventLoop.processSelectedKeys(NioEventLoop.java:466)\n\tat io.netty.channel.nio.NioEventLoop.run(NioEventLoop.java:438)\n\tat io.netty.util.concurrent.SingleThreadEventExecutor$2.run(SingleThreadEventExecutor.java:140)\n\tat io.netty.util.concurrent.DefaultThreadFactory$DefaultRunnableDecorator.run(DefaultThreadFactory.java:144)\n\tat java.lang.Thread.run(Thread.java:761)\n&quot;}
    at JWProxy.proxy$ (C:\Users\Lenovo\AppData\Roaming\npm\node_modules\appium\node_modules\appium-base-driver\lib\jsonwp-proxy\proxy.js:152:13)
    at tryCatch (C:\Users\Lenovo\AppData\Roaming\npm\node_modules\appium\node_modules\babel-runtime\regenerator\runtime.js:67:40)
    at GeneratorFunctionPrototyp[HTTP] --&gt; POST /wd/hub/se.iession/2fadd928-724d-425c-b234-7c609b7ab463/element {&quot;using&quot;:&quot;xpath&quot;nvoke [as _invoke] (C:\Users\Lenovo\AppData\Roaming\npm\node_modules\appium\node_modules\babel-runtime\regenerator\runtime.js:315:22)
    at GeneratorFu,&quot;value&quot;:n&quot;//android.widget.CheckedTextView[contains(@textctionPro, &apos;Favorites &amp; History&apos;)]&quot;}
totype.prototype.(anonymous funct[debug] [MJSONWP] Calling AppiumDriver.findElement() with args: [&quot;xpath&quot;,&quot;//android.widget.CheckedTextView[contains(@text, &apos;Favorites &amp; History&apos;)]ion)&quot;,&quot;2fadd928-724d-425c-b234-7c609b7ab463&quot;]
[debug] [BaseDriver] Valid locator strategies for this request: xpath, id, class name [as , accessibility id, -android uiautomator
[debug] [BaseDriver] Valid locator strategies for this request: xpath, id, class name, accessibility id, -android uiautomator
[debug] [BaseDriver] Waiting up to 30000 ms for condition
[debug] [JSONWP Proxy] Proxying [POST /element] to [POST http://localhost:8200/wd/hub/session/5693d28b-9422-4da1-968d-6a4fafe5a35c/element] with body: {&quot;strategy&quot;:&quot;xpath&quot;throw] (C:\Users\Lenovo\AppData\Roaming\npm\node_modules\appium\node_mod,&quot;selector&quot;:&quot;//android.widget.CheckedTextView[contains(@textules\babel-runtime\regenerator\runtime.js:100:21)
    at GeneratorFunctionPrototype.invoke (C:\Users\Lenovo\AppData\Roaming\npm\node_modules\appium\node_modules\babel-runtime\regenerator\runtime.js:136:37)
    at &lt;anonymous&gt;
, &apos;Favorites &amp; History&apos;)]&quot;,&quot;context&quot;:&quot;&quot;,&quot;multiple&quot;:false}
[HTTP] &lt;-- POST /wd/hub/session/e31266fa-fa2e-46bb-9893-091c4c49a381/element 500 36617 ms - 164 
</system-out>
  </testcase>
  <testcase classname="| Mainz Hbf | Leipzig Hbf |" name="| Mainz Hbf | Leipzig Hbf |" time="0.006">
    <error message="An element could not be located on the page using the given search parameters. (WARNING: The server did not provide any stacktrace information)
Command duration or timeout: 36.63 seconds
For documentation on this error, please visit: http://seleniumhq.org/exceptions/no_such_element.html
Build info: version: &apos;3.4.0&apos;, revision: &apos;unknown&apos;, time: &apos;unknown&apos;
System info: host: &apos;LAPTOP-RN5VIIS5&apos;, ip: &apos;192.168.142.1&apos;, os.name: &apos;Windows 10&apos;, os.arch: &apos;amd64&apos;, os.version: &apos;10.0&apos;, java.version: &apos;1.8.0_172&apos;
Driver info: io.appium.java_client.android.AndroidDriver
Capabilities [{appPackage=de.hafas.android.db, appActivity=de.hafas.main.HafasApp, newCommandTimeout=60.0, platformVersion=7.1.1, automationName=UiAutomator2, javascriptEnabled=true, platformName=Android, udid=emulator-5554, deviceName=emulator-5554, platform=ANY}]
Session ID: e31266fa-fa2e-46bb-9893-091c4c49a381
*** Element info: {Using=-android uiautomator, value= new UiSelector().resourceId(&quot;de.hafas.android.db:id/input_start&quot;)}" type="org.openqa.selenium.NoSuchElementException">org.openqa.selenium.NoSuchElementException: An element could not be located on the page using the given search parameters. (WARNING: The server did not provide any stacktrace information)
Command duration or timeout: 36.63 seconds
For documentation on this error, please visit: http://seleniumhq.org/exceptions/no_such_element.html
Build info: version: &apos;3.4.0&apos;, revision: &apos;unknown&apos;, time: &apos;unknown&apos;
System info: host: &apos;LAPTOP-RN5VIIS5&apos;, ip: &apos;192.168.142.1&apos;, os.name: &apos;Windows 10&apos;, os.arch: &apos;amd64&apos;, os.version: &apos;10.0&apos;, java.version: &apos;1.8.0_172&apos;
Driver info: io.appium.java_client.android.AndroidDriver
Capabilities [{appPackage=de.hafas.android.db, appActivity=de.hafas.main.HafasApp, newCommandTimeout=60.0, platformVersion=7.1.1, automationName=UiAutomator2, javascriptEnabled=true, platformName=Android, udid=emulator-5554, deviceName=emulator-5554, platform=ANY}]
Session ID: e31266fa-fa2e-46bb-9893-091c4c49a381
*** Element info: {Using=-android uiautomator, value= new UiSelector().resourceId(&quot;de.hafas.android.db:id/input_start&quot;)}
	at sun.reflect.NativeConstructorAccessorImpl.newInstance0(Native Method)
	at sun.reflect.NativeConstructorAccessorImpl.newInstance(NativeConstructorAccessorImpl.java:62)
	at sun.reflect.DelegatingConstructorAccessorImpl.newInstance(DelegatingConstructorAccessorImpl.java:45)
	at java.lang.reflect.Constructor.newInstance(Constructor.java:423)
	at org.openqa.selenium.remote.ErrorHandler.createThrowable(ErrorHandler.java:215)
	at org.openqa.selenium.remote.ErrorHandler.throwIfResponseFailed(ErrorHandler.java:167)
	at org.openqa.selenium.remote.RemoteWebDriver.execute(RemoteWebDriver.java:671)
	at io.appium.java_client.DefaultGenericMobileDriver.execute(DefaultGenericMobileDriver.java:40)
	at io.appium.java_client.AppiumDriver.execute(AppiumDriver.java:1)
	at io.appium.java_client.android.AndroidDriver.execute(AndroidDriver.java:1)
	at org.openqa.selenium.remote.RemoteWebDriver.findElement(RemoteWebDriver.java:410)
	at io.appium.java_client.DefaultGenericMobileDriver.findElement(DefaultGenericMobileDriver.java:56)
	at io.appium.java_client.AppiumDriver.findElement(AppiumDriver.java:1)
	at io.appium.java_client.android.AndroidDriver.findElement(AndroidDriver.java:1)
	at io.appium.java_client.android.AndroidDriver.findElementByAndroidUIAutomator(AndroidDriver.java:365)
	at core.UIObjectWrapper.tap(UIObjectWrapper.java:207)
	at api.apps.navigator.tripPlaner.TripInformation.clickStartStion(TripInformation.java:41)
	at api.apps.navigator.testSteps.TravelInformationSteps.i_enter_the_start_station(TravelInformationSteps.java:99)
	at ✽.Then I enter the start station Mainz Hbf(travelinformation.feature:26)
</error>
  </testcase>
  <testcase classname="| Mainz Hbf | Leipzig Hbf |" name="Then I enter the destination station Leipzig Hbf" time="0.006">
    <skipped/>
  </testcase>
  <testcase classname="| Mainz Hbf | Leipzig Hbf |" name="Then I click the day picker" time="0.006">
    <skipped/>
  </testcase>
  <testcase classname="| Mainz Hbf | Leipzig Hbf |" name="Then I select the travel date" time="0.006">
    <skipped/>
  </testcase>
  <testcase classname="| Mainz Hbf | Leipzig Hbf |" name="Then I click the done button" time="0.006">
    <skipped/>
  </testcase>
  <testcase classname="| Mainz Hbf | Leipzig Hbf |" name="And I click the search button" time="0.006">
    <skipped/>
  </testcase>
  <testcase classname="| Mainz Hbf | Leipzig Hbf |" name="And I scroll down to later button" time="0.007">
    <skipped/>
  </testcase>
  <testcase classname="| Mainz Hbf | Leipzig Hbf |" name="Then I scroll up to earlier button" time="0.007">
    <skipped/>
  </testcase>
  <testcase classname="| Mainz Hbf | Leipzig Hbf |" name="Then I scroll back to later button" time="0.007">
    <skipped/>
  </testcase>
  <testcase classname="| Mainz Hbf | Leipzig Hbf |" name="And I click later button" time="0.007">
    <skipped/>
  </testcase>
  <testcase classname="| Mainz Hbf | Leipzig Hbf |" name="Then I select a trip" time="0.007">
    <skipped/>
  </testcase>
  <testcase classname="| Mainz Hbf | Leipzig Hbf |" name="Then I click mfe button" time="0.007">
    <skipped/>
  </testcase>
  <testcase classname="| Mainz Hbf | Leipzig Hbf |" name="Then I click operation days" time="0.007">
    <skipped/>
  </testcase>
  <testcase classname="| Mainz Hbf | Leipzig Hbf |" name="Then I click back button" time="0.007">
    <skipped/>
  </testcase>
  <testcase classname="| Mainz Hbf | Leipzig Hbf |" name="| Mainz Hbf | Leipzig Hbf |" time="0.007">
    <error type="java.lang.NullPointerException">java.lang.NullPointerException
	at api.apps.navigator.testSteps.NavigationSteps.finishTest(NavigationSteps.java:247)
	at sun.reflect.NativeMethodAccessorImpl.invoke0(Native Method)
	at sun.reflect.NativeMethodAccessorImpl.invoke(NativeMethodAccessorImpl.java:62)
	at sun.reflect.DelegatingMethodAccessorImpl.invoke(DelegatingMethodAccessorImpl.java:43)
	at java.lang.reflect.Method.invoke(Method.java:498)
	at cucumber.runtime.Utils$1.call(Utils.java:40)
	at cucumber.runtime.Timeout.timeout(Timeout.java:16)
	at cucumber.runtime.Utils.invoke(Utils.java:34)
	at cucumber.runtime.java.JavaHookDefinition.execute(JavaHookDefinition.java:60)
	at cucumber.runtime.Runtime.runHookIfTagsMatch(Runtime.java:224)
	at cucumber.runtime.Runtime.runHooks(Runtime.java:212)
	at cucumber.runtime.Runtime.runAfterHooks(Runtime.java:206)
	at cucumber.runtime.model.CucumberScenario.run(CucumberScenario.java:46)
	at cucumber.runtime.junit.ExecutionUnitRunner.run(ExecutionUnitRunner.java:102)
	at org.junit.runners.Suite.runChild(Suite.java:128)
	at org.junit.runners.Suite.runChild(Suite.java:27)
	at org.junit.runners.ParentRunner$3.run(ParentRunner.java:290)
	at org.junit.runners.ParentRunner$1.schedule(ParentRunner.java:71)
	at org.junit.runners.ParentRunner.runChildren(ParentRunner.java:288)
	at org.junit.runners.ParentRunner.access$000(ParentRunner.java:58)
	at org.junit.runners.ParentRunner$2.evaluate(ParentRunner.java:268)
	at org.junit.runners.ParentRunner.run(ParentRunner.java:363)
	at cucumber.runtime.junit.ExamplesRunner.run(ExamplesRunner.java:59)
	at org.junit.runners.Suite.runChild(Suite.java:128)
	at org.junit.runners.Suite.runChild(Suite.java:27)
	at org.junit.runners.ParentRunner$3.run(ParentRunner.java:290)
	at org.junit.runners.ParentRunner$1.schedule(ParentRunner.java:71)
	at org.junit.runners.ParentRunner.runChildren(ParentRunner.java:288)
	at org.junit.runners.ParentRunner.access$000(ParentRunner.java:58)
	at org.junit.runners.ParentRunner$2.evaluate(ParentRunner.java:268)
	at org.junit.runners.ParentRunner.run(ParentRunner.java:363)
	at cucumber.runtime.junit.ScenarioOutlineRunner.run(ScenarioOutlineRunner.java:53)
	at cucumber.runtime.junit.FeatureRunner.runChild(FeatureRunner.java:63)
	at cucumber.runtime.junit.FeatureRunner.runChild(FeatureRunner.java:18)
	at org.junit.runners.ParentRunner$3.run(ParentRunner.java:290)
	at org.junit.runners.ParentRunner$1.schedule(ParentRunner.java:71)
	at org.junit.runners.ParentRunner.runChildren(ParentRunner.java:288)
	at org.junit.runners.ParentRunner.access$000(ParentRunner.java:58)
	at org.junit.runners.ParentRunner$2.evaluate(ParentRunner.java:268)
	at org.junit.runners.ParentRunner.run(ParentRunner.java:363)
	at cucumber.runtime.junit.FeatureRunner.run(FeatureRunner.java:70)
	at cucumber.api.junit.Cucumber.runChild(Cucumber.java:95)
	at cucumber.api.junit.Cucumber.runChild(Cucumber.java:38)
	at org.junit.runners.ParentRunner$3.run(ParentRunner.java:290)
	at org.junit.runners.ParentRunner$1.schedule(ParentRunner.java:71)
	at org.junit.runners.ParentRunner.runChildren(ParentRunner.java:288)
	at org.junit.runners.ParentRunner.access$000(ParentRunner.java:58)
	at org.junit.runners.ParentRunner$2.evaluate(ParentRunner.java:268)
	at org.junit.runners.ParentRunner.run(ParentRunner.java:363)
	at cucumber.api.junit.Cucumber.run(Cucumber.java:100)
	at org.apache.maven.surefire.junit4.JUnit4Provider.execute(JUnit4Provider.java:252)
	at org.apache.maven.surefire.junit4.JUnit4Provider.executeTestSet(JUnit4Provider.java:141)
	at org.apache.maven.surefire.junit4.JUnit4Provider.invoke(JUnit4Provider.java:112)
	at sun.reflect.NativeMethodAccessorImpl.invoke0(Native Method)
	at sun.reflect.NativeMethodAccessorImpl.invoke(NativeMethodAccessorImpl.java:62)
	at sun.reflect.DelegatingMethodAccessorImpl.invoke(DelegatingMethodAccessorImpl.java:43)
	at java.lang.reflect.Method.invoke(Method.java:498)
	at org.apache.maven.surefire.util.ReflectionUtils.invokeMethodWithArray(ReflectionUtils.java:189)
	at org.apache.maven.surefire.booter.ProviderFactory$ProviderProxy.invoke(ProviderFactory.java:165)
	at org.apache.maven.surefire.booter.ProviderFactory.invokeProvider(ProviderFactory.java:85)
	at org.apache.maven.surefire.booter.ForkedBooter.runSuitesInProcess(ForkedBooter.java:115)
	at org.apache.maven.surefire.booter.ForkedBooter.main(ForkedBooter.java:75)
</error>
  </testcase>
  <testcase classname="Given navigator is started(| Frankfurt(Main)Hbf | Frankfurt(Main)Flugh |)" name="Given navigator is started(| Frankfurt(Main)Hbf | Frankfurt" time="0"/>
  <testcase classname="Then I enter the start station Frankfurt(Main)Hbf(| Frankfurt(Main)Hbf | Frankfurt(Main)Flugh |)" name="Then I enter the start station Frankfurt(Main)Hbf(| Frankfurt(Main)Hbf | Frankfurt" time="0">
    <error message="An element could not be located on the page using the given search parameters. (WARNING: The server did not provide any stacktrace information)
Command duration or timeout: 30.47 seconds
For documentation on this error, please visit: http://seleniumhq.org/exceptions/no_such_element.html
Build info: version: &apos;3.4.0&apos;, revision: &apos;unknown&apos;, time: &apos;unknown&apos;
System info: host: &apos;LAPTOP-RN5VIIS5&apos;, ip: &apos;192.168.142.1&apos;, os.name: &apos;Windows 10&apos;, os.arch: &apos;amd64&apos;, os.version: &apos;10.0&apos;, java.version: &apos;1.8.0_172&apos;
Driver info: io.appium.java_client.android.AndroidDriver
Capabilities [{appPackage=de.hafas.android.db, appActivity=de.hafas.main.HafasApp, newCommandTimeout=60.0, platformVersion=7.1.1, automationName=UiAutomator2, javascriptEnabled=true, platformName=Android, udid=emulator-5554, deviceName=emulator-5554, platform=ANY}]
Session ID: 996cf3eb-c99d-4716-a777-073eb22f8177
*** Element info: {Using=-android uiautomator, value= new UiSelector().resourceId(&quot;de.hafas.android.db:id/input_start&quot;)}" type="org.openqa.selenium.NoSuchElementException">org.openqa.selenium.NoSuchElementException: An element could not be located on the page using the given search parameters. (WARNING: The server did not provide any stacktrace information)
Command duration or timeout: 30.47 seconds
For documentation on this error, please visit: http://seleniumhq.org/exceptions/no_such_element.html
Build info: version: &apos;3.4.0&apos;, revision: &apos;unknown&apos;, time: &apos;unknown&apos;
System info: host: &apos;LAPTOP-RN5VIIS5&apos;, ip: &apos;192.168.142.1&apos;, os.name: &apos;Windows 10&apos;, os.arch: &apos;amd64&apos;, os.version: &apos;10.0&apos;, java.version: &apos;1.8.0_172&apos;
Driver info: io.appium.java_client.android.AndroidDriver
Capabilities [{appPackage=de.hafas.android.db, appActivity=de.hafas.main.HafasApp, newCommandTimeout=60.0, platformVersion=7.1.1, automationName=UiAutomator2, javascriptEnabled=true, platformName=Android, udid=emulator-5554, deviceName=emulator-5554, platform=ANY}]
Session ID: 996cf3eb-c99d-4716-a777-073eb22f8177
*** Element info: {Using=-android uiautomator, value= new UiSelector().resourceId(&quot;de.hafas.android.db:id/input_start&quot;)}
	at sun.reflect.NativeConstructorAccessorImpl.newInstance0(Native Method)
	at sun.reflect.NativeConstructorAccessorImpl.newInstance(NativeConstructorAccessorImpl.java:62)
	at sun.reflect.DelegatingConstructorAccessorImpl.newInstance(DelegatingConstructorAccessorImpl.java:45)
	at java.lang.reflect.Constructor.newInstance(Constructor.java:423)
	at org.openqa.selenium.remote.ErrorHandler.createThrowable(ErrorHandler.java:215)
	at org.openqa.selenium.remote.ErrorHandler.throwIfResponseFailed(ErrorHandler.java:167)
	at org.openqa.selenium.remote.RemoteWebDriver.execute(RemoteWebDriver.java:671)
	at io.appium.java_client.DefaultGenericMobileDriver.execute(DefaultGenericMobileDriver.java:40)
	at io.appium.java_client.AppiumDriver.execute(AppiumDriver.java:1)
	at io.appium.java_client.android.AndroidDriver.execute(AndroidDriver.java:1)
	at org.openqa.selenium.remote.RemoteWebDriver.findElement(RemoteWebDriver.java:410)
	at io.appium.java_client.DefaultGenericMobileDriver.findElement(DefaultGenericMobileDriver.java:56)
	at io.appium.java_client.AppiumDriver.findElement(AppiumDriver.java:1)
	at io.appium.java_client.android.AndroidDriver.findElement(AndroidDriver.java:1)
	at io.appium.java_client.android.AndroidDriver.findElementByAndroidUIAutomator(AndroidDriver.java:365)
	at core.UIObjectWrapper.tap(UIObjectWrapper.java:207)
	at api.apps.navigator.tripPlaner.TripInformation.clickStartStion(TripInformation.java:41)
	at api.apps.navigator.testSteps.TravelInformationSteps.i_enter_the_start_station(TravelInformationSteps.java:99)
	at ✽.Then I enter the start station Frankfurt(Main)Hbf(travelinformation.feature:26)
</error>
    <system-out>[HTTP] --&gt; POST /wd/hub/session/996cf3eb-c99d-4716-a777-073eb22f8177/element {&quot;using&quot;:&quot;-android uiautomator&quot;,&quot;value&quot;:&quot; new UiSelector().resourceId(\&quot;de.hafas.android.db:id/input_start\&quot;)&quot;}
[debug] [MJSONWP] Calling AppiumDriver.findElement() with args: [&quot;-android uiautomator&quot;,&quot; new UiSelector().resourceId(\&quot;de.hafas.android.db:id/input_start\&quot;)&quot;,&quot;996cf3eb-c99d-4716-a777-073eb22f8177&quot;]
[debug] [BaseDriver] Valid locator strategies for this request: xpath, id, class name, accessibility id, -android uiautomator
[debug] [BaseDriver] Valid locator strategies for this request: xpath, id, class name, accessibility id, -android uiautomator
[debug] [BaseDriver] Waiting up to 30000 ms for condition
[debug] [JSONWP Proxy] Proxying [POST /element] to [POST http://localhost:8200/wd/hub/session/95e8a3ab-2c67-4fcc-8a78-bacf01747ad0/element] with body: {&quot;strategy&quot;:&quot;-android uiautomator&quot;,&quot;selector&quot;:&quot; new UiSelector().resourceId(\&quot;de.hafas.android.db:id/input_start\&quot;)&quot;,&quot;context&quot;:&quot;&quot;,&quot;multiple&quot;:false}
[debug] [BaseDriver] Waited for 7785 ms so far
[debug] [JSONWP Proxy] Proxying [POST /element] to [POST http://localhost:8200/wd/hub/session/95e8a3ab-2c67-4fcc-8a78-bacf01747ad0/element] with body: {&quot;strategy&quot;:&quot;-android uiautomator&quot;,&quot;selector&quot;:&quot; new UiSelector().resourceId(\&quot;de.hafas.android.db:id/input_start\&quot;)&quot;,&quot;context&quot;:&quot;&quot;,&quot;multiple&quot;:false}
[debug] [BaseDriver] Waited for 12066 ms so far
[debug] [JSONWP Proxy] Proxying [POST /element] to [POST http://localhost:8200/wd/hub/session/95e8a3ab-2c67-4fcc-8a78-bacf01747ad0/element] with body: {&quot;strategy&quot;:&quot;-android uiautomator&quot;,&quot;selector&quot;:&quot; new UiSelector().resourceId(\&quot;de.hafas.android.db:id/input_start\&quot;)&quot;,&quot;context&quot;:&quot;&quot;,&quot;multiple&quot;:false}
[debug] [BaseDriver] Waited for 12581 ms so far
[debug] [JSONWP Proxy] Proxying [POST /element] to [POST http://localhost:8200/wd/hub/session/95e8a3ab-2c67-4fcc-8a78-bacf01747ad0/element] with body: {&quot;strategy&quot;:&quot;-android uiautomator&quot;,&quot;selector&quot;:&quot; new UiSelector().resourceId(\&quot;de.hafas.android.db:id/input_start\&quot;)&quot;,&quot;context&quot;:&quot;&quot;,&quot;multiple&quot;:false}
[debug] [BaseDriver] Waited for 13095 ms so far
[debug] [JSONWP Proxy] Proxying [POST /element] to [POST http://localhost:8200/wd/hub/session/95e8a3ab-2c67-4fcc-8a78-bacf01747ad0/element] with body: {&quot;strategy&quot;:&quot;-android uiautomator&quot;,&quot;selector&quot;:&quot; new UiSelector().resourceId(\&quot;de.hafas.android.db:id/input_start\&quot;)&quot;,&quot;context&quot;:&quot;&quot;,&quot;multiple&quot;:false}
[debug] [BaseDriver] Waited for 13610 ms so far
[debug] [JSONWP Proxy] Proxying [POST /element] to [POST http://localhost:8200/wd/hub/session/95e8a3ab-2c67-4fcc-8a78-bacf01747ad0/element] with body: {&quot;strategy&quot;:&quot;-android uiautomator&quot;,&quot;selector&quot;:&quot; new UiSelector().resourceId(\&quot;de.hafas.android.db:id/input_start\&quot;)&quot;,&quot;context&quot;:&quot;&quot;,&quot;multiple&quot;:false}
[debug] [BaseDriver] Waited for 14126 ms so far
[debug] [JSONWP Proxy] Proxying [POST /element] to [POST http://localhost:8200/wd/hub/session/95e8a3ab-2c67-4fcc-8a78-bacf01747ad0/element] with body: {&quot;strategy&quot;:&quot;-android uiautomator&quot;,&quot;selector&quot;:&quot; new UiSelector().resourceId(\&quot;de.hafas.android.db:id/input_start\&quot;)&quot;,&quot;context&quot;:&quot;&quot;,&quot;multiple&quot;:false}
[debug] [BaseDriver] Waited for 14639 ms so far
[debug] [JSONWP Proxy] Proxying [POST /element] to [POST http://localhost:8200/wd/hub/session/95e8a3ab-2c67-4fcc-8a78-bacf01747ad0/element] with body: {&quot;strategy&quot;:&quot;-android uiautomator&quot;,&quot;selector&quot;:&quot; new UiSelector().resourceId(\&quot;de.hafas.android.db:id/input_start\&quot;)&quot;,&quot;context&quot;:&quot;&quot;,&quot;multiple&quot;:false}
[debug] [BaseDriver] Waited for 15154 ms so far
[debug] [JSONWP Proxy] Proxying [POST /element] to [POST http://localhost:8200/wd/hub/session/95e8a3ab-2c67-4fcc-8a78-bacf01747ad0/element] with body: {&quot;strategy&quot;:&quot;-android uiautomator&quot;,&quot;selector&quot;:&quot; new UiSelector().resourceId(\&quot;de.hafas.android.db:id/input_start\&quot;)&quot;,&quot;context&quot;:&quot;&quot;,&quot;multiple&quot;:false}
[debug] [BaseDriver] Waited for 15667 ms so far
[debug] [JSONWP Proxy] Proxying [POST /element] to [POST http://localhost:8200/wd/hub/session/95e8a3ab-2c67-4fcc-8a78-bacf01747ad0/element] with body: {&quot;strategy&quot;:&quot;-android uiautomator&quot;,&quot;selector&quot;:&quot; new UiSelector().resourceId(\&quot;de.hafas.android.db:id/input_start\&quot;)&quot;,&quot;context&quot;:&quot;&quot;,&quot;multiple&quot;:false}
[debug] [BaseDriver] Waited for 16179 ms so far
[debug] [JSONWP Proxy] Proxying [POST /element] to [POST http://localhost:8200/wd/hub/session/95e8a3ab-2c67-4fcc-8a78-bacf01747ad0/element] with body: {&quot;strategy&quot;:&quot;-android uiautomator&quot;,&quot;selector&quot;:&quot; new UiSelector().resourceId(\&quot;de.hafas.android.db:id/input_start\&quot;)&quot;,&quot;context&quot;:&quot;&quot;,&quot;multiple&quot;:false}
[debug] [BaseDriver] Waited for 16996 ms so far
[debug] [JSONWP Proxy] Proxying [POST /element] to [POST http://localhost:8200/wd/hub/session/95e8a3ab-2c67-4fcc-8a78-bacf01747ad0/element] with body: {&quot;strategy&quot;:&quot;-android uiautomator&quot;,&quot;selector&quot;:&quot; new UiSelector().resourceId(\&quot;de.hafas.android.db:id/input_start\&quot;)&quot;,&quot;context&quot;:&quot;&quot;,&quot;multiple&quot;:false}
[debug] [BaseDriver] Waited for 17582 ms so far
[debug] [JSONWP Proxy] Proxying [POST /element] to [POST http://localhost:8200/wd/hub/session/95e8a3ab-2c67-4fcc-8a78-bacf01747ad0/element] with body: {&quot;strategy&quot;:&quot;-android uiautomator&quot;,&quot;selector&quot;:&quot; new UiSelector().resourceId(\&quot;de.hafas.android.db:id/input_start\&quot;)&quot;,&quot;context&quot;:&quot;&quot;,&quot;multiple&quot;:false}
[debug] [BaseDriver] Waited for 18094 ms so far
[debug] [JSONWP Proxy] Proxying [POST /element] to [POST http://localhost:8200/wd/hub/session/95e8a3ab-2c67-4fcc-8a78-bacf01747ad0/element] with body: {&quot;strategy&quot;:&quot;-android uiautomator&quot;,&quot;selector&quot;:&quot; new UiSelector().resourceId(\&quot;de.hafas.android.db:id/input_start\&quot;)&quot;,&quot;context&quot;:&quot;&quot;,&quot;multiple&quot;:false}
[debug] [BaseDriver] Waited for 18610 ms so far
[debug] [JSONWP Proxy] Proxying [POST /element] to [POST http://localhost:8200/wd/hub/session/95e8a3ab-2c67-4fcc-8a78-bacf01747ad0/element] with body: {&quot;strategy&quot;:&quot;-android uiautomator&quot;,&quot;selector&quot;:&quot; new UiSelector().resourceId(\&quot;de.hafas.android.db:id/input_start\&quot;)&quot;,&quot;context&quot;:&quot;&quot;,&quot;multiple&quot;:false}
[debug] [BaseDriver] Waited for 19126 ms so far
[debug] [JSONWP Proxy] Proxying [POST /element] to [POST http://localhost:8200/wd/hub/session/95e8a3ab-2c67-4fcc-8a78-bacf01747ad0/element] with body: {&quot;strategy&quot;:&quot;-android uiautomator&quot;,&quot;selector&quot;:&quot; new UiSelector().resourceId(\&quot;de.hafas.android.db:id/input_start\&quot;)&quot;,&quot;context&quot;:&quot;&quot;,&quot;multiple&quot;:false}
[debug] [BaseDriver] Waited for 19642 ms so far
[debug] [JSONWP Proxy] Proxying [POST /element] to [POST http://localhost:8200/wd/hub/session/95e8a3ab-2c67-4fcc-8a78-bacf01747ad0/element] with body: {&quot;strategy&quot;:&quot;-android uiautomator&quot;,&quot;selector&quot;:&quot; new UiSelector().resourceId(\&quot;de.hafas.android.db:id/input_start\&quot;)&quot;,&quot;context&quot;:&quot;&quot;,&quot;multiple&quot;:false}
[debug] [BaseDriver] Waited for 20155 ms so far
[debug] [JSONWP Proxy] Proxying [POST /element] to [POST http://localhost:8200/wd/hub/session/95e8a3ab-2c67-4fcc-8a78-bacf01747ad0/element] with body: {&quot;strategy&quot;:&quot;-android uiautomator&quot;,&quot;selector&quot;:&quot; new UiSelector().resourceId(\&quot;de.hafas.android.db:id/input_start\&quot;)&quot;,&quot;context&quot;:&quot;&quot;,&quot;multiple&quot;:false}
[debug] [BaseDriver] Waited for 20665 ms so far
[debug] [JSONWP Proxy] Proxying [POST /element] to [POST http://localhost:8200/wd/hub/session/95e8a3ab-2c67-4fcc-8a78-bacf01747ad0/element] with body: {&quot;strategy&quot;:&quot;-android uiautomator&quot;,&quot;selector&quot;:&quot; new UiSelector().resourceId(\&quot;de.hafas.android.db:id/input_start\&quot;)&quot;,&quot;context&quot;:&quot;&quot;,&quot;multiple&quot;:false}
[debug] [BaseDriver] Waited for 21178 ms so far
[debug] [JSONWP Proxy] Proxying [POST /element] to [POST http://localhost:8200/wd/hub/session/95e8a3ab-2c67-4fcc-8a78-bacf01747ad0/element] with body: {&quot;strategy&quot;:&quot;-android uiautomator&quot;,&quot;selector&quot;:&quot; new UiSelector().resourceId(\&quot;de.hafas.android.db:id/input_start\&quot;)&quot;,&quot;context&quot;:&quot;&quot;,&quot;multiple&quot;:false}
[debug] [BaseDriver] Waited for 21689 ms so far
[debug] [JSONWP Proxy] Proxying [POST /element] to [POST http://localhost:8200/wd/hub/session/95e8a3ab-2c67-4fcc-8a78-bacf01747ad0/element] with body: {&quot;strategy&quot;:&quot;-android uiautomator&quot;,&quot;selector&quot;:&quot; new UiSelector().resourceId(\&quot;de.hafas.android.db:id/input_start\&quot;)&quot;,&quot;context&quot;:&quot;&quot;,&quot;multiple&quot;:false}
[debug] [BaseDriver] Waited for 22199 ms so far
[debug] [JSONWP Proxy] Proxying [POST /element] to [POST http://localhost:8200/wd/hub/session/95e8a3ab-2c67-4fcc-8a78-bacf01747ad0/element] with body: {&quot;strategy&quot;:&quot;-android uiautomator&quot;,&quot;selector&quot;:&quot; new UiSelector().resourceId(\&quot;de.hafas.android.db:id/input_start\&quot;)&quot;,&quot;context&quot;:&quot;&quot;,&quot;multiple&quot;:false}
[debug] [BaseDriver] Waited for 22711 ms so far
[debug] [JSONWP Proxy] Proxying [POST /element] to [POST http://localhost:8200/wd/hub/session/95e8a3ab-2c67-4fcc-8a78-bacf01747ad0/element] with body: {&quot;strategy&quot;:&quot;-android uiautomator&quot;,&quot;selector&quot;:&quot; new UiSelector().resourceId(\&quot;de.hafas.android.db:id/input_start\&quot;)&quot;,&quot;context&quot;:&quot;&quot;,&quot;multiple&quot;:false}
[debug] [BaseDriver] Waited for 23223 ms so far
[debug] [JSONWP Proxy] Proxying [POST /element] to [POST http://localhost:8200/wd/hub/session/95e8a3ab-2c67-4fcc-8a78-bacf01747ad0/element] with body: {&quot;strategy&quot;:&quot;-android uiautomator&quot;,&quot;selector&quot;:&quot; new UiSelector().resourceId(\&quot;de.hafas.android.db:id/input_start\&quot;)&quot;,&quot;context&quot;:&quot;&quot;,&quot;multiple&quot;:false}
[debug] [BaseDriver] Waited for 23733 ms so far
[debug] [JSONWP Proxy] Proxying [POST /element] to [POST http://localhost:8200/wd/hub/session/95e8a3ab-2c67-4fcc-8a78-bacf01747ad0/element] with body: {&quot;strategy&quot;:&quot;-android uiautomator&quot;,&quot;selector&quot;:&quot; new UiSelector().resourceId(\&quot;de.hafas.android.db:id/input_start\&quot;)&quot;,&quot;context&quot;:&quot;&quot;,&quot;multiple&quot;:false}
[debug] [BaseDriver] Waited for 24244 ms so far
[debug] [JSONWP Proxy] Proxying [POST /element] to [POST http://localhost:8200/wd/hub/session/95e8a3ab-2c67-4fcc-8a78-bacf01747ad0/element] with body: {&quot;strategy&quot;:&quot;-android uiautomator&quot;,&quot;selector&quot;:&quot; new UiSelector().resourceId(\&quot;de.hafas.android.db:id/input_start\&quot;)&quot;,&quot;context&quot;:&quot;&quot;,&quot;multiple&quot;:false}
[debug] [BaseDriver] Waited for 24756 ms so far
[debug] [JSONWP Proxy] Proxying [POST /element] to [POST http://localhost:8200/wd/hub/session/95e8a3ab-2c67-4fcc-8a78-bacf01747ad0/element] with body: {&quot;strategy&quot;:&quot;-android uiautomator&quot;,&quot;selector&quot;:&quot; new UiSelector().resourceId(\&quot;de.hafas.android.db:id/input_start\&quot;)&quot;,&quot;context&quot;:&quot;&quot;,&quot;multiple&quot;:false}
[debug] [BaseDriver] Waited for 25268 ms so far
[debug] [JSONWP Proxy] Proxying [POST /element] to [POST http://localhost:8200/wd/hub/session/95e8a3ab-2c67-4fcc-8a78-bacf01747ad0/element] with body: {&quot;strategy&quot;:&quot;-android uiautomator&quot;,&quot;selector&quot;:&quot; new UiSelector().resourceId(\&quot;de.hafas.android.db:id/input_start\&quot;)&quot;,&quot;context&quot;:&quot;&quot;,&quot;multiple&quot;:false}
[debug] [BaseDriver] Waited for 25779 ms so far
[debug] [JSONWP Proxy] Proxying [POST /element] to [POST http://localhost:8200/wd/hub/session/95e8a3ab-2c67-4fcc-8a78-bacf01747ad0/element] with body: {&quot;strategy&quot;:&quot;-android uiautomator&quot;,&quot;selector&quot;:&quot; new UiSelector().resourceId(\&quot;de.hafas.android.db:id/input_start\&quot;)&quot;,&quot;context&quot;:&quot;&quot;,&quot;multiple&quot;:false}
[debug] [BaseDriver] Waited for 26290 ms so far
[debug] [JSONWP Proxy] Proxying [POST /element] to [POST http://localhost:8200/wd/hub/session/95e8a3ab-2c67-4fcc-8a78-bacf01747ad0/element] with body: {&quot;strategy&quot;:&quot;-android uiautomator&quot;,&quot;selector&quot;:&quot; new UiSelector().resourceId(\&quot;de.hafas.android.db:id/input_start\&quot;)&quot;,&quot;context&quot;:&quot;&quot;,&quot;multiple&quot;:false}
[debug] [BaseDriver] Waited for 26807 ms so far
[debug] [JSONWP Proxy] Proxying [POST /element] to [POST http://localhost:8200/wd/hub/session/95e8a3ab-2c67-4fcc-8a78-bacf01747ad0/element] with body: {&quot;strategy&quot;:&quot;-android uiautomator&quot;,&quot;selector&quot;:&quot; new UiSelector().resourceId(\&quot;de.hafas.android.db:id/input_start\&quot;)&quot;,&quot;context&quot;:&quot;&quot;,&quot;multiple&quot;:false}
[debug] [BaseDriver] Waited for 27321 ms so far
[debug] [JSONWP Proxy] Proxying [POST /element] to [POST http://localhost:8200/wd/hub/session/95e8a3ab-2c67-4fcc-8a78-bacf01747ad0/element] with body: {&quot;strategy&quot;:&quot;-android uiautomator&quot;,&quot;selector&quot;:&quot; new UiSelector().resourceId(\&quot;de.hafas.android.db:id/input_start\&quot;)&quot;,&quot;context&quot;:&quot;&quot;,&quot;multiple&quot;:false}
[debug] [BaseDriver] Waited for 27835 ms so far
[debug] [JSONWP Proxy] Proxying [POST /element] to [POST http://localhost:8200/wd/hub/session/95e8a3ab-2c67-4fcc-8a78-bacf01747ad0/element] with body: {&quot;strategy&quot;:&quot;-android uiautomator&quot;,&quot;selector&quot;:&quot; new UiSelector().resourceId(\&quot;de.hafas.android.db:id/input_start\&quot;)&quot;,&quot;context&quot;:&quot;&quot;,&quot;multiple&quot;:false}
[debug] [BaseDriver] Waited for 28360 ms so far
[debug] [JSONWP Proxy] Proxying [POST /element] to [POST http://localhost:8200/wd/hub/session/95e8a3ab-2c67-4fcc-8a78-bacf01747ad0/element] with body: {&quot;strategy&quot;:&quot;-android uiautomator&quot;,&quot;selector&quot;:&quot; new UiSelector().resourceId(\&quot;de.hafas.android.db:id/input_start\&quot;)&quot;,&quot;context&quot;:&quot;&quot;,&quot;multiple&quot;:false}
[debug] [BaseDriver] Waited for 28897 ms so far
[debug] [JSONWP Proxy] Proxying [POST /element] to [POST http://localhost:8200/wd/hub/session/95e8a3ab-2c67-4fcc-8a78-bacf01747ad0/element] with body: {&quot;strategy&quot;:&quot;-android uiautomator&quot;,&quot;selector&quot;:&quot; new UiSelector().resourceId(\&quot;de.hafas.android.db:id/input_start\&quot;)&quot;,&quot;context&quot;:&quot;&quot;,&quot;multiple&quot;:false}
[debug] [BaseDriver] Waited for 29417 ms so far
[debug] [JSONWP Proxy] Proxying [POST /element] to [POST http://localhost:8200/wd/hub/session/95e8a3ab-2c67-4fcc-8a78-bacf01747ad0/element] with body: {&quot;strategy&quot;:&quot;-android uiautomator&quot;,&quot;selector&quot;:&quot; new UiSelector().resourceId(\&quot;de.hafas.android.db:id/input_start\&quot;)&quot;,&quot;context&quot;:&quot;&quot;,&quot;multiple&quot;:false}
[debug] [BaseDriver] Waited for 29935 ms so far
[debug] [JSONWP Proxy] Proxying [POST /element] to [POST http://localhost:8200/wd/hub/session/95e8a3ab-2c67-4fcc-8a78-bacf01747ad0/element] with body: {&quot;strategy&quot;:&quot;-android uiautomator&quot;,&quot;selector&quot;:&quot; new UiSelector().resourceId(\&quot;de.hafas.android.db:id/input_start\&quot;)&quot;,&quot;context&quot;:&quot;&quot;,&quot;multiple&quot;:false}
[HTTP] &lt;-- POST /wd/hub/session/996cf3eb-c99d-4716-a777-073eb22f8177/element 500 30462 ms - 164 
</system-out>
  </testcase>
  <testcase classname="| Frankfurt(Main)Hbf | Frankfurt(Main)Flugh |" name="| Frankfurt(Main)Hbf | Frankfurt" time="0.002">
    <error message="An element could not be located on the page using the given search parameters. (WARNING: The server did not provide any stacktrace information)
Command duration or timeout: 30.47 seconds
For documentation on this error, please visit: http://seleniumhq.org/exceptions/no_such_element.html
Build info: version: &apos;3.4.0&apos;, revision: &apos;unknown&apos;, time: &apos;unknown&apos;
System info: host: &apos;LAPTOP-RN5VIIS5&apos;, ip: &apos;192.168.142.1&apos;, os.name: &apos;Windows 10&apos;, os.arch: &apos;amd64&apos;, os.version: &apos;10.0&apos;, java.version: &apos;1.8.0_172&apos;
Driver info: io.appium.java_client.android.AndroidDriver
Capabilities [{appPackage=de.hafas.android.db, appActivity=de.hafas.main.HafasApp, newCommandTimeout=60.0, platformVersion=7.1.1, automationName=UiAutomator2, javascriptEnabled=true, platformName=Android, udid=emulator-5554, deviceName=emulator-5554, platform=ANY}]
Session ID: 996cf3eb-c99d-4716-a777-073eb22f8177
*** Element info: {Using=-android uiautomator, value= new UiSelector().resourceId(&quot;de.hafas.android.db:id/input_start&quot;)}" type="org.openqa.selenium.NoSuchElementException">org.openqa.selenium.NoSuchElementException: An element could not be located on the page using the given search parameters. (WARNING: The server did not provide any stacktrace information)
Command duration or timeout: 30.47 seconds
For documentation on this error, please visit: http://seleniumhq.org/exceptions/no_such_element.html
Build info: version: &apos;3.4.0&apos;, revision: &apos;unknown&apos;, time: &apos;unknown&apos;
System info: host: &apos;LAPTOP-RN5VIIS5&apos;, ip: &apos;192.168.142.1&apos;, os.name: &apos;Windows 10&apos;, os.arch: &apos;amd64&apos;, os.version: &apos;10.0&apos;, java.version: &apos;1.8.0_172&apos;
Driver info: io.appium.java_client.android.AndroidDriver
Capabilities [{appPackage=de.hafas.android.db, appActivity=de.hafas.main.HafasApp, newCommandTimeout=60.0, platformVersion=7.1.1, automationName=UiAutomator2, javascriptEnabled=true, platformName=Android, udid=emulator-5554, deviceName=emulator-5554, platform=ANY}]
Session ID: 996cf3eb-c99d-4716-a777-073eb22f8177
*** Element info: {Using=-android uiautomator, value= new UiSelector().resourceId(&quot;de.hafas.android.db:id/input_start&quot;)}
	at sun.reflect.NativeConstructorAccessorImpl.newInstance0(Native Method)
	at sun.reflect.NativeConstructorAccessorImpl.newInstance(NativeConstructorAccessorImpl.java:62)
	at sun.reflect.DelegatingConstructorAccessorImpl.newInstance(DelegatingConstructorAccessorImpl.java:45)
	at java.lang.reflect.Constructor.newInstance(Constructor.java:423)
	at org.openqa.selenium.remote.ErrorHandler.createThrowable(ErrorHandler.java:215)
	at org.openqa.selenium.remote.ErrorHandler.throwIfResponseFailed(ErrorHandler.java:167)
	at org.openqa.selenium.remote.RemoteWebDriver.execute(RemoteWebDriver.java:671)
	at io.appium.java_client.DefaultGenericMobileDriver.execute(DefaultGenericMobileDriver.java:40)
	at io.appium.java_client.AppiumDriver.execute(AppiumDriver.java:1)
	at io.appium.java_client.android.AndroidDriver.execute(AndroidDriver.java:1)
	at org.openqa.selenium.remote.RemoteWebDriver.findElement(RemoteWebDriver.java:410)
	at io.appium.java_client.DefaultGenericMobileDriver.findElement(DefaultGenericMobileDriver.java:56)
	at io.appium.java_client.AppiumDriver.findElement(AppiumDriver.java:1)
	at io.appium.java_client.android.AndroidDriver.findElement(AndroidDriver.java:1)
	at io.appium.java_client.android.AndroidDriver.findElementByAndroidUIAutomator(AndroidDriver.java:365)
	at core.UIObjectWrapper.tap(UIObjectWrapper.java:207)
	at api.apps.navigator.tripPlaner.TripInformation.clickStartStion(TripInformation.java:41)
	at api.apps.navigator.testSteps.TravelInformationSteps.i_enter_the_start_station(TravelInformationSteps.java:99)
	at ✽.Then I enter the start station Frankfurt(Main)Hbf(travelinformation.feature:26)
</error>
  </testcase>
  <testcase classname="Then I enter the destination station Frankfurt(Main)Flugh(| Frankfurt(Main)Hbf | Frankfurt(Main)Flugh |)" name="Then I enter the destination station Frankfurt(Main)Flugh(| Frankfurt(Main)Hbf | Frankfurt" time="0.002">
    <skipped/>
  </testcase>
  <testcase classname="Then I click the day picker(| Frankfurt(Main)Hbf | Frankfurt(Main)Flugh |)" name="Then I click the day picker(| Frankfurt(Main)Hbf | Frankfurt" time="0.002">
    <skipped/>
  </testcase>
  <testcase classname="Then I select the travel date(| Frankfurt(Main)Hbf | Frankfurt(Main)Flugh |)" name="Then I select the travel date(| Frankfurt(Main)Hbf | Frankfurt" time="0.004">
    <skipped/>
  </testcase>
  <testcase classname="Then I click the done button(| Frankfurt(Main)Hbf | Frankfurt(Main)Flugh |)" name="Then I click the done button(| Frankfurt(Main)Hbf | Frankfurt" time="0.005">
    <skipped/>
  </testcase>
  <testcase classname="And I click the search button(| Frankfurt(Main)Hbf | Frankfurt(Main)Flugh |)" name="And I click the search button(| Frankfurt(Main)Hbf | Frankfurt" time="0.006">
    <skipped/>
  </testcase>
  <testcase classname="And I scroll down to later button(| Frankfurt(Main)Hbf | Frankfurt(Main)Flugh |)" name="And I scroll down to later button(| Frankfurt(Main)Hbf | Frankfurt" time="0.007">
    <skipped/>
  </testcase>
  <testcase classname="Then I scroll up to earlier button(| Frankfurt(Main)Hbf | Frankfurt(Main)Flugh |)" name="Then I scroll up to earlier button(| Frankfurt(Main)Hbf | Frankfurt" time="0.01">
    <skipped/>
  </testcase>
  <testcase classname="Then I scroll back to later button(| Frankfurt(Main)Hbf | Frankfurt(Main)Flugh |)" name="Then I scroll back to later button(| Frankfurt(Main)Hbf | Frankfurt" time="0.011">
    <skipped/>
  </testcase>
  <testcase classname="And I click later button(| Frankfurt(Main)Hbf | Frankfurt(Main)Flugh |)" name="And I click later button(| Frankfurt(Main)Hbf | Frankfurt" time="0.011">
    <skipped/>
  </testcase>
  <testcase classname="Then I select a trip(| Frankfurt(Main)Hbf | Frankfurt(Main)Flugh |)" name="Then I select a trip(| Frankfurt(Main)Hbf | Frankfurt" time="0.017">
    <skipped/>
  </testcase>
  <testcase classname="Then I click mfe button(| Frankfurt(Main)Hbf | Frankfurt(Main)Flugh |)" name="Then I click mfe button(| Frankfurt(Main)Hbf | Frankfurt" time="0.017">
    <skipped/>
  </testcase>
  <testcase classname="Then I click operation days(| Frankfurt(Main)Hbf | Frankfurt(Main)Flugh |)" name="Then I click operation days(| Frankfurt(Main)Hbf | Frankfurt" time="0.017">
    <skipped/>
  </testcase>
  <testcase classname="Then I click back button(| Frankfurt(Main)Hbf | Frankfurt(Main)Flugh |)" name="Then I click back button(| Frankfurt(Main)Hbf | Frankfurt" time="0.017">
    <skipped/>
  </testcase>
  <testcase classname="| Frankfurt(Main)Hbf | Frankfurt(Main)Flugh |" name="| Frankfurt(Main)Hbf | Frankfurt" time="0.017">
    <error type="java.lang.NullPointerException">java.lang.NullPointerException
	at api.apps.navigator.testSteps.NavigationSteps.finishTest(NavigationSteps.java:247)
	at sun.reflect.NativeMethodAccessorImpl.invoke0(Native Method)
	at sun.reflect.NativeMethodAccessorImpl.invoke(NativeMethodAccessorImpl.java:62)
	at sun.reflect.DelegatingMethodAccessorImpl.invoke(DelegatingMethodAccessorImpl.java:43)
	at java.lang.reflect.Method.invoke(Method.java:498)
	at cucumber.runtime.Utils$1.call(Utils.java:40)
	at cucumber.runtime.Timeout.timeout(Timeout.java:16)
	at cucumber.runtime.Utils.invoke(Utils.java:34)
	at cucumber.runtime.java.JavaHookDefinition.execute(JavaHookDefinition.java:60)
	at cucumber.runtime.Runtime.runHookIfTagsMatch(Runtime.java:224)
	at cucumber.runtime.Runtime.runHooks(Runtime.java:212)
	at cucumber.runtime.Runtime.runAfterHooks(Runtime.java:206)
	at cucumber.runtime.model.CucumberScenario.run(CucumberScenario.java:46)
	at cucumber.runtime.junit.ExecutionUnitRunner.run(ExecutionUnitRunner.java:102)
	at org.junit.runners.Suite.runChild(Suite.java:128)
	at org.junit.runners.Suite.runChild(Suite.java:27)
	at org.junit.runners.ParentRunner$3.run(ParentRunner.java:290)
	at org.junit.runners.ParentRunner$1.schedule(ParentRunner.java:71)
	at org.junit.runners.ParentRunner.runChildren(ParentRunner.java:288)
	at org.junit.runners.ParentRunner.access$000(ParentRunner.java:58)
	at org.junit.runners.ParentRunner$2.evaluate(ParentRunner.java:268)
	at org.junit.runners.ParentRunner.run(ParentRunner.java:363)
	at cucumber.runtime.junit.ExamplesRunner.run(ExamplesRunner.java:59)
	at org.junit.runners.Suite.runChild(Suite.java:128)
	at org.junit.runners.Suite.runChild(Suite.java:27)
	at org.junit.runners.ParentRunner$3.run(ParentRunner.java:290)
	at org.junit.runners.ParentRunner$1.schedule(ParentRunner.java:71)
	at org.junit.runners.ParentRunner.runChildren(ParentRunner.java:288)
	at org.junit.runners.ParentRunner.access$000(ParentRunner.java:58)
	at org.junit.runners.ParentRunner$2.evaluate(ParentRunner.java:268)
	at org.junit.runners.ParentRunner.run(ParentRunner.java:363)
	at cucumber.runtime.junit.ScenarioOutlineRunner.run(ScenarioOutlineRunner.java:53)
	at cucumber.runtime.junit.FeatureRunner.runChild(FeatureRunner.java:63)
	at cucumber.runtime.junit.FeatureRunner.runChild(FeatureRunner.java:18)
	at org.junit.runners.ParentRunner$3.run(ParentRunner.java:290)
	at org.junit.runners.ParentRunner$1.schedule(ParentRunner.java:71)
	at org.junit.runners.ParentRunner.runChildren(ParentRunner.java:288)
	at org.junit.runners.ParentRunner.access$000(ParentRunner.java:58)
	at org.junit.runners.ParentRunner$2.evaluate(ParentRunner.java:268)
	at org.junit.runners.ParentRunner.run(ParentRunner.java:363)
	at cucumber.runtime.junit.FeatureRunner.run(FeatureRunner.java:70)
	at cucumber.api.junit.Cucumber.runChild(Cucumber.java:95)
	at cucumber.api.junit.Cucumber.runChild(Cucumber.java:38)
	at org.junit.runners.ParentRunner$3.run(ParentRunner.java:290)
	at org.junit.runners.ParentRunner$1.schedule(ParentRunner.java:71)
	at org.junit.runners.ParentRunner.runChildren(ParentRunner.java:288)
	at org.junit.runners.ParentRunner.access$000(ParentRunner.java:58)
	at org.junit.runners.ParentRunner$2.evaluate(ParentRunner.java:268)
	at org.junit.runners.ParentRunner.run(ParentRunner.java:363)
	at cucumber.api.junit.Cucumber.run(Cucumber.java:100)
	at org.apache.maven.surefire.junit4.JUnit4Provider.execute(JUnit4Provider.java:252)
	at org.apache.maven.surefire.junit4.JUnit4Provider.executeTestSet(JUnit4Provider.java:141)
	at org.apache.maven.surefire.junit4.JUnit4Provider.invoke(JUnit4Provider.java:112)
	at sun.reflect.NativeMethodAccessorImpl.invoke0(Native Method)
	at sun.reflect.NativeMethodAccessorImpl.invoke(NativeMethodAccessorImpl.java:62)
	at sun.reflect.DelegatingMethodAccessorImpl.invoke(DelegatingMethodAccessorImpl.java:43)
	at java.lang.reflect.Method.invoke(Method.java:498)
	at org.apache.maven.surefire.util.ReflectionUtils.invokeMethodWithArray(ReflectionUtils.java:189)
	at org.apache.maven.surefire.booter.ProviderFactory$ProviderProxy.invoke(ProviderFactory.java:165)
	at org.apache.maven.surefire.booter.ProviderFactory.invokeProvider(ProviderFactory.java:85)
	at org.apache.maven.surefire.booter.ForkedBooter.runSuitesInProcess(ForkedBooter.java:115)
	at org.apache.maven.surefire.booter.ForkedBooter.main(ForkedBooter.java:75)
</error>
  </testcase>
</testsuite>