<?xml version="1.0" encoding="UTF-8" ?>
<testsuite tests="25" failures="4" name="runners.CalculatorRunner" time="8.274" errors="1" skipped="8">
  <properties>
[...]
</properties>
  <testcase classname="| 7 | 8 | op_add |" name="Given I start the calculator" time="0.005">
    <failure message="the app could not be started" type="java.lang.AssertionError">java.lang.AssertionError: the app could not be started
	at org.junit.Assert.fail(Assert.java:88)
	at org.junit.Assert.assertTrue(Assert.java:41)
	at api.apps.myCalculator.steps.CalculatorSteps.i_start_the_calculator(CalculatorSteps.java:88)
	at ✽.Given I start the calculator(calculator.feature:25)
</failure>
    <system-out>#Author: your.email@your.domain.com
#Keywords Summary :
#Feature: List of scenarios.
#Scenario: Business rule through list of steps with arguments.
#Given: Some precondition step
#When: Some key actions
#Then: To observe outcomes or validation
#And,But: To enumerate more Given,When,Then steps
#Scenario Outline: List of steps for data-driven as an Examples and &lt;placeholder&gt;
#Examples: Container for s table
#Background: List of steps run before each of the scenarios
#&quot;&quot;&quot; (Doc Strings)
#| (Data Tables)
#@ (Tags/Labels):To group Scenarios
#&lt;&gt; (placeholder)
#&quot;&quot;
## (Comments)
#Sample Feature Definition Template
@tag
Feature: calculator
  I want to use this template for my feature file

  @calculator
  Scenario Outline: addition            &amp;#27;[90m# calculator.feature:24&amp;#27;[0m
    &amp;#27;[36mGiven &amp;#27;[0m&amp;#27;[36mI start the calculator&amp;#27;[0m
    &amp;#27;[36mWhen &amp;#27;[0m&amp;#27;[36mI click the first &lt;operand1&gt;&amp;#27;[0m
    &amp;#27;[36mThen &amp;#27;[0m&amp;#27;[36mI click an operator &lt;operator&gt;&amp;#27;[0m
    &amp;#27;[36mAnd &amp;#27;[0m&amp;#27;[36mI click the second &lt;operand2&gt;&amp;#27;[0m
    &amp;#27;[36mAnd &amp;#27;[0m&amp;#27;[36mI click equal&amp;#27;[0m

    Examples: 
2018-09-21 16:09:51 INFO  MyLogger:33 - reading from connected device list 
2018-09-21 16:09:51 INFO  MyLogger:47 - finding ready device 
2018-09-21 16:09:51 INFO  MyLogger:131 - updating device prop/capas...emulator-5554
2018-09-21 16:09:51 INFO  MyLogger:63 - found ready device emulator-5554
2018-09-21 16:09:51 WARN  MyLogger:76 - PORT.......4723
2018-09-21 16:09:51 INFO  MyLogger:30 - Execution Server was WINDOWS
2018-09-21 16:09:51 INFO  MyLogger:288 - checking port 4723 is free.
2018-09-21 16:09:51 INFO  MyLogger:197 - PORT ... 4723 is free
2018-09-21 16:09:51 INFO  MyLogger:207 - starting appium server at port 4723 with following url http://127.0.0.1:4723/wd/hub for device emulator-5554
2018-09-21 16:09:51 INFO  MyLogger:215 - creating driver for emulator-5554
2018-09-21 16:09:51 INFO  MyLogger:30 - Execution Server was WINDOWS
2018-09-21 16:09:51 INFO  MyLogger:91 - executing command... C:\Users\Lenovo\AppData\Local\Android\Sdk\platform-tools\adb -s emulator-5554 shell getprop ro.build.version.release
2018-09-21 16:09:52 INFO  MyLogger:106 - server output 7.1.1

2018-09-21 16:09:52 INFO  MyLogger:99 - getting device capabilities for emulator-5554
2018-09-21 16:09:52 INFO  MyLogger:102 - got device capabilities for emulator-5554
[Appium] Welcome to Appium v1.7.2
[Appium] Non-default server args:
[Appium]   address: 127.0.0.1
[HTTP] Could not start REST http interface listener. The requested port may already be in use. Please make sure there is no other instance of this server running already.
uncaughtException: listen EADDRINUSE 127.0.0.1:4723
	{&quot;date&quot;:&quot;Fri Sep 21 2018 16:09:58 GMT+0200 (MitteleuropÃ¤ische Sommerzeit)&quot;,&quot;process&quot;:{&quot;pid&quot;:9432,&quot;uid&quot;:null,&quot;gid&quot;:null,&quot;cwd&quot;:&quot;C:\\MyWorkspace\\kozeium&quot;,&quot;execPath&quot;:&quot;C:\\Program Files\\nodejs\\node.exe&quot;,&quot;version&quot;:&quot;v8.11.1&quot;,&quot;argv&quot;:[&quot;C:\\Program Files\\nodejs\\node.exe&quot;,&quot;C:\\Users\\Lenovo\\AppData\\Roaming\\npm\\node_modules\\appium\\build\\lib\\main.js&quot;,&quot;--port&quot;,&quot;4723&quot;,&quot;--address&quot;,&quot;127.0.0.1&quot;,&quot;--bootstrap-port&quot;,&quot;4724&quot;],&quot;memoryUsage&quot;:{&quot;rss&quot;:136564736,&quot;heapTotal&quot;:117411840,&quot;heapUsed&quot;:90350192,&quot;external&quot;:2287675}},&quot;os&quot;:{&quot;loadavg&quot;:[0,0,0],&quot;uptime&quot;:600399.2641389},&quot;trace&quot;:[{&quot;column&quot;:11,&quot;file&quot;:&quot;util.js&quot;,&quot;function&quot;:&quot;Object._errnoException&quot;,&quot;line&quot;:1022,&quot;method&quot;:&quot;_errnoException&quot;,&quot;native&quot;:false},{&quot;column&quot;:20,&quot;file&quot;:&quot;util.js&quot;,&quot;function&quot;:&quot;_exceptionWithHostPort&quot;,&quot;line&quot;:1044,&quot;method&quot;:null,&quot;native&quot;:false},{&quot;column&quot;:14,&quot;file&quot;:&quot;net.js&quot;,&quot;function&quot;:&quot;Server.setupListenHandle [as _listen2]&quot;,&quot;line&quot;:1367,&quot;method&quot;:&quot;setupListenHandle [as _listen2]&quot;,&quot;native&quot;:false},{&quot;column&quot;:12,&quot;file&quot;:&quot;net.js&quot;,&quot;function&quot;:&quot;listenInCluster&quot;,&quot;line&quot;:1408,&quot;method&quot;:null,&quot;native&quot;:false},{&quot;column&quot;:7,&quot;file&quot;:&quot;net.js&quot;,&quot;function&quot;:&quot;doListen&quot;,&quot;line&quot;:1517,&quot;method&quot;:null,&quot;native&quot;:false},{&quot;column&quot;:11,&quot;file&quot;:&quot;internal/process/next_tick.js&quot;,&quot;function&quot;:&quot;_combinedTickCallback&quot;,&quot;line&quot;:141,&quot;method&quot;:null,&quot;native&quot;:false},{&quot;column&quot;:9,&quot;file&quot;:&quot;internal/process/next_tick.js&quot;,&quot;function&quot;:&quot;process._tickCallback&quot;,&quot;line&quot;:180,&quot;method&quot;:&quot;_tickCallback&quot;,&quot;native&quot;:false}],&quot;stack&quot;:[&quot;Error: listen EADDRINUSE 127.0.0.1:4723&quot;,&quot;    at Object._errnoException (util.js:1022:11)&quot;,&quot;    at _exceptionWithHostPort (util.js:1044:20)&quot;,&quot;    at Server.setupListenHandle [as _listen2] (net.js:1367:14)&quot;,&quot;    at listenInCluster (net.js:1408:12)&quot;,&quot;    at doListen (net.js:1517:7)&quot;,&quot;    at _combinedTickCallback (internal/process/next_tick.js:141:11)&quot;,&quot;    at process._tickCallback (internal/process/next_tick.js:180:9)&quot;]}
2018-09-21 16:10:00 ERROR MyLogger:233 - Driver creation failled for emulator-5554 on port4723[Ljava.lang.StackTraceElement;@76a82f33 Message. java.net.SocketException: Connection reset
Build info: version: &apos;3.4.0&apos;, revision: &apos;unknown&apos;, time: &apos;unknown&apos;
System info: host: &apos;LAPTOP-RN5VIIS5&apos;, ip: &apos;192.168.142.1&apos;, os.name: &apos;Windows 10&apos;, os.arch: &apos;amd64&apos;, os.version: &apos;10.0&apos;, java.version: &apos;1.8.0_172&apos;
Driver info: driver.version: AndroidDriver Cause: java.net.SocketException: Connection reset
2018-09-21 16:10:00 INFO  MyLogger:79 - starting test of   com.android.calculator2 on emulator-5554  plattform version 7.1.1 com.android.calculator2.Calculator
2018-09-21 16:10:00 INFO  MyLogger:30 - Execution Server was WINDOWS
2018-09-21 16:10:00 INFO  MyLogger:91 - executing command...  C:\Users\Lenovo\AppData\Local\Android\Sdk\platform-tools\adb -s  shell am start -n com.android.calculator2/com.android.calculator2
2018-09-21 16:10:00 INFO  MyLogger:106 - server output 
2018-09-21 16:10:00 INFO  MyLogger:243 - started App com.android.calculator2 on 
2018-09-21 16:10:00 DEBUG MyLogger:85 - opening com.android.calculator2 on 
2018-09-21 16:10:00 INFO  MyLogger:30 - Execution Server was WINDOWS
2018-09-21 16:10:00 INFO  MyLogger:91 - executing command...  C:\Users\Lenovo\AppData\Local\Android\Sdk\platform-tools\adb -s emulator-5554 shell dumpsys window windows | grep mCurrentFocus
2018-09-21 16:10:01 INFO  MyLogger:106 - server output   mCurrentFocus=Window{b06c559 u0 com.google.android.apps.nexuslauncher/com.google.android.apps.nexuslauncher.NexusLauncherActivity}

</system-out>
    <system-err>org.openqa.selenium.WebDriverException: java.net.SocketException: Connection reset
Build info: version: &apos;3.4.0&apos;, revision: &apos;unknown&apos;, time: &apos;unknown&apos;
System info: host: &apos;LAPTOP-RN5VIIS5&apos;, ip: &apos;192.168.142.1&apos;, os.name: &apos;Windows 10&apos;, os.arch: &apos;amd64&apos;, os.version: &apos;10.0&apos;, java.version: &apos;1.8.0_172&apos;
Driver info: driver.version: AndroidDriver
	at io.appium.java_client.remote.AppiumCommandExecutor.execute(AppiumCommandExecutor.java:84)
	at org.openqa.selenium.remote.RemoteWebDriver.execute(RemoteWebDriver.java:637)
	at io.appium.java_client.DefaultGenericMobileDriver.execute(DefaultGenericMobileDriver.java:40)
	at io.appium.java_client.AppiumDriver.execute(AppiumDriver.java:1)
	at io.appium.java_client.android.AndroidDriver.execute(AndroidDriver.java:1)
	at org.openqa.selenium.remote.RemoteWebDriver.startSession(RemoteWebDriver.java:250)
	at org.openqa.selenium.remote.RemoteWebDriver.startSession(RemoteWebDriver.java:236)
	at org.openqa.selenium.remote.RemoteWebDriver.&lt;init&gt;(RemoteWebDriver.java:137)
	at io.appium.java_client.DefaultGenericMobileDriver.&lt;init&gt;(DefaultGenericMobileDriver.java:36)
	at io.appium.java_client.AppiumDriver.&lt;init&gt;(AppiumDriver.java:114)
	at io.appium.java_client.AppiumDriver.&lt;init&gt;(AppiumDriver.java:132)
	at io.appium.java_client.android.AndroidDriver.&lt;init&gt;(AndroidDriver.java:92)
	at core.manager.DriverManager.createAndroidDriver(DriverManager.java:217)
	at api.apps.myCalculator.steps.CalculatorSteps.i_start_the_calculator(CalculatorSteps.java:77)
	at sun.reflect.NativeMethodAccessorImpl.invoke0(Native Method)
	at sun.reflect.NativeMethodAccessorImpl.invoke(NativeMethodAccessorImpl.java:62)
	at sun.reflect.DelegatingMethodAccessorImpl.invoke(DelegatingMethodAccessorImpl.java:43)
	at java.lang.reflect.Method.invoke(Method.java:498)
	at cucumber.runtime.Utils$1.call(Utils.java:40)
	at cucumber.runtime.Timeout.timeout(Timeout.java:16)
	at cucumber.runtime.Utils.invoke(Utils.java:34)
	at cucumber.runtime.java.JavaStepDefinition.execute(JavaStepDefinition.java:38)
	at cucumber.runtime.StepDefinitionMatch.runStep(StepDefinitionMatch.java:37)
	at cucumber.runtime.Runtime.runStep(Runtime.java:300)
	at cucumber.runtime.model.StepContainer.runStep(StepContainer.java:44)
	at cucumber.runtime.model.StepContainer.runSteps(StepContainer.java:39)
	at cucumber.runtime.model.CucumberScenario.run(CucumberScenario.java:44)
	at cucumber.runtime.junit.ExecutionUnitRunner.run(ExecutionUnitRunner.java:102)
	at org.junit.runners.Suite.runChild(Suite.java:128)
	at org.junit.runners.Suite.runChild(Suite.java:27)
	at org.junit.runners.ParentRunner$3.run(ParentRunner.java:290)
	at org.junit.runners.ParentRunner$1.schedule(ParentRunner.java:71)
	at org.junit.runners.ParentRunner.runChildren(ParentRunner.java:288)
	at org.junit.runners.ParentRunner.access$000(ParentRunner.java:58)
	at org.junit.runners.ParentRunner$2.evaluate(ParentRunner.java:268)
	at org.junit.runners.ParentRunner.run(ParentRunner.java:363)
	at cucumber.runtime.junit.ExamplesRunner.run(ExamplesRunner.java:59)
	at org.junit.runners.Suite.runChild(Suite.java:128)
	at org.junit.runners.Suite.runChild(Suite.java:27)
	at org.junit.runners.ParentRunner$3.run(ParentRunner.java:290)
	at org.junit.runners.ParentRunner$1.schedule(ParentRunner.java:71)
	at org.junit.runners.ParentRunner.runChildren(ParentRunner.java:288)
	at org.junit.runners.ParentRunner.access$000(ParentRunner.java:58)
	at org.junit.runners.ParentRunner$2.evaluate(ParentRunner.java:268)
	at org.junit.runners.ParentRunner.run(ParentRunner.java:363)
	at cucumber.runtime.junit.ScenarioOutlineRunner.run(ScenarioOutlineRunner.java:53)
	at cucumber.runtime.junit.FeatureRunner.runChild(FeatureRunner.java:63)
	at cucumber.runtime.junit.FeatureRunner.runChild(FeatureRunner.java:18)
	at org.junit.runners.ParentRunner$3.run(ParentRunner.java:290)
	at org.junit.runners.ParentRunner$1.schedule(ParentRunner.java:71)
	at org.junit.runners.ParentRunner.runChildren(ParentRunner.java:288)
	at org.junit.runners.ParentRunner.access$000(ParentRunner.java:58)
	at org.junit.runners.ParentRunner$2.evaluate(ParentRunner.java:268)
	at org.junit.runners.ParentRunner.run(ParentRunner.java:363)
	at cucumber.runtime.junit.FeatureRunner.run(FeatureRunner.java:70)
	at cucumber.api.junit.Cucumber.runChild(Cucumber.java:95)
	at cucumber.api.junit.Cucumber.runChild(Cucumber.java:38)
	at org.junit.runners.ParentRunner$3.run(ParentRunner.java:290)
	at org.junit.runners.ParentRunner$1.schedule(ParentRunner.java:71)
	at org.junit.runners.ParentRunner.runChildren(ParentRunner.java:288)
	at org.junit.runners.ParentRunner.access$000(ParentRunner.java:58)
	at org.junit.runners.ParentRunner$2.evaluate(ParentRunner.java:268)
	at org.junit.runners.ParentRunner.run(ParentRunner.java:363)
	at cucumber.api.junit.Cucumber.run(Cucumber.java:100)
	at org.apache.maven.surefire.junit4.JUnit4Provider.execute(JUnit4Provider.java:252)
	at org.apache.maven.surefire.junit4.JUnit4Provider.executeTestSet(JUnit4Provider.java:141)
	at org.apache.maven.surefire.junit4.JUnit4Provider.invoke(JUnit4Provider.java:112)
	at sun.reflect.NativeMethodAccessorImpl.invoke0(Native Method)
	at sun.reflect.NativeMethodAccessorImpl.invoke(NativeMethodAccessorImpl.java:62)
	at sun.reflect.DelegatingMethodAccessorImpl.invoke(DelegatingMethodAccessorImpl.java:43)
	at java.lang.reflect.Method.invoke(Method.java:498)
	at org.apache.maven.surefire.util.ReflectionUtils.invokeMethodWithArray(ReflectionUtils.java:189)
	at org.apache.maven.surefire.booter.ProviderFactory$ProviderProxy.invoke(ProviderFactory.java:165)
	at org.apache.maven.surefire.booter.ProviderFactory.invokeProvider(ProviderFactory.java:85)
	at org.apache.maven.surefire.booter.ForkedBooter.runSuitesInProcess(ForkedBooter.java:115)
	at org.apache.maven.surefire.booter.ForkedBooter.main(ForkedBooter.java:75)
Caused by: java.net.SocketException: Connection reset
	at java.net.SocketInputStream.read(SocketInputStream.java:210)
	at java.net.SocketInputStream.read(SocketInputStream.java:141)
	at org.apache.http.impl.io.SessionInputBufferImpl.streamRead(SessionInputBufferImpl.java:137)
	at org.apache.http.impl.io.SessionInputBufferImpl.fillBuffer(SessionInputBufferImpl.java:153)
	at org.apache.http.impl.io.SessionInputBufferImpl.readLine(SessionInputBufferImpl.java:282)
	at org.apache.http.impl.conn.DefaultHttpResponseParser.parseHead(DefaultHttpResponseParser.java:138)
	at org.apache.http.impl.conn.DefaultHttpResponseParser.parseHead(DefaultHttpResponseParser.java:56)
	at org.apache.http.impl.io.AbstractMessageParser.parse(AbstractMessageParser.java:259)
	at org.apache.http.impl.DefaultBHttpClientConnection.receiveResponseHeader(DefaultBHttpClientConnection.java:163)
	at org.apache.http.impl.conn.CPoolProxy.receiveResponseHeader(CPoolProxy.java:165)
	at org.apache.http.protocol.HttpRequestExecutor.doReceiveResponse(HttpRequestExecutor.java:273)
	at org.apache.http.protocol.HttpRequestExecutor.execute(HttpRequestExecutor.java:125)
	at org.apache.http.impl.execchain.MainClientExec.execute(MainClientExec.java:272)
	at org.apache.http.impl.execchain.ProtocolExec.execute(ProtocolExec.java:185)
	at org.apache.http.impl.execchain.RetryExec.execute(RetryExec.java:89)
	at org.apache.http.impl.execchain.RedirectExec.execute(RedirectExec.java:111)
	at org.apache.http.impl.client.InternalHttpClient.doExecute(InternalHttpClient.java:185)
	at org.apache.http.impl.client.CloseableHttpClient.execute(CloseableHttpClient.java:72)
	at org.apache.http.impl.client.CloseableHttpClient.execute(CloseableHttpClient.java:56)
	at org.openqa.selenium.remote.internal.ApacheHttpClient.fallBackExecute(ApacheHttpClient.java:139)
	at org.openqa.selenium.remote.internal.ApacheHttpClient.execute(ApacheHttpClient.java:87)
	at org.openqa.selenium.remote.ProtocolHandshake.createSession(ProtocolHandshake.java:343)
	at org.openqa.selenium.remote.ProtocolHandshake.createSession(ProtocolHandshake.java:159)
	at org.openqa.selenium.remote.HttpCommandExecutor.execute(HttpCommandExecutor.java:142)
	at io.appium.java_client.remote.AppiumCommandExecutor.execute(AppiumCommandExecutor.java:69)
	... 75 more
</system-err>
  </testcase>
  <testcase classname="| 7 | 8 | op_add |" name="| 7 | 8 | op_add |" time="0.008">
    <failure message="the app could not be started" type="java.lang.AssertionError">java.lang.AssertionError: the app could not be started
	at org.junit.Assert.fail(Assert.java:88)
	at org.junit.Assert.assertTrue(Assert.java:41)
	at api.apps.myCalculator.steps.CalculatorSteps.i_start_the_calculator(CalculatorSteps.java:88)
	at ✽.Given I start the calculator(calculator.feature:25)
</failure>
  </testcase>
  <testcase classname="| 7 | 8 | op_add |" name="When I click the first 7" time="0.011">
    <skipped/>
  </testcase>
  <testcase classname="| 7 | 8 | op_add |" name="Then I click an operator op_add" time="0.012">
    <skipped/>
  </testcase>
  <testcase classname="| 7 | 8 | op_add |" name="And I click the second 8" time="0.014">
    <skipped/>
  </testcase>
  <testcase classname="| 7 | 8 | op_add |" name="And I click equal" time="0.016">
    <skipped/>
  </testcase>
  <testcase classname="| 3 | 7 | op_mul |" name="Given I start the calculator" time="0"/>
  <testcase classname="| 3 | 7 | op_mul |" name="When I click the first 3" time="0"/>
  <testcase classname="| 3 | 7 | op_mul |" name="Then I click an operator op_mul" time="0"/>
  <testcase classname="| 3 | 7 | op_mul |" name="And I click the second 7" time="0"/>
  <testcase classname="| 3 | 7 | op_mul |" name="And I click equal" time="0"/>
  <testcase classname="| 3 | 7 | op_mul |" name="| 3 | 7 | op_mul |" time="4.989"/>
  <testcase classname="| 3 | 3 | op_sub |" name="Given I start the calculator" time="0">
    <failure message="the app could not be started" type="java.lang.AssertionError">java.lang.AssertionError: the app could not be started
	at org.junit.Assert.fail(Assert.java:88)
	at org.junit.Assert.assertTrue(Assert.java:41)
	at api.apps.myCalculator.steps.CalculatorSteps.i_start_the_calculator(CalculatorSteps.java:88)
	at ✽.Given I start the calculator(calculator.feature:25)
</failure>
    <system-out>
  @calculator @tag
  Scenario Outline: addition        &amp;#27;[90m# calculator.feature:34&amp;#27;[0m
    &amp;#27;[32mGiven &amp;#27;[0m&amp;#27;[32mI start the calculator&amp;#27;[0m    &amp;#27;[90m# CalculatorSteps.i_start_the_calculator()&amp;#27;[0m
    &amp;#27;[32mWhen &amp;#27;[0m&amp;#27;[32mI click the first &amp;#27;[0m&amp;#27;[32m&amp;#27;[1m3&amp;#27;[0m        &amp;#27;[90m# CalculatorSteps.i_click_the_first(int)&amp;#27;[0m
    &amp;#27;[32mThen &amp;#27;[0m&amp;#27;[32mI click an operator &amp;#27;[0m&amp;#27;[32m&amp;#27;[1mop_mul&amp;#27;[0m &amp;#27;[90m# CalculatorSteps.i_click_an_operator(String)&amp;#27;[0m
    &amp;#27;[32mAnd &amp;#27;[0m&amp;#27;[32mI click the second &amp;#27;[0m&amp;#27;[32m&amp;#27;[1m7&amp;#27;[0m        &amp;#27;[90m# CalculatorSteps.i_click_the_second(int)&amp;#27;[0m
    &amp;#27;[32mAnd &amp;#27;[0m&amp;#27;[32mI click equal&amp;#27;[0m               &amp;#27;[90m# CalculatorSteps.i_click_equal()&amp;#27;[0m
2018-09-21 16:11:10 INFO  MyLogger:33 - reading from connected device list 
2018-09-21 16:11:10 INFO  MyLogger:47 - finding ready device 
2018-09-21 16:11:10 INFO  MyLogger:131 - updating device prop/capas...emulator-5554
2018-09-21 16:11:10 INFO  MyLogger:63 - found ready device emulator-5554
2018-09-21 16:11:10 WARN  MyLogger:76 - PORT.......4723
2018-09-21 16:11:10 INFO  MyLogger:30 - Execution Server was WINDOWS
2018-09-21 16:11:10 INFO  MyLogger:288 - checking port 4723 is free.
2018-09-21 16:11:10 INFO  MyLogger:197 - PORT ... 4723 is free
2018-09-21 16:11:10 INFO  MyLogger:207 - starting appium server at port 4723 with following url http://127.0.0.1:4723/wd/hub for device emulator-5554
2018-09-21 16:11:11 INFO  MyLogger:215 - creating driver for emulator-5554
2018-09-21 16:11:11 INFO  MyLogger:30 - Execution Server was WINDOWS
2018-09-21 16:11:11 INFO  MyLogger:91 - executing command... C:\Users\Lenovo\AppData\Local\Android\Sdk\platform-tools\adb -s emulator-5554 shell getprop ro.build.version.release
2018-09-21 16:11:11 INFO  MyLogger:106 - server output 7.1.1

2018-09-21 16:11:11 INFO  MyLogger:99 - getting device capabilities for emulator-5554
2018-09-21 16:11:11 INFO  MyLogger:102 - got device capabilities for emulator-5554
2018-09-21 16:11:12 ERROR MyLogger:233 - Driver creation failled for emulator-5554 on port4723[Ljava.lang.StackTraceElement;@452e26d0 Message. java.net.SocketException: Connection reset
Build info: version: &apos;3.4.0&apos;, revision: &apos;unknown&apos;, time: &apos;unknown&apos;
System info: host: &apos;LAPTOP-RN5VIIS5&apos;, ip: &apos;192.168.142.1&apos;, os.name: &apos;Windows 10&apos;, os.arch: &apos;amd64&apos;, os.version: &apos;10.0&apos;, java.version: &apos;1.8.0_172&apos;
Driver info: driver.version: AndroidDriver Cause: java.net.SocketException: Connection reset
2018-09-21 16:11:12 INFO  MyLogger:79 - starting test of   com.android.calculator2 on emulator-5554  plattform version 7.1.1 com.android.calculator2.Calculator
2018-09-21 16:11:12 INFO  MyLogger:30 - Execution Server was WINDOWS
2018-09-21 16:11:12 INFO  MyLogger:91 - executing command...  C:\Users\Lenovo\AppData\Local\Android\Sdk\platform-tools\adb -s emulator-5554 shell am start -n com.android.calculator2/com.android.calculator2
2018-09-21 16:11:13 INFO  MyLogger:106 - server output Starting: Intent { cmp=com.android.calculator2/com.android.calculator2 }

2018-09-21 16:11:13 INFO  MyLogger:243 - started App com.android.calculator2 on emulator-5554
2018-09-21 16:11:13 DEBUG MyLogger:85 - opening com.android.calculator2 on emulator-5554
2018-09-21 16:11:13 INFO  MyLogger:30 - Execution Server was WINDOWS
2018-09-21 16:11:13 INFO  MyLogger:91 - executing command...  C:\Users\Lenovo\AppData\Local\Android\Sdk\platform-tools\adb -s emulator-5554 shell dumpsys window windows | grep mCurrentFocus
2018-09-21 16:11:13 INFO  MyLogger:106 - server output   mCurrentFocus=Window{b06c559 u0 com.google.android.apps.nexuslauncher/com.google.android.apps.nexuslauncher.NexusLauncherActivity}

</system-out>
    <system-err>org.openqa.selenium.WebDriverException: java.net.SocketException: Connection reset
Build info: version: &apos;3.4.0&apos;, revision: &apos;unknown&apos;, time: &apos;unknown&apos;
System info: host: &apos;LAPTOP-RN5VIIS5&apos;, ip: &apos;192.168.142.1&apos;, os.name: &apos;Windows 10&apos;, os.arch: &apos;amd64&apos;, os.version: &apos;10.0&apos;, java.version: &apos;1.8.0_172&apos;
Driver info: driver.version: AndroidDriver
	at io.appium.java_client.remote.AppiumCommandExecutor.execute(AppiumCommandExecutor.java:84)
	at org.openqa.selenium.remote.RemoteWebDriver.execute(RemoteWebDriver.java:637)
	at io.appium.java_client.DefaultGenericMobileDriver.execute(DefaultGenericMobileDriver.java:40)
	at io.appium.java_client.AppiumDriver.execute(AppiumDriver.java:1)
	at io.appium.java_client.android.AndroidDriver.execute(AndroidDriver.java:1)
	at org.openqa.selenium.remote.RemoteWebDriver.startSession(RemoteWebDriver.java:250)
	at org.openqa.selenium.remote.RemoteWebDriver.startSession(RemoteWebDriver.java:236)
	at org.openqa.selenium.remote.RemoteWebDriver.&lt;init&gt;(RemoteWebDriver.java:137)
	at io.appium.java_client.DefaultGenericMobileDriver.&lt;init&gt;(DefaultGenericMobileDriver.java:36)
	at io.appium.java_client.AppiumDriver.&lt;init&gt;(AppiumDriver.java:114)
	at io.appium.java_client.AppiumDriver.&lt;init&gt;(AppiumDriver.java:132)
	at io.appium.java_client.android.AndroidDriver.&lt;init&gt;(AndroidDriver.java:92)
	at core.manager.DriverManager.createAndroidDriver(DriverManager.java:217)
	at api.apps.myCalculator.steps.CalculatorSteps.i_start_the_calculator(CalculatorSteps.java:77)
	at sun.reflect.NativeMethodAccessorImpl.invoke0(Native Method)
	at sun.reflect.NativeMethodAccessorImpl.invoke(NativeMethodAccessorImpl.java:62)
	at sun.reflect.DelegatingMethodAccessorImpl.invoke(DelegatingMethodAccessorImpl.java:43)
	at java.lang.reflect.Method.invoke(Method.java:498)
	at cucumber.runtime.Utils$1.call(Utils.java:40)
	at cucumber.runtime.Timeout.timeout(Timeout.java:16)
	at cucumber.runtime.Utils.invoke(Utils.java:34)
	at cucumber.runtime.java.JavaStepDefinition.execute(JavaStepDefinition.java:38)
	at cucumber.runtime.StepDefinitionMatch.runStep(StepDefinitionMatch.java:37)
	at cucumber.runtime.Runtime.runStep(Runtime.java:300)
	at cucumber.runtime.model.StepContainer.runStep(StepContainer.java:44)
	at cucumber.runtime.model.StepContainer.runSteps(StepContainer.java:39)
	at cucumber.runtime.model.CucumberScenario.run(CucumberScenario.java:44)
	at cucumber.runtime.junit.ExecutionUnitRunner.run(ExecutionUnitRunner.java:102)
	at org.junit.runners.Suite.runChild(Suite.java:128)
	at org.junit.runners.Suite.runChild(Suite.java:27)
	at org.junit.runners.ParentRunner$3.run(ParentRunner.java:290)
	at org.junit.runners.ParentRunner$1.schedule(ParentRunner.java:71)
	at org.junit.runners.ParentRunner.runChildren(ParentRunner.java:288)
	at org.junit.runners.ParentRunner.access$000(ParentRunner.java:58)
	at org.junit.runners.ParentRunner$2.evaluate(ParentRunner.java:268)
	at org.junit.runners.ParentRunner.run(ParentRunner.java:363)
	at cucumber.runtime.junit.ExamplesRunner.run(ExamplesRunner.java:59)
	at org.junit.runners.Suite.runChild(Suite.java:128)
	at org.junit.runners.Suite.runChild(Suite.java:27)
	at org.junit.runners.ParentRunner$3.run(ParentRunner.java:290)
	at org.junit.runners.ParentRunner$1.schedule(ParentRunner.java:71)
	at org.junit.runners.ParentRunner.runChildren(ParentRunner.java:288)
	at org.junit.runners.ParentRunner.access$000(ParentRunner.java:58)
	at org.junit.runners.ParentRunner$2.evaluate(ParentRunner.java:268)
	at org.junit.runners.ParentRunner.run(ParentRunner.java:363)
	at cucumber.runtime.junit.ScenarioOutlineRunner.run(ScenarioOutlineRunner.java:53)
	at cucumber.runtime.junit.FeatureRunner.runChild(FeatureRunner.java:63)
	at cucumber.runtime.junit.FeatureRunner.runChild(FeatureRunner.java:18)
	at org.junit.runners.ParentRunner$3.run(ParentRunner.java:290)
	at org.junit.runners.ParentRunner$1.schedule(ParentRunner.java:71)
	at org.junit.runners.ParentRunner.runChildren(ParentRunner.java:288)
	at org.junit.runners.ParentRunner.access$000(ParentRunner.java:58)
	at org.junit.runners.ParentRunner$2.evaluate(ParentRunner.java:268)
	at org.junit.runners.ParentRunner.run(ParentRunner.java:363)
	at cucumber.runtime.junit.FeatureRunner.run(FeatureRunner.java:70)
	at cucumber.api.junit.Cucumber.runChild(Cucumber.java:95)
	at cucumber.api.junit.Cucumber.runChild(Cucumber.java:38)
	at org.junit.runners.ParentRunner$3.run(ParentRunner.java:290)
	at org.junit.runners.ParentRunner$1.schedule(ParentRunner.java:71)
	at org.junit.runners.ParentRunner.runChildren(ParentRunner.java:288)
	at org.junit.runners.ParentRunner.access$000(ParentRunner.java:58)
	at org.junit.runners.ParentRunner$2.evaluate(ParentRunner.java:268)
	at org.junit.runners.ParentRunner.run(ParentRunner.java:363)
	at cucumber.api.junit.Cucumber.run(Cucumber.java:100)
	at org.apache.maven.surefire.junit4.JUnit4Provider.execute(JUnit4Provider.java:252)
	at org.apache.maven.surefire.junit4.JUnit4Provider.executeTestSet(JUnit4Provider.java:141)
	at org.apache.maven.surefire.junit4.JUnit4Provider.invoke(JUnit4Provider.java:112)
	at sun.reflect.NativeMethodAccessorImpl.invoke0(Native Method)
	at sun.reflect.NativeMethodAccessorImpl.invoke(NativeMethodAccessorImpl.java:62)
	at sun.reflect.DelegatingMethodAccessorImpl.invoke(DelegatingMethodAccessorImpl.java:43)
	at java.lang.reflect.Method.invoke(Method.java:498)
	at org.apache.maven.surefire.util.ReflectionUtils.invokeMethodWithArray(ReflectionUtils.java:189)
	at org.apache.maven.surefire.booter.ProviderFactory$ProviderProxy.invoke(ProviderFactory.java:165)
	at org.apache.maven.surefire.booter.ProviderFactory.invokeProvider(ProviderFactory.java:85)
	at org.apache.maven.surefire.booter.ForkedBooter.runSuitesInProcess(ForkedBooter.java:115)
	at org.apache.maven.surefire.booter.ForkedBooter.main(ForkedBooter.java:75)
Caused by: java.net.SocketException: Connection reset
	at java.net.SocketInputStream.read(SocketInputStream.java:210)
	at java.net.SocketInputStream.read(SocketInputStream.java:141)
	at org.apache.http.impl.io.SessionInputBufferImpl.streamRead(SessionInputBufferImpl.java:137)
	at org.apache.http.impl.io.SessionInputBufferImpl.fillBuffer(SessionInputBufferImpl.java:153)
	at org.apache.http.impl.io.SessionInputBufferImpl.readLine(SessionInputBufferImpl.java:282)
	at org.apache.http.impl.conn.DefaultHttpResponseParser.parseHead(DefaultHttpResponseParser.java:138)
	at org.apache.http.impl.conn.DefaultHttpResponseParser.parseHead(DefaultHttpResponseParser.java:56)
	at org.apache.http.impl.io.AbstractMessageParser.parse(AbstractMessageParser.java:259)
	at org.apache.http.impl.DefaultBHttpClientConnection.receiveResponseHeader(DefaultBHttpClientConnection.java:163)
	at org.apache.http.impl.conn.CPoolProxy.receiveResponseHeader(CPoolProxy.java:165)
	at org.apache.http.protocol.HttpRequestExecutor.doReceiveResponse(HttpRequestExecutor.java:273)
	at org.apache.http.protocol.HttpRequestExecutor.execute(HttpRequestExecutor.java:125)
	at org.apache.http.impl.execchain.MainClientExec.execute(MainClientExec.java:272)
	at org.apache.http.impl.execchain.ProtocolExec.execute(ProtocolExec.java:185)
	at org.apache.http.impl.execchain.RetryExec.execute(RetryExec.java:89)
	at org.apache.http.impl.execchain.RedirectExec.execute(RedirectExec.java:111)
	at org.apache.http.impl.client.InternalHttpClient.doExecute(InternalHttpClient.java:185)
	at org.apache.http.impl.client.CloseableHttpClient.execute(CloseableHttpClient.java:72)
	at org.apache.http.impl.client.CloseableHttpClient.execute(CloseableHttpClient.java:56)
	at org.openqa.selenium.remote.internal.ApacheHttpClient.fallBackExecute(ApacheHttpClient.java:139)
	at org.openqa.selenium.remote.internal.ApacheHttpClient.execute(ApacheHttpClient.java:87)
	at org.openqa.selenium.remote.ProtocolHandshake.createSession(ProtocolHandshake.java:343)
	at org.openqa.selenium.remote.ProtocolHandshake.createSession(ProtocolHandshake.java:159)
	at org.openqa.selenium.remote.HttpCommandExecutor.execute(HttpCommandExecutor.java:142)
	at io.appium.java_client.remote.AppiumCommandExecutor.execute(AppiumCommandExecutor.java:69)
	... 75 more
</system-err>
  </testcase>
  <testcase classname="| 3 | 3 | op_sub |" name="| 3 | 3 | op_sub |" time="0">
    <failure message="the app could not be started" type="java.lang.AssertionError">java.lang.AssertionError: the app could not be started
	at org.junit.Assert.fail(Assert.java:88)
	at org.junit.Assert.assertTrue(Assert.java:41)
	at api.apps.myCalculator.steps.CalculatorSteps.i_start_the_calculator(CalculatorSteps.java:88)
	at ✽.Given I start the calculator(calculator.feature:25)
</failure>
  </testcase>
  <testcase classname="| 3 | 3 | op_sub |" name="When I click the first 3" time="0">
    <skipped/>
  </testcase>
  <testcase classname="| 3 | 3 | op_sub |" name="Then I click an operator op_sub" time="0">
    <skipped/>
  </testcase>
  <testcase classname="| 3 | 3 | op_sub |" name="And I click the second 3" time="0">
    <skipped/>
  </testcase>
  <testcase classname="| 3 | 3 | op_sub |" name="And I click equal" time="0">
    <skipped/>
  </testcase>
  <testcase classname="| 3 | 3 | op_sub |" name="| 3 | 3 | op_sub |" time="0.01">
    <error message="Session ID is null. Using WebDriver after calling quit()?
Build info: version: &apos;3.4.0&apos;, revision: &apos;unknown&apos;, time: &apos;unknown&apos;
System info: host: &apos;LAPTOP-RN5VIIS5&apos;, ip: &apos;192.168.142.1&apos;, os.name: &apos;Windows 10&apos;, os.arch: &apos;amd64&apos;, os.version: &apos;10.0&apos;, java.version: &apos;1.8.0_172&apos;
Driver info: driver.version: AppiumDriver" type="org.openqa.selenium.NoSuchSessionException">org.openqa.selenium.NoSuchSessionException: Session ID is null. Using WebDriver after calling quit()?
Build info: version: &apos;3.4.0&apos;, revision: &apos;unknown&apos;, time: &apos;unknown&apos;
System info: host: &apos;LAPTOP-RN5VIIS5&apos;, ip: &apos;192.168.142.1&apos;, os.name: &apos;Windows 10&apos;, os.arch: &apos;amd64&apos;, os.version: &apos;10.0&apos;, java.version: &apos;1.8.0_172&apos;
Driver info: driver.version: AppiumDriver
	at org.openqa.selenium.remote.HttpCommandExecutor.execute(HttpCommandExecutor.java:131)
	at io.appium.java_client.remote.AppiumCommandExecutor.execute(AppiumCommandExecutor.java:69)
	at org.openqa.selenium.remote.RemoteWebDriver.execute(RemoteWebDriver.java:637)
	at io.appium.java_client.DefaultGenericMobileDriver.execute(DefaultGenericMobileDriver.java:40)
	at io.appium.java_client.AppiumDriver.execute(AppiumDriver.java:235)
	at io.appium.java_client.AppiumDriver.closeApp(AppiumDriver.java:283)
	at core.manager.DriverManager.killDriver(DriverManager.java:265)
	at api.apps.myCalculator.steps.CalculatorSteps.finishTest(CalculatorSteps.java:167)
	at sun.reflect.NativeMethodAccessorImpl.invoke0(Native Method)
	at sun.reflect.NativeMethodAccessorImpl.invoke(NativeMethodAccessorImpl.java:62)
	at sun.reflect.DelegatingMethodAccessorImpl.invoke(DelegatingMethodAccessorImpl.java:43)
	at java.lang.reflect.Method.invoke(Method.java:498)
	at cucumber.runtime.Utils$1.call(Utils.java:40)
	at cucumber.runtime.Timeout.timeout(Timeout.java:16)
	at cucumber.runtime.Utils.invoke(Utils.java:34)
	at cucumber.runtime.java.JavaHookDefinition.execute(JavaHookDefinition.java:60)
	at cucumber.runtime.Runtime.runHookIfTagsMatch(Runtime.java:224)
	at cucumber.runtime.Runtime.runHooks(Runtime.java:212)
	at cucumber.runtime.Runtime.runAfterHooks(Runtime.java:206)
	at cucumber.runtime.model.CucumberScenario.run(CucumberScenario.java:46)
	at cucumber.runtime.junit.ExecutionUnitRunner.run(ExecutionUnitRunner.java:102)
	at org.junit.runners.Suite.runChild(Suite.java:128)
	at org.junit.runners.Suite.runChild(Suite.java:27)
	at org.junit.runners.ParentRunner$3.run(ParentRunner.java:290)
	at org.junit.runners.ParentRunner$1.schedule(ParentRunner.java:71)
	at org.junit.runners.ParentRunner.runChildren(ParentRunner.java:288)
	at org.junit.runners.ParentRunner.access$000(ParentRunner.java:58)
	at org.junit.runners.ParentRunner$2.evaluate(ParentRunner.java:268)
	at org.junit.runners.ParentRunner.run(ParentRunner.java:363)
	at cucumber.runtime.junit.ExamplesRunner.run(ExamplesRunner.java:59)
	at org.junit.runners.Suite.runChild(Suite.java:128)
	at org.junit.runners.Suite.runChild(Suite.java:27)
	at org.junit.runners.ParentRunner$3.run(ParentRunner.java:290)
	at org.junit.runners.ParentRunner$1.schedule(ParentRunner.java:71)
	at org.junit.runners.ParentRunner.runChildren(ParentRunner.java:288)
	at org.junit.runners.ParentRunner.access$000(ParentRunner.java:58)
	at org.junit.runners.ParentRunner$2.evaluate(ParentRunner.java:268)
	at org.junit.runners.ParentRunner.run(ParentRunner.java:363)
	at cucumber.runtime.junit.ScenarioOutlineRunner.run(ScenarioOutlineRunner.java:53)
	at cucumber.runtime.junit.FeatureRunner.runChild(FeatureRunner.java:63)
	at cucumber.runtime.junit.FeatureRunner.runChild(FeatureRunner.java:18)
	at org.junit.runners.ParentRunner$3.run(ParentRunner.java:290)
	at org.junit.runners.ParentRunner$1.schedule(ParentRunner.java:71)
	at org.junit.runners.ParentRunner.runChildren(ParentRunner.java:288)
	at org.junit.runners.ParentRunner.access$000(ParentRunner.java:58)
	at org.junit.runners.ParentRunner$2.evaluate(ParentRunner.java:268)
	at org.junit.runners.ParentRunner.run(ParentRunner.java:363)
	at cucumber.runtime.junit.FeatureRunner.run(FeatureRunner.java:70)
	at cucumber.api.junit.Cucumber.runChild(Cucumber.java:95)
	at cucumber.api.junit.Cucumber.runChild(Cucumber.java:38)
	at org.junit.runners.ParentRunner$3.run(ParentRunner.java:290)
	at org.junit.runners.ParentRunner$1.schedule(ParentRunner.java:71)
	at org.junit.runners.ParentRunner.runChildren(ParentRunner.java:288)
	at org.junit.runners.ParentRunner.access$000(ParentRunner.java:58)
	at org.junit.runners.ParentRunner$2.evaluate(ParentRunner.java:268)
	at org.junit.runners.ParentRunner.run(ParentRunner.java:363)
	at cucumber.api.junit.Cucumber.run(Cucumber.java:100)
	at org.apache.maven.surefire.junit4.JUnit4Provider.execute(JUnit4Provider.java:252)
	at org.apache.maven.surefire.junit4.JUnit4Provider.executeTestSet(JUnit4Provider.java:141)
	at org.apache.maven.surefire.junit4.JUnit4Provider.invoke(JUnit4Provider.java:112)
	at sun.reflect.NativeMethodAccessorImpl.invoke0(Native Method)
	at sun.reflect.NativeMethodAccessorImpl.invoke(NativeMethodAccessorImpl.java:62)
	at sun.reflect.DelegatingMethodAccessorImpl.invoke(DelegatingMethodAccessorImpl.java:43)
	at java.lang.reflect.Method.invoke(Method.java:498)
	at org.apache.maven.surefire.util.ReflectionUtils.invokeMethodWithArray(ReflectionUtils.java:189)
	at org.apache.maven.surefire.booter.ProviderFactory$ProviderProxy.invoke(ProviderFactory.java:165)
	at org.apache.maven.surefire.booter.ProviderFactory.invokeProvider(ProviderFactory.java:85)
	at org.apache.maven.surefire.booter.ForkedBooter.runSuitesInProcess(ForkedBooter.java:115)
	at org.apache.maven.surefire.booter.ForkedBooter.main(ForkedBooter.java:75)
</error>
    <system-out>2018-09-21 16:11:13 INFO  MyLogger:131 - updating device prop/capas...emulator-5554
</system-out>
  </testcase>
  <testcase classname="| 3 | 3 | op_div |" name="Given I start the calculator" time="0"/>
  <testcase classname="| 3 | 3 | op_div |" name="When I click the first 3" time="0"/>
  <testcase classname="| 3 | 3 | op_div |" name="Then I click an operator op_div" time="0"/>
  <testcase classname="| 3 | 3 | op_div |" name="And I click the second 3" time="0.003"/>
  <testcase classname="| 3 | 3 | op_div |" name="And I click equal" time="0.004"/>
  <testcase classname="| 3 | 3 | op_div |" name="| 3 | 3 | op_div |" time="3.202"/>
</testsuite>